#
# There is insufficient memory for the Java Runtime Environment to continue.
# Native memory allocation (malloc) failed to allocate 1112688 bytes. Error detail: Chunk::new
# Possible reasons:
#   The system is out of physical RAM or swap space
#   This process is running with CompressedOops enabled, and the Java Heap may be blocking the growth of the native heap
# Possible solutions:
#   Reduce memory load on the system
#   Increase physical memory or swap space
#   Check if swap backing store is full
#   Decrease Java heap size (-Xmx/-Xms)
#   Decrease number of Java threads
#   Decrease Java thread stack sizes (-Xss)
#   Set larger code cache with -XX:ReservedCodeCacheSize=
#   JVM is running with Unscaled Compressed Oops mode in which the Java heap is
#     placed in the first 4GB address space. The Java Heap base address is the
#     maximum limit for the native heap growth. Please use -XX:HeapBaseMinAddress
#     to set the Java Heap base and to place the Java Heap above 4GB virtual address.
# This output file may be truncated or incomplete.
#
#  Out of Memory Error (arena.cpp:168), pid=20824, tid=20076
#
# JRE version: OpenJDK Runtime Environment Temurin-21.0.10+7 (21.0.10+7) (build 21.0.10+7-LTS)
# Java VM: OpenJDK 64-Bit Server VM Temurin-21.0.10+7 (21.0.10+7-LTS, mixed mode, sharing, tiered, compressed oops, compressed class ptrs, parallel gc, windows-amd64)
# No core dump will be written. Minidumps are not enabled by default on client versions of Windows
#

---------------  S U M M A R Y ------------

Command Line: --add-modules=ALL-SYSTEM --add-opens=java.base/java.util=ALL-UNNAMED --add-opens=java.base/java.lang=ALL-UNNAMED --add-opens=java.base/sun.nio.fs=ALL-UNNAMED -Declipse.application=org.eclipse.jdt.ls.core.id1 -Dosgi.bundles.defaultStartLevel=4 -Declipse.product=org.eclipse.jdt.ls.core.product -Djava.import.generatesMetadataFilesAtProjectRoot=false -DDetectVMInstallationsJob.disabled=true -Dfile.encoding=utf8 -XX:+UseParallelGC -XX:GCTimeRatio=4 -XX:AdaptiveSizePolicyWeight=90 -Dsun.zip.disableMemoryMapping=true -Xmx2G -Xms100m -Xlog:disable -javaagent:c:\Users\User\.vscode\extensions\redhat.java-1.53.0-win32-x64\lombok\lombok-1.18.39-4050.jar -XX:+HeapDumpOnOutOfMemoryError -XX:HeapDumpPath=c:\Users\User\AppData\Roaming\Code\User\workspaceStorage\721c127d9553d8ccbc39c3a046885f2b\redhat.java -Daether.dependencyCollector.impl=bf c:\Users\User\.vscode\extensions\redhat.java-1.53.0-win32-x64\server\plugins\org.eclipse.equinox.launcher_1.7.100.v20251111-0406.jar -configuration c:\Users\User\AppData\Roaming\Code\User\globalStorage\redhat.java\1.53.0\config_win -data c:\Users\User\AppData\Roaming\Code\User\workspaceStorage\721c127d9553d8ccbc39c3a046885f2b\redhat.java\jdt_ws --pipe=\\.\pipe\lsp-fa8ba7572f9055f128f45a5159eaadd5-sock

Host: 13th Gen Intel(R) Core(TM) i5-13420H, 12 cores, 15G,  Windows 11 , 64 bit Build 26100 (10.0.26100.7920)
Time: Mon Mar 30 12:19:14 2026 Sri Lanka Standard Time elapsed time: 81.928495 seconds (0d 0h 1m 21s)

---------------  T H R E A D  ---------------

Current thread (0x00000179fa6732d0):  JavaThread "C2 CompilerThread0" daemon [_thread_in_native, id=20076, stack(0x000000016fd00000,0x000000016fe00000) (1024K)]


Current CompileTask:
C2:81928 6828       4       sun.security.ec.ECOperations::setDouble (463 bytes)

Stack: [0x000000016fd00000,0x000000016fe00000]
Native frames: (J=compiled Java code, j=interpreted, Vv=VM code, C=native code)
V  [jvm.dll+0x6d7a39]
V  [jvm.dll+0x8b4b26]
V  [jvm.dll+0x8b70de]
V  [jvm.dll+0x8b77c3]
V  [jvm.dll+0x284346]
V  [jvm.dll+0xc66ed]
V  [jvm.dll+0xc6c31]
V  [jvm.dll+0x3bec3b]
V  [jvm.dll+0x1e3f69]
V  [jvm.dll+0x24c6b3]
V  [jvm.dll+0x24bb40]
V  [jvm.dll+0x1cb34e]
V  [jvm.dll+0x25b85d]
V  [jvm.dll+0x259dea]
V  [jvm.dll+0x3f857e]
V  [jvm.dll+0x85f59d]
V  [jvm.dll+0x6d626d]
C  [ucrtbase.dll+0x37b0]
C  [KERNEL32.DLL+0x2e8d7]
C  [ntdll.dll+0x8c48c]


---------------  P R O C E S S  ---------------

Threads class SMR info:
_java_thread_list=0x000001798339cae0, length=44, elements={
0x00000179a0c6cc30, 0x00000179fa6604a0, 0x00000179fa6613c0, 0x00000179fa665d50,
0x00000179fa666c10, 0x00000179fa66b5c0, 0x00000179fa66edf0, 0x00000179fa6732d0,
0x00000179fa67b290, 0x00000179fa898a70, 0x00000179fa898370, 0x000001798003a110,
0x00000179ff66edb0, 0x00000179fa802fa0, 0x00000179ff601650, 0x0000017980771870,
0x00000179ff0da210, 0x00000179802cd600, 0x00000179fa950ec0, 0x00000179fa952270,
0x00000179fa953cb0, 0x00000179fa953620, 0x00000179fa951be0, 0x0000017980fb07c0,
0x0000017980fafaa0, 0x0000017980faf410, 0x0000017980fb0e50, 0x0000017980fb0130,
0x0000017980fae060, 0x0000017980faed80, 0x0000017980fb14e0, 0x0000017980fb1b70,
0x0000017980fae6f0, 0x0000017980fb5680, 0x0000017980fb2200, 0x0000017980fb2890,
0x0000017980fb3c40, 0x0000017980fb4ff0, 0x0000017980fb2f20, 0x0000017980fb4960,
0x0000017983b85df0, 0x00000179801fcbf0, 0x0000017982317290, 0x0000017983b843b0
}

Java Threads: ( => current thread )
  0x00000179a0c6cc30 JavaThread "main"                              [_thread_blocked, id=20988, stack(0x000000016f300000,0x000000016f400000) (1024K)]
  0x00000179fa6604a0 JavaThread "Reference Handler"          daemon [_thread_blocked, id=19624, stack(0x000000016f700000,0x000000016f800000) (1024K)]
  0x00000179fa6613c0 JavaThread "Finalizer"                  daemon [_thread_blocked, id=14156, stack(0x000000016f800000,0x000000016f900000) (1024K)]
  0x00000179fa665d50 JavaThread "Signal Dispatcher"          daemon [_thread_blocked, id=19348, stack(0x000000016f900000,0x000000016fa00000) (1024K)]
  0x00000179fa666c10 JavaThread "Attach Listener"            daemon [_thread_blocked, id=17676, stack(0x000000016fa00000,0x000000016fb00000) (1024K)]
  0x00000179fa66b5c0 JavaThread "Service Thread"             daemon [_thread_blocked, id=21740, stack(0x000000016fb00000,0x000000016fc00000) (1024K)]
  0x00000179fa66edf0 JavaThread "Monitor Deflation Thread"   daemon [_thread_blocked, id=22084, stack(0x000000016fc00000,0x000000016fd00000) (1024K)]
=>0x00000179fa6732d0 JavaThread "C2 CompilerThread0"         daemon [_thread_in_native, id=20076, stack(0x000000016fd00000,0x000000016fe00000) (1024K)]
  0x00000179fa67b290 JavaThread "C1 CompilerThread0"         daemon [_thread_in_native, id=12488, stack(0x000000016fe00000,0x000000016ff00000) (1024K)]
  0x00000179fa898a70 JavaThread "Common-Cleaner"             daemon [_thread_blocked, id=7368, stack(0x0000000170000000,0x0000000170100000) (1024K)]
  0x00000179fa898370 JavaThread "Notification Thread"        daemon [_thread_blocked, id=14436, stack(0x0000000170100000,0x0000000170200000) (1024K)]
  0x000001798003a110 JavaThread "Active Thread: Equinox Container: 37ee53c3-11fe-4cac-94a2-452e2769ec2f"        [_thread_blocked, id=20096, stack(0x0000000170900000,0x0000000170a00000) (1024K)]
  0x00000179ff66edb0 JavaThread "Refresh Thread: Equinox Container: 37ee53c3-11fe-4cac-94a2-452e2769ec2f" daemon [_thread_blocked, id=18604, stack(0x000000016ff00000,0x0000000170000000) (1024K)]
  0x00000179fa802fa0 JavaThread "Framework Event Dispatcher: Equinox Container: 37ee53c3-11fe-4cac-94a2-452e2769ec2f" daemon [_thread_blocked, id=19060, stack(0x0000000170a00000,0x0000000170b00000) (1024K)]
  0x00000179ff601650 JavaThread "Start Level: Equinox Container: 37ee53c3-11fe-4cac-94a2-452e2769ec2f" daemon [_thread_blocked, id=16412, stack(0x0000000170b00000,0x0000000170c00000) (1024K)]
  0x0000017980771870 JavaThread "Bundle File Closer"         daemon [_thread_blocked, id=12540, stack(0x0000000170d00000,0x0000000170e00000) (1024K)]
  0x00000179ff0da210 JavaThread "SCR Component Actor"        daemon [_thread_blocked, id=21104, stack(0x000000016f000000,0x000000016f100000) (1024K)]
  0x00000179802cd600 JavaThread "Worker-JM"                         [_thread_blocked, id=2724, stack(0x000000016f200000,0x000000016f300000) (1024K)]
  0x00000179fa950ec0 JavaThread "JNA Cleaner"                daemon [_thread_blocked, id=23460, stack(0x0000000170f00000,0x0000000171000000) (1024K)]
  0x00000179fa952270 JavaThread "Worker-0: Loading available Gradle versions"        [_thread_in_native, id=16292, stack(0x0000000171000000,0x0000000171100000) (1024K)]
  0x00000179fa953cb0 JavaThread "Worker-1"                          [_thread_blocked, id=11172, stack(0x0000000171100000,0x0000000171200000) (1024K)]
  0x00000179fa953620 JavaThread "Worker-2: Initialize After Load"        [_thread_in_Java, id=23788, stack(0x0000000171300000,0x0000000171400000) (1024K)]
  0x00000179fa951be0 JavaThread "Java indexing"              daemon [_thread_blocked, id=10596, stack(0x0000000171500000,0x0000000171600000) (1024K)]
  0x0000017980fb07c0 JavaThread "Worker-3"                          [_thread_blocked, id=14032, stack(0x0000000171800000,0x0000000171900000) (1024K)]
  0x0000017980fafaa0 JavaThread "Worker-4"                          [_thread_blocked, id=14556, stack(0x0000000171900000,0x0000000171a00000) (1024K)]
  0x0000017980faf410 JavaThread "Thread-1"                   daemon [_thread_in_native, id=19376, stack(0x0000000171a00000,0x0000000171b00000) (1024K)]
  0x0000017980fb0e50 JavaThread "Thread-2"                   daemon [_thread_in_native, id=12632, stack(0x0000000171b00000,0x0000000171c00000) (1024K)]
  0x0000017980fb0130 JavaThread "Thread-3"                   daemon [_thread_in_native, id=3268, stack(0x0000000171c00000,0x0000000171d00000) (1024K)]
  0x0000017980fae060 JavaThread "Thread-4"                   daemon [_thread_in_native, id=3076, stack(0x0000000171d00000,0x0000000171e00000) (1024K)]
  0x0000017980faed80 JavaThread "Thread-5"                   daemon [_thread_in_native, id=7408, stack(0x0000000171e00000,0x0000000171f00000) (1024K)]
  0x0000017980fb14e0 JavaThread "Thread-6"                   daemon [_thread_in_native, id=22928, stack(0x0000000171f00000,0x0000000172000000) (1024K)]
  0x0000017980fb1b70 JavaThread "Thread-7"                   daemon [_thread_in_native, id=23760, stack(0x0000000172000000,0x0000000172100000) (1024K)]
  0x0000017980fae6f0 JavaThread "Thread-8"                   daemon [_thread_in_native, id=10648, stack(0x0000000172100000,0x0000000172200000) (1024K)]
  0x0000017980fb5680 JavaThread "Thread-9"                   daemon [_thread_in_native, id=14892, stack(0x0000000172200000,0x0000000172300000) (1024K)]
  0x0000017980fb2200 JavaThread "Thread-10"                  daemon [_thread_in_native, id=16804, stack(0x0000000172300000,0x0000000172400000) (1024K)]
  0x0000017980fb2890 JavaThread "Thread-11"                  daemon [_thread_in_native, id=14972, stack(0x0000000172400000,0x0000000172500000) (1024K)]
  0x0000017980fb3c40 JavaThread "Thread-12"                  daemon [_thread_in_native, id=11240, stack(0x0000000172500000,0x0000000172600000) (1024K)]
  0x0000017980fb4ff0 JavaThread "Thread-13"                  daemon [_thread_in_native, id=19340, stack(0x0000000172600000,0x0000000172700000) (1024K)]
  0x0000017980fb2f20 JavaThread "pool-2-thread-1"                   [_thread_blocked, id=7088, stack(0x0000000172800000,0x0000000172900000) (1024K)]
  0x0000017980fb4960 JavaThread "WorkspaceEventsHandler"            [_thread_blocked, id=13388, stack(0x0000000172900000,0x0000000172a00000) (1024K)]
  0x0000017983b85df0 JavaThread "pool-1-thread-1"                   [_thread_blocked, id=21736, stack(0x0000000172a00000,0x0000000172b00000) (1024K)]
  0x00000179801fcbf0 JavaThread "C2 CompilerThread1"         daemon [_thread_blocked, id=23456, stack(0x0000000171200000,0x0000000171300000) (1024K)]
  0x0000017982317290 JavaThread "C2 CompilerThread2"         daemon [_thread_in_native, id=10396, stack(0x0000000172b00000,0x0000000172c00000) (1024K)]
  0x0000017983b843b0 JavaThread "Keep-Alive-Timer"           daemon [_thread_blocked, id=19468, stack(0x0000000172c00000,0x0000000172d00000) (1024K)]
Total: 44

Other Threads:
  0x00000179b77049c0 VMThread "VM Thread"                           [id=13760, stack(0x000000016f600000,0x000000016f700000) (1024K)]
  0x00000179b75fcb30 WatcherThread "VM Periodic Task Thread"        [id=15944, stack(0x000000016f500000,0x000000016f600000) (1024K)]
  0x00000179a0c8ae20 WorkerThread "GC Thread#0"                     [id=4624, stack(0x000000016f400000,0x000000016f500000) (1024K)]
  0x00000179fa9ee900 WorkerThread "GC Thread#1"                     [id=20992, stack(0x0000000170300000,0x0000000170400000) (1024K)]
  0x00000179ff62a060 WorkerThread "GC Thread#2"                     [id=19028, stack(0x0000000170400000,0x0000000170500000) (1024K)]
  0x00000179fa9eecb0 WorkerThread "GC Thread#3"                     [id=14872, stack(0x0000000170500000,0x0000000170600000) (1024K)]
  0x00000179fa9ef060 WorkerThread "GC Thread#4"                     [id=15988, stack(0x0000000170600000,0x0000000170700000) (1024K)]
  0x000001798005ddd0 WorkerThread "GC Thread#5"                     [id=3588, stack(0x0000000170700000,0x0000000170800000) (1024K)]
  0x000001798005e180 WorkerThread "GC Thread#6"                     [id=20548, stack(0x0000000170800000,0x0000000170900000) (1024K)]
  0x00000179ff66f420 WorkerThread "GC Thread#7"                     [id=18524, stack(0x0000000170200000,0x0000000170300000) (1024K)]
  0x0000017980225db0 WorkerThread "GC Thread#8"                     [id=16320, stack(0x000000016f100000,0x000000016f200000) (1024K)]
  0x00000179800e26e0 WorkerThread "GC Thread#9"                     [id=5336, stack(0x0000000170c00000,0x0000000170d00000) (1024K)]
Total: 12

Threads with active compile tasks:
C2 CompilerThread0  81963 6828       4       sun.security.ec.ECOperations::setDouble (463 bytes)
C2 CompilerThread2  81963 7127   !   4       java.util.zip.InflaterInputStream::read (129 bytes)
Total: 2

VM state: not at safepoint (normal execution)

VM Mutex/Monitor currently owned by a thread: None

Heap address: 0x0000000080000000, size: 2048 MB, Compressed Oops mode: 32-bit

CDS archive(s) mapped at: [0x00000179b8000000-0x00000179b8ba0000-0x00000179b8ba0000), size 12189696, SharedBaseAddress: 0x00000179b8000000, ArchiveRelocationMode: 1.
Compressed class space mapped at: 0x00000179b9000000-0x00000179f9000000, reserved size: 1073741824
Narrow klass base: 0x00000179b8000000, Narrow klass shift: 0, Narrow klass range: 0x100000000

GC Precious Log:
 CardTable entry size: 512
 CPUs: 12 total, 12 available
 Memory: 16024M
 Large Page Support: Disabled
 NUMA Support: Disabled
 Compressed Oops: Enabled (32-bit)
 Alignments: Space 512K, Generation 512K, Heap 2M
 Heap Min Capacity: 100M
 Heap Initial Capacity: 100M
 Heap Max Capacity: 2G
 Pre-touch: Disabled
 Parallel Workers: 10

Heap:
 PSYoungGen      total 24064K, used 12379K [0x00000000d5580000, 0x00000000d7080000, 0x0000000100000000)
  eden space 22016K, 47% used [0x00000000d5580000,0x00000000d5fb6e30,0x00000000d6b00000)
  from space 2048K, 93% used [0x00000000d6e80000,0x00000000d7060000,0x00000000d7080000)
  to   space 2048K, 0% used [0x00000000d6c80000,0x00000000d6c80000,0x00000000d6e80000)
 ParOldGen       total 68608K, used 29898K [0x0000000080000000, 0x0000000084300000, 0x00000000d5580000)
  object space 68608K, 43% used [0x0000000080000000,0x0000000081d328a8,0x0000000084300000)
 Metaspace       used 50623K, committed 51904K, reserved 1114112K
  class space    used 5556K, committed 6144K, reserved 1048576K

Card table byte_map: [0x00000179a0630000,0x00000179a0a40000] _byte_map_base: 0x00000179a0230000

Marking Bits: (ParMarkBitMap*) 0x00007ffa08e53450
 Begin Bits: [0x00000179b3120000, 0x00000179b5120000)
 End Bits:   [0x00000179b5120000, 0x00000179b7120000)

Polling page: 0x000001799eb60000

Metaspace:

Usage:
  Non-class:     44.01 MB used.
      Class:      5.43 MB used.
       Both:     49.44 MB used.

Virtual space:
  Non-class space:       64.00 MB reserved,      44.69 MB ( 70%) committed,  1 nodes.
      Class space:        1.00 GB reserved,       6.00 MB ( <1%) committed,  1 nodes.
             Both:        1.06 GB reserved,      50.69 MB (  5%) committed. 

Chunk freelists:
   Non-Class:  3.12 MB
       Class:  9.94 MB
        Both:  13.06 MB

MaxMetaspaceSize: unlimited
CompressedClassSpaceSize: 1.00 GB
Initial GC threshold: 21.00 MB
Current GC threshold: 58.38 MB
CDS: on
 - commit_granule_bytes: 65536.
 - commit_granule_words: 8192.
 - virtual_space_node_default_size: 8388608.
 - enlarge_chunks_in_place: 1.
 - use_allocation_guard: 0.


Internal statistics:

num_allocs_failed_limit: 6.
num_arena_births: 986.
num_arena_deaths: 14.
num_vsnodes_births: 2.
num_vsnodes_deaths: 0.
num_space_committed: 811.
num_space_uncommitted: 0.
num_chunks_returned_to_freelist: 20.
num_chunks_taken_from_freelist: 3208.
num_chunk_merges: 12.
num_chunk_splits: 1907.
num_chunks_enlarged: 951.
num_inconsistent_stats: 0.

CodeHeap 'non-profiled nmethods': size=120000Kb used=3900Kb max_used=3900Kb free=116099Kb
 bounds [0x00000179ab940000, 0x00000179abd10000, 0x00000179b2e70000]
CodeHeap 'profiled nmethods': size=120000Kb used=13993Kb max_used=13993Kb free=106006Kb
 bounds [0x00000179a3e70000, 0x00000179a4c20000, 0x00000179ab3a0000]
CodeHeap 'non-nmethods': size=5760Kb used=1407Kb max_used=1435Kb free=4352Kb
 bounds [0x00000179ab3a0000, 0x00000179ab610000, 0x00000179ab940000]
CodeCache: size=245760Kb, used=19300Kb, max_used=19328Kb, free=226457Kb
 total_blobs=7212, nmethods=6505, adapters=613, full_count=0
Compilation: enabled, stopped_count=0, restarted_count=0

Compilation events (20 events):
Event: 81.490 Thread 0x0000017982317290 nmethod 7066 0x00000179abd05510 code [0x00000179abd056c0, 0x00000179abd05ba0]
Event: 81.490 Thread 0x00000179fa67b290 nmethod 7088 0x00000179a4c08810 code [0x00000179a4c08ac0, 0x00000179a4c097d8]
Event: 81.490 Thread 0x0000017982317290 7079       4       com.sun.crypto.provider.AESCrypt::implEncryptBlock (947 bytes)
Event: 81.493 Thread 0x00000179fa67b290 7090       3       com.sun.crypto.provider.CounterMode::implCrypt (88 bytes)
Event: 81.494 Thread 0x00000179fa67b290 nmethod 7090 0x00000179a4c09c10 code [0x00000179a4c09de0, 0x00000179a4c0a1e0]
Event: 81.500 Thread 0x00000179801fcbf0 nmethod 7084% 0x00000179abd05f90 code [0x00000179abd06160, 0x00000179abd06640]
Event: 81.500 Thread 0x00000179801fcbf0 7089       4       com.sun.crypto.provider.GHASH::blockMult (245 bytes)
Event: 81.505 Thread 0x00000179801fcbf0 nmethod 7089 0x00000179abd06890 code [0x00000179abd06a20, 0x00000179abd06f80]
Event: 81.505 Thread 0x00000179801fcbf0 7075       4       jdk.internal.misc.Unsafe::getLongUnaligned (12 bytes)
Event: 81.506 Thread 0x00000179801fcbf0 nmethod 7075 0x00000179abd07110 code [0x00000179abd072a0, 0x00000179abd07358]
Event: 81.507 Thread 0x00000179801fcbf0 7091       4       java.lang.AbstractStringBuilder::appendChars (130 bytes)
Event: 81.508 Thread 0x00000179fa67b290 7093   !   3       java.io.FileInputStream::available (24 bytes)
Event: 81.508 Thread 0x00000179fa67b290 nmethod 7093 0x00000179a4c0a410 code [0x00000179a4c0a5e0, 0x00000179a4c0a7f0]
Event: 81.508 Thread 0x00000179fa67b290 7094       3       com.sun.crypto.provider.GHASH::update (50 bytes)
Event: 81.508 Thread 0x00000179fa67b290 nmethod 7094 0x00000179a4c0a910 code [0x00000179a4c0aae0, 0x00000179a4c0ad48]
Event: 81.509 Thread 0x00000179fa67b290 7096       1       java.nio.ByteBuffer::base (5 bytes)
Event: 81.509 Thread 0x00000179fa67b290 nmethod 7096 0x00000179abd07890 code [0x00000179abd07a20, 0x00000179abd07ae8]
Event: 81.613 Thread 0x00000179fa67b290 7102       3       org.eclipse.jdt.internal.compiler.util.SimpleLookupTable::keyForValue (54 bytes)
Event: 81.925 Thread 0x00000179fa67b290 nmethod 7102 0x00000179a4c0ae90 code [0x00000179a4c0b060, 0x00000179a4c0b478]
Event: 81.925 Thread 0x00000179fa67b290 7103       3       org.eclipse.jdt.internal.core.index.DiskIndex::readHeaderInfo (401 bytes)

GC Heap History (20 events):
Event: 72.490 GC heap before
{Heap before GC invocations=13 (full 1):
 PSYoungGen      total 24064K, used 23648K [0x00000000d5580000, 0x00000000d7200000, 0x0000000100000000)
  eden space 22528K, 100% used [0x00000000d5580000,0x00000000d6b80000,0x00000000d6b80000)
  from space 1536K, 72% used [0x00000000d6c00000,0x00000000d6d18020,0x00000000d6d80000)
  to   space 2560K, 0% used [0x00000000d6f80000,0x00000000d6f80000,0x00000000d7200000)
 ParOldGen       total 68608K, used 17904K [0x0000000080000000, 0x0000000084300000, 0x00000000d5580000)
  object space 68608K, 26% used [0x0000000080000000,0x000000008117c088,0x0000000084300000)
 Metaspace       used 31737K, committed 32832K, reserved 1114112K
  class space    used 3251K, committed 3712K, reserved 1048576K
}
Event: 72.498 GC heap after
{Heap after GC invocations=13 (full 1):
 PSYoungGen      total 24064K, used 1824K [0x00000000d5580000, 0x00000000d7180000, 0x0000000100000000)
  eden space 22016K, 0% used [0x00000000d5580000,0x00000000d5580000,0x00000000d6b00000)
  from space 2048K, 89% used [0x00000000d6f80000,0x00000000d71483c0,0x00000000d7180000)
  to   space 2048K, 0% used [0x00000000d6d80000,0x00000000d6d80000,0x00000000d6f80000)
 ParOldGen       total 68608K, used 18744K [0x0000000080000000, 0x0000000084300000, 0x00000000d5580000)
  object space 68608K, 27% used [0x0000000080000000,0x000000008124e0c8,0x0000000084300000)
 Metaspace       used 31737K, committed 32832K, reserved 1114112K
  class space    used 3251K, committed 3712K, reserved 1048576K
}
Event: 73.810 GC heap before
{Heap before GC invocations=14 (full 1):
 PSYoungGen      total 24064K, used 23840K [0x00000000d5580000, 0x00000000d7180000, 0x0000000100000000)
  eden space 22016K, 100% used [0x00000000d5580000,0x00000000d6b00000,0x00000000d6b00000)
  from space 2048K, 89% used [0x00000000d6f80000,0x00000000d71483c0,0x00000000d7180000)
  to   space 2048K, 0% used [0x00000000d6d80000,0x00000000d6d80000,0x00000000d6f80000)
 ParOldGen       total 68608K, used 18744K [0x0000000080000000, 0x0000000084300000, 0x00000000d5580000)
  object space 68608K, 27% used [0x0000000080000000,0x000000008124e0c8,0x0000000084300000)
 Metaspace       used 34448K, committed 35520K, reserved 1114112K
  class space    used 3542K, committed 3968K, reserved 1048576K
}
Event: 73.821 GC heap after
{Heap after GC invocations=14 (full 1):
 PSYoungGen      total 23552K, used 1336K [0x00000000d5580000, 0x00000000d7000000, 0x0000000100000000)
  eden space 22016K, 0% used [0x00000000d5580000,0x00000000d5580000,0x00000000d6b00000)
  from space 1536K, 86% used [0x00000000d6d80000,0x00000000d6ece0b0,0x00000000d6f00000)
  to   space 1024K, 0% used [0x00000000d6f00000,0x00000000d6f00000,0x00000000d7000000)
 ParOldGen       total 68608K, used 20304K [0x0000000080000000, 0x0000000084300000, 0x00000000d5580000)
  object space 68608K, 29% used [0x0000000080000000,0x00000000813d40c8,0x0000000084300000)
 Metaspace       used 34448K, committed 35520K, reserved 1114112K
  class space    used 3542K, committed 3968K, reserved 1048576K
}
Event: 74.016 GC heap before
{Heap before GC invocations=15 (full 1):
 PSYoungGen      total 23552K, used 4392K [0x00000000d5580000, 0x00000000d7000000, 0x0000000100000000)
  eden space 22016K, 13% used [0x00000000d5580000,0x00000000d587c260,0x00000000d6b00000)
  from space 1536K, 86% used [0x00000000d6d80000,0x00000000d6ece0b0,0x00000000d6f00000)
  to   space 1024K, 0% used [0x00000000d6f00000,0x00000000d6f00000,0x00000000d7000000)
 ParOldGen       total 68608K, used 20304K [0x0000000080000000, 0x0000000084300000, 0x00000000d5580000)
  object space 68608K, 29% used [0x0000000080000000,0x00000000813d40c8,0x0000000084300000)
 Metaspace       used 34777K, committed 35840K, reserved 1114112K
  class space    used 3587K, committed 4032K, reserved 1048576K
}
Event: 74.022 GC heap after
{Heap after GC invocations=15 (full 1):
 PSYoungGen      total 22528K, used 415K [0x00000000d5580000, 0x00000000d6f80000, 0x0000000100000000)
  eden space 22016K, 0% used [0x00000000d5580000,0x00000000d5580000,0x00000000d6b00000)
  from space 512K, 81% used [0x00000000d6f00000,0x00000000d6f67df0,0x00000000d6f80000)
  to   space 1024K, 0% used [0x00000000d6d80000,0x00000000d6d80000,0x00000000d6e80000)
 ParOldGen       total 68608K, used 21462K [0x0000000080000000, 0x0000000084300000, 0x00000000d5580000)
  object space 68608K, 31% used [0x0000000080000000,0x00000000814f59e0,0x0000000084300000)
 Metaspace       used 34777K, committed 35840K, reserved 1114112K
  class space    used 3587K, committed 4032K, reserved 1048576K
}
Event: 74.022 GC heap before
{Heap before GC invocations=16 (full 2):
 PSYoungGen      total 22528K, used 415K [0x00000000d5580000, 0x00000000d6f80000, 0x0000000100000000)
  eden space 22016K, 0% used [0x00000000d5580000,0x00000000d5580000,0x00000000d6b00000)
  from space 512K, 81% used [0x00000000d6f00000,0x00000000d6f67df0,0x00000000d6f80000)
  to   space 1024K, 0% used [0x00000000d6d80000,0x00000000d6d80000,0x00000000d6e80000)
 ParOldGen       total 68608K, used 21462K [0x0000000080000000, 0x0000000084300000, 0x00000000d5580000)
  object space 68608K, 31% used [0x0000000080000000,0x00000000814f59e0,0x0000000084300000)
 Metaspace       used 34777K, committed 35840K, reserved 1114112K
  class space    used 3587K, committed 4032K, reserved 1048576K
}
Event: 74.140 GC heap after
{Heap after GC invocations=16 (full 2):
 PSYoungGen      total 22528K, used 0K [0x00000000d5580000, 0x00000000d6f80000, 0x0000000100000000)
  eden space 22016K, 0% used [0x00000000d5580000,0x00000000d5580000,0x00000000d6b00000)
  from space 512K, 0% used [0x00000000d6f00000,0x00000000d6f00000,0x00000000d6f80000)
  to   space 1024K, 0% used [0x00000000d6d80000,0x00000000d6d80000,0x00000000d6e80000)
 ParOldGen       total 68608K, used 20513K [0x0000000080000000, 0x0000000084300000, 0x00000000d5580000)
  object space 68608K, 29% used [0x0000000080000000,0x00000000814085a8,0x0000000084300000)
 Metaspace       used 34777K, committed 35840K, reserved 1114112K
  class space    used 3587K, committed 4032K, reserved 1048576K
}
Event: 75.469 GC heap before
{Heap before GC invocations=17 (full 2):
 PSYoungGen      total 22528K, used 22016K [0x00000000d5580000, 0x00000000d6f80000, 0x0000000100000000)
  eden space 22016K, 100% used [0x00000000d5580000,0x00000000d6b00000,0x00000000d6b00000)
  from space 512K, 0% used [0x00000000d6f00000,0x00000000d6f00000,0x00000000d6f80000)
  to   space 1024K, 0% used [0x00000000d6d80000,0x00000000d6d80000,0x00000000d6e80000)
 ParOldGen       total 68608K, used 20513K [0x0000000080000000, 0x0000000084300000, 0x00000000d5580000)
  object space 68608K, 29% used [0x0000000080000000,0x00000000814085a8,0x0000000084300000)
 Metaspace       used 37447K, committed 38656K, reserved 1114112K
  class space    used 3931K, committed 4480K, reserved 1048576K
}
Event: 75.475 GC heap after
{Heap after GC invocations=17 (full 2):
 PSYoungGen      total 23040K, used 1009K [0x00000000d5580000, 0x00000000d6f80000, 0x0000000100000000)
  eden space 22016K, 0% used [0x00000000d5580000,0x00000000d5580000,0x00000000d6b00000)
  from space 1024K, 98% used [0x00000000d6d80000,0x00000000d6e7c628,0x00000000d6e80000)
  to   space 1024K, 0% used [0x00000000d6e80000,0x00000000d6e80000,0x00000000d6f80000)
 ParOldGen       total 68608K, used 20737K [0x0000000080000000, 0x0000000084300000, 0x00000000d5580000)
  object space 68608K, 30% used [0x0000000080000000,0x00000000814405c8,0x0000000084300000)
 Metaspace       used 37447K, committed 38656K, reserved 1114112K
  class space    used 3931K, committed 4480K, reserved 1048576K
}
Event: 77.151 GC heap before
{Heap before GC invocations=18 (full 2):
 PSYoungGen      total 23040K, used 23025K [0x00000000d5580000, 0x00000000d6f80000, 0x0000000100000000)
  eden space 22016K, 100% used [0x00000000d5580000,0x00000000d6b00000,0x00000000d6b00000)
  from space 1024K, 98% used [0x00000000d6d80000,0x00000000d6e7c628,0x00000000d6e80000)
  to   space 1024K, 0% used [0x00000000d6e80000,0x00000000d6e80000,0x00000000d6f80000)
 ParOldGen       total 68608K, used 20737K [0x0000000080000000, 0x0000000084300000, 0x00000000d5580000)
  object space 68608K, 30% used [0x0000000080000000,0x00000000814405c8,0x0000000084300000)
 Metaspace       used 40148K, committed 41344K, reserved 1114112K
  class space    used 4261K, committed 4800K, reserved 1048576K
}
Event: 77.158 GC heap after
{Heap after GC invocations=18 (full 2):
 PSYoungGen      total 23040K, used 1024K [0x00000000d5580000, 0x00000000d7100000, 0x0000000100000000)
  eden space 22016K, 0% used [0x00000000d5580000,0x00000000d5580000,0x00000000d6b00000)
  from space 1024K, 100% used [0x00000000d6e80000,0x00000000d6f80000,0x00000000d6f80000)
  to   space 3072K, 0% used [0x00000000d6b00000,0x00000000d6b00000,0x00000000d6e00000)
 ParOldGen       total 68608K, used 22096K [0x0000000080000000, 0x0000000084300000, 0x00000000d5580000)
  object space 68608K, 32% used [0x0000000080000000,0x00000000815943d0,0x0000000084300000)
 Metaspace       used 40148K, committed 41344K, reserved 1114112K
  class space    used 4261K, committed 4800K, reserved 1048576K
}
Event: 78.659 GC heap before
{Heap before GC invocations=19 (full 2):
 PSYoungGen      total 23040K, used 23040K [0x00000000d5580000, 0x00000000d7100000, 0x0000000100000000)
  eden space 22016K, 100% used [0x00000000d5580000,0x00000000d6b00000,0x00000000d6b00000)
  from space 1024K, 100% used [0x00000000d6e80000,0x00000000d6f80000,0x00000000d6f80000)
  to   space 3072K, 0% used [0x00000000d6b00000,0x00000000d6b00000,0x00000000d6e00000)
 ParOldGen       total 68608K, used 22096K [0x0000000080000000, 0x0000000084300000, 0x00000000d5580000)
  object space 68608K, 32% used [0x0000000080000000,0x00000000815943d0,0x0000000084300000)
 Metaspace       used 41890K, committed 43072K, reserved 1114112K
  class space    used 4471K, committed 4992K, reserved 1048576K
}
Event: 78.670 GC heap after
{Heap after GC invocations=19 (full 2):
 PSYoungGen      total 25088K, used 3045K [0x00000000d5580000, 0x00000000d7600000, 0x0000000100000000)
  eden space 22016K, 0% used [0x00000000d5580000,0x00000000d5580000,0x00000000d6b00000)
  from space 3072K, 99% used [0x00000000d6b00000,0x00000000d6df9630,0x00000000d6e00000)
  to   space 5632K, 0% used [0x00000000d7080000,0x00000000d7080000,0x00000000d7600000)
 ParOldGen       total 68608K, used 23914K [0x0000000080000000, 0x0000000084300000, 0x00000000d5580000)
  object space 68608K, 34% used [0x0000000080000000,0x000000008175aa68,0x0000000084300000)
 Metaspace       used 41890K, committed 43072K, reserved 1114112K
  class space    used 4471K, committed 4992K, reserved 1048576K
}
Event: 80.167 GC heap before
{Heap before GC invocations=20 (full 2):
 PSYoungGen      total 25088K, used 25061K [0x00000000d5580000, 0x00000000d7600000, 0x0000000100000000)
  eden space 22016K, 100% used [0x00000000d5580000,0x00000000d6b00000,0x00000000d6b00000)
  from space 3072K, 99% used [0x00000000d6b00000,0x00000000d6df9630,0x00000000d6e00000)
  to   space 5632K, 0% used [0x00000000d7080000,0x00000000d7080000,0x00000000d7600000)
 ParOldGen       total 68608K, used 23914K [0x0000000080000000, 0x0000000084300000, 0x00000000d5580000)
  object space 68608K, 34% used [0x0000000080000000,0x000000008175aa68,0x0000000084300000)
 Metaspace       used 45140K, committed 46400K, reserved 1114112K
  class space    used 4835K, committed 5376K, reserved 1048576K
}
Event: 80.180 GC heap after
{Heap after GC invocations=20 (full 2):
 PSYoungGen      total 24064K, used 1996K [0x00000000d5580000, 0x00000000d7280000, 0x0000000100000000)
  eden space 22016K, 0% used [0x00000000d5580000,0x00000000d5580000,0x00000000d6b00000)
  from space 2048K, 97% used [0x00000000d7080000,0x00000000d7273260,0x00000000d7280000)
  to   space 3072K, 0% used [0x00000000d6c80000,0x00000000d6c80000,0x00000000d6f80000)
 ParOldGen       total 68608K, used 26439K [0x0000000080000000, 0x0000000084300000, 0x00000000d5580000)
  object space 68608K, 38% used [0x0000000080000000,0x00000000819d1d20,0x0000000084300000)
 Metaspace       used 45140K, committed 46400K, reserved 1114112K
  class space    used 4835K, committed 5376K, reserved 1048576K
}
Event: 81.130 GC heap before
{Heap before GC invocations=21 (full 2):
 PSYoungGen      total 24064K, used 24012K [0x00000000d5580000, 0x00000000d7280000, 0x0000000100000000)
  eden space 22016K, 100% used [0x00000000d5580000,0x00000000d6b00000,0x00000000d6b00000)
  from space 2048K, 97% used [0x00000000d7080000,0x00000000d7273260,0x00000000d7280000)
  to   space 3072K, 0% used [0x00000000d6c80000,0x00000000d6c80000,0x00000000d6f80000)
 ParOldGen       total 68608K, used 26439K [0x0000000080000000, 0x0000000084300000, 0x00000000d5580000)
  object space 68608K, 38% used [0x0000000080000000,0x00000000819d1d20,0x0000000084300000)
 Metaspace       used 47485K, committed 48704K, reserved 1114112K
  class space    used 5181K, committed 5696K, reserved 1048576K
}
Event: 81.134 GC heap after
{Heap after GC invocations=21 (full 2):
 PSYoungGen      total 24064K, used 1962K [0x00000000d5580000, 0x00000000d7100000, 0x0000000100000000)
  eden space 22016K, 0% used [0x00000000d5580000,0x00000000d5580000,0x00000000d6b00000)
  from space 2048K, 95% used [0x00000000d6c80000,0x00000000d6e6ab48,0x00000000d6e80000)
  to   space 2560K, 0% used [0x00000000d6e80000,0x00000000d6e80000,0x00000000d7100000)
 ParOldGen       total 68608K, used 28087K [0x0000000080000000, 0x0000000084300000, 0x00000000d5580000)
  object space 68608K, 40% used [0x0000000080000000,0x0000000081b6dd50,0x0000000084300000)
 Metaspace       used 47485K, committed 48704K, reserved 1114112K
  class space    used 5181K, committed 5696K, reserved 1048576K
}
Event: 81.378 GC heap before
{Heap before GC invocations=22 (full 2):
 PSYoungGen      total 24064K, used 23978K [0x00000000d5580000, 0x00000000d7100000, 0x0000000100000000)
  eden space 22016K, 100% used [0x00000000d5580000,0x00000000d6b00000,0x00000000d6b00000)
  from space 2048K, 95% used [0x00000000d6c80000,0x00000000d6e6ab48,0x00000000d6e80000)
  to   space 2560K, 0% used [0x00000000d6e80000,0x00000000d6e80000,0x00000000d7100000)
 ParOldGen       total 68608K, used 28087K [0x0000000080000000, 0x0000000084300000, 0x00000000d5580000)
  object space 68608K, 40% used [0x0000000080000000,0x0000000081b6dd50,0x0000000084300000)
 Metaspace       used 49727K, committed 50944K, reserved 1114112K
  class space    used 5444K, committed 6016K, reserved 1048576K
}
Event: 81.382 GC heap after
{Heap after GC invocations=22 (full 2):
 PSYoungGen      total 24064K, used 1920K [0x00000000d5580000, 0x00000000d7080000, 0x0000000100000000)
  eden space 22016K, 0% used [0x00000000d5580000,0x00000000d5580000,0x00000000d6b00000)
  from space 2048K, 93% used [0x00000000d6e80000,0x00000000d7060000,0x00000000d7080000)
  to   space 2048K, 0% used [0x00000000d6c80000,0x00000000d6c80000,0x00000000d6e80000)
 ParOldGen       total 68608K, used 29898K [0x0000000080000000, 0x0000000084300000, 0x00000000d5580000)
  object space 68608K, 43% used [0x0000000080000000,0x0000000081d328a8,0x0000000084300000)
 Metaspace       used 49727K, committed 50944K, reserved 1114112K
  class space    used 5444K, committed 6016K, reserved 1048576K
}

Dll operation events (12 events):
Event: 0.009 Loaded shared library c:\Users\User\.vscode\extensions\redhat.java-1.53.0-win32-x64\jre\21.0.10-win32-x86_64\bin\java.dll
Event: 0.067 Loaded shared library c:\Users\User\.vscode\extensions\redhat.java-1.53.0-win32-x64\jre\21.0.10-win32-x86_64\bin\zip.dll
Event: 0.086 Loaded shared library C:\Users\User\.vscode\extensions\redhat.java-1.53.0-win32-x64\jre\21.0.10-win32-x86_64\bin\instrument.dll
Event: 0.091 Loaded shared library C:\Users\User\.vscode\extensions\redhat.java-1.53.0-win32-x64\jre\21.0.10-win32-x86_64\bin\net.dll
Event: 0.093 Loaded shared library C:\Users\User\.vscode\extensions\redhat.java-1.53.0-win32-x64\jre\21.0.10-win32-x86_64\bin\nio.dll
Event: 0.096 Loaded shared library C:\Users\User\.vscode\extensions\redhat.java-1.53.0-win32-x64\jre\21.0.10-win32-x86_64\bin\zip.dll
Event: 0.119 Loaded shared library C:\Users\User\.vscode\extensions\redhat.java-1.53.0-win32-x64\jre\21.0.10-win32-x86_64\bin\jimage.dll
Event: 0.235 Loaded shared library c:\Users\User\.vscode\extensions\redhat.java-1.53.0-win32-x64\jre\21.0.10-win32-x86_64\bin\verify.dll
Event: 23.186 Loaded shared library C:\Users\User\AppData\Roaming\Code\User\globalStorage\redhat.java\1.53.0\config_win\org.eclipse.equinox.launcher\org.eclipse.equinox.launcher.win32.win32.x86_64_1.3.0.v20260203-2149\eclipse_11919.dll
Event: 62.890 Loaded shared library C:\Users\User\AppData\Local\Temp\jna-2645995\jna9770752071325321297.dll
Event: 75.465 Loaded shared library C:\Users\User\.vscode\extensions\redhat.java-1.53.0-win32-x64\jre\21.0.10-win32-x86_64\bin\sunmscapi.dll
Event: 80.661 Loaded shared library C:\Users\User\.vscode\extensions\redhat.java-1.53.0-win32-x64\jre\21.0.10-win32-x86_64\bin\extnet.dll

Deoptimization events (20 events):
Event: 81.497 Thread 0x00000179fa952270 DEOPT PACKING pc=0x00000179a4bf5bf0 sp=0x00000001710fe150
Event: 81.497 Thread 0x00000179fa952270 DEOPT UNPACKING pc=0x00000179ab3f4242 sp=0x00000001710fd580 mode 0
Event: 81.497 Thread 0x00000179fa952270 DEOPT PACKING pc=0x00000179a4bf5bf0 sp=0x00000001710fe150
Event: 81.497 Thread 0x00000179fa952270 DEOPT UNPACKING pc=0x00000179ab3f4242 sp=0x00000001710fd580 mode 0
Event: 81.498 Thread 0x00000179fa952270 DEOPT PACKING pc=0x00000179a4bf5bf0 sp=0x00000001710fe150
Event: 81.498 Thread 0x00000179fa952270 DEOPT UNPACKING pc=0x00000179ab3f4242 sp=0x00000001710fd580 mode 0
Event: 81.498 Thread 0x00000179fa952270 DEOPT PACKING pc=0x00000179a4bf5bf0 sp=0x00000001710fe150
Event: 81.498 Thread 0x00000179fa952270 DEOPT UNPACKING pc=0x00000179ab3f4242 sp=0x00000001710fd580 mode 0
Event: 81.507 Thread 0x00000179fa952270 DEOPT PACKING pc=0x00000179a42492d3 sp=0x00000001710fefe0
Event: 81.507 Thread 0x00000179fa952270 DEOPT UNPACKING pc=0x00000179ab3f4242 sp=0x00000001710fe490 mode 0
Event: 81.508 Thread 0x00000179fa952270 DEOPT PACKING pc=0x00000179a42492d3 sp=0x00000001710fefe0
Event: 81.508 Thread 0x00000179fa952270 DEOPT UNPACKING pc=0x00000179ab3f4242 sp=0x00000001710fe490 mode 0
Event: 81.509 Thread 0x00000179fa952270 DEOPT PACKING pc=0x00000179a42492d3 sp=0x00000001710fefe0
Event: 81.509 Thread 0x00000179fa952270 DEOPT UNPACKING pc=0x00000179ab3f4242 sp=0x00000001710fe490 mode 0
Event: 81.509 Thread 0x00000179fa952270 DEOPT PACKING pc=0x00000179a42492d3 sp=0x00000001710fefe0
Event: 81.509 Thread 0x00000179fa952270 DEOPT UNPACKING pc=0x00000179ab3f4242 sp=0x00000001710fe490 mode 0
Event: 81.510 Thread 0x00000179fa952270 DEOPT PACKING pc=0x00000179a42492d3 sp=0x00000001710fefe0
Event: 81.510 Thread 0x00000179fa952270 DEOPT UNPACKING pc=0x00000179ab3f4242 sp=0x00000001710fe490 mode 0
Event: 81.924 Thread 0x00000179fa952270 DEOPT PACKING pc=0x00000179a42492d3 sp=0x00000001710fefe0
Event: 81.924 Thread 0x00000179fa952270 DEOPT UNPACKING pc=0x00000179ab3f4242 sp=0x00000001710fe490 mode 0

Classes loaded (20 events):
Event: 81.451 Loading class java/util/OptionalInt
Event: 81.451 Loading class sun/security/provider/MD5
Event: 81.451 Loading class sun/security/provider/MD5 done
Event: 81.452 Loading class sun/security/provider/ByteArrayAccess$LE
Event: 81.452 Loading class java/util/OptionalInt done
Event: 81.452 Loading class sun/security/provider/ByteArrayAccess$LE done
Event: 81.452 Loading class sun/net/www/http/KeepAliveStream
Event: 81.453 Loading class sun/net/www/http/Hurryable
Event: 81.453 Loading class sun/net/www/http/Hurryable done
Event: 81.453 Loading class sun/net/www/MeteredStream
Event: 81.453 Loading class sun/net/www/MeteredStream done
Event: 81.453 Loading class sun/net/www/http/KeepAliveStream done
Event: 81.454 Loading class sun/net/www/http/KeepAliveStreamCleaner
Event: 81.455 Loading class sun/net/www/http/KeepAliveStreamCleaner done
Event: 81.471 Loading class sun/net/www/http/KeepAliveStreamCleaner$1
Event: 81.471 Loading class sun/net/www/http/KeepAliveStreamCleaner$1 done
Event: 81.471 Loading class sun/net/www/http/KeepAliveStreamCleaner$2
Event: 81.471 Loading class sun/net/www/http/KeepAliveStreamCleaner$2 done
Event: 81.471 Loading class sun/net/www/protocol/http/HttpURLConnection$HttpInputStream
Event: 81.471 Loading class sun/net/www/protocol/http/HttpURLConnection$HttpInputStream done

Classes unloaded (7 events):
Event: 65.626 Thread 0x00000179b77049c0 Unloading class 0x00000179b91a9400 'java/lang/invoke/LambdaForm$MH+0x00000179b91a9400'
Event: 65.626 Thread 0x00000179b77049c0 Unloading class 0x00000179b91a9000 'java/lang/invoke/LambdaForm$MH+0x00000179b91a9000'
Event: 65.626 Thread 0x00000179b77049c0 Unloading class 0x00000179b91a8c00 'java/lang/invoke/LambdaForm$MH+0x00000179b91a8c00'
Event: 65.626 Thread 0x00000179b77049c0 Unloading class 0x00000179b91a8800 'java/lang/invoke/LambdaForm$MH+0x00000179b91a8800'
Event: 65.626 Thread 0x00000179b77049c0 Unloading class 0x00000179b91a8400 'java/lang/invoke/LambdaForm$BMH+0x00000179b91a8400'
Event: 65.626 Thread 0x00000179b77049c0 Unloading class 0x00000179b91a8000 'java/lang/invoke/LambdaForm$DMH+0x00000179b91a8000'
Event: 65.626 Thread 0x00000179b77049c0 Unloading class 0x00000179b91a6c00 'java/lang/invoke/LambdaForm$DMH+0x00000179b91a6c00'

Classes redefined (0 events):
No events

Internal exceptions (20 events):
Event: 78.767 Thread 0x00000179fa953620 Exception <a 'sun/nio/fs/WindowsException'{0x00000000d55c03b8}> (0x00000000d55c03b8) 
thrown [s\src\hotspot\share\prims\jni.cpp, line 520]
Event: 78.767 Thread 0x00000179fa953620 Exception <a 'sun/nio/fs/WindowsException'{0x00000000d55c09e8}> (0x00000000d55c09e8) 
thrown [s\src\hotspot\share\prims\jni.cpp, line 520]
Event: 79.866 Thread 0x00000179fa953cb0 Exception <a 'java/lang/NoSuchMethodError'{0x00000000d661e1d8}: 'void java.lang.invoke.DirectMethodHandle$Holder.invokeStaticInit(java.lang.Object, java.lang.Object, java.lang.Object)'> (0x00000000d661e1d8) 
thrown [s\src\hotspot\share\interpreter\linkResolver.cpp, line 773]
Event: 79.910 Thread 0x00000179fa953cb0 Exception <a 'java/lang/ExceptionInInitializerError'{0x00000000d6723cf0}> (0x00000000d6723cf0) 
thrown [s\src\hotspot\share\oops\instanceKlass.cpp, line 1220]
Event: 79.973 Thread 0x00000179fa953cb0 Implicit null exception at 0x00000179abb1ce77 to 0x00000179abb1d0e8
Event: 80.020 Thread 0x00000179fa953cb0 Implicit null exception at 0x00000179aba91ffe to 0x00000179aba92270
Event: 80.022 Thread 0x00000179fa953cb0 Implicit null exception at 0x00000179ab9f0e9c to 0x00000179ab9f1db8
Event: 80.040 Thread 0x00000179fa953cb0 Exception <a 'java/lang/NoSuchMethodError'{0x00000000d69c02b8}: 'java.lang.Object java.lang.invoke.Invokers$Holder.invokeExact_MT(java.lang.Object, int, java.lang.Object)'> (0x00000000d69c02b8) 
thrown [s\src\hotspot\share\interpreter\linkResolver.cpp, line 773]
Event: 81.196 Thread 0x00000179fa953cb0 Exception <a 'java/lang/NoClassDefFoundError'{0x00000000d5ba9070}: com/google/inject/servlet/ServletModuleTargetVisitor> (0x00000000d5ba9070) 
thrown [s\src\hotspot\share\classfile\systemDictionary.cpp, line 301]
Event: 81.224 Thread 0x00000179fa953cb0 Exception <a 'java/lang/NoSuchMethodError'{0x00000000d5d9dd88}: 'java.lang.Object java.lang.invoke.DirectMethodHandle$Holder.invokeStatic(java.lang.Object, int, java.lang.Object, java.lang.Object)'> (0x00000000d5d9dd88) 
thrown [s\src\hotspot\share\interpreter\linkResolver.cpp, line 773]
Event: 81.225 Thread 0x00000179fa953cb0 Exception <a 'java/lang/NoSuchMethodError'{0x00000000d5da1568}: 'java.lang.Object java.lang.invoke.DelegatingMethodHandle$Holder.delegate(java.lang.Object, int, java.lang.Object, java.lang.Object)'> (0x00000000d5da1568) 
thrown [s\src\hotspot\share\interpreter\linkResolver.cpp, line 773]
Event: 81.226 Thread 0x00000179fa953cb0 Implicit null exception at 0x00000179abca19f6 to 0x00000179abca1d2c
Event: 81.227 Thread 0x00000179fa953cb0 Exception <a 'java/lang/NoSuchMethodError'{0x00000000d5e28e88}: 'int java.lang.invoke.Invokers$Holder.linkToTargetMethod(java.lang.Object, java.lang.Object, java.lang.Object)'> (0x00000000d5e28e88) 
thrown [s\src\hotspot\share\interpreter\linkResolver.cpp, line 773]
Event: 81.364 Thread 0x00000179fa953620 Exception <a 'sun/nio/fs/WindowsException'{0x00000000d689e780}> (0x00000000d689e780) 
thrown [s\src\hotspot\share\prims\jni.cpp, line 520]
Event: 81.410 Thread 0x00000179fa953620 Exception <a 'java/io/FileNotFoundException'{0x00000000d5825a30}> (0x00000000d5825a30) 
thrown [s\src\hotspot\share\prims\jni.cpp, line 520]
Event: 81.411 Thread 0x00000179fa953620 Exception <a 'java/io/FileNotFoundException'{0x00000000d5826ff8}> (0x00000000d5826ff8) 
thrown [s\src\hotspot\share\prims\jni.cpp, line 520]
Event: 81.413 Thread 0x00000179fa953620 Exception <a 'java/lang/NoSuchMethodError'{0x00000000d5834e98}: 'java.lang.Object java.lang.invoke.DirectMethodHandle$Holder.newInvokeSpecial(java.lang.Object, java.lang.Object, java.lang.Object, int)'> (0x00000000d5834e98) 
thrown [s\src\hotspot\share\interpreter\linkResolver.cpp, line 773]
Event: 81.414 Thread 0x00000179fa953620 Exception <a 'java/lang/NoSuchMethodError'{0x00000000d5838a70}: 'java.lang.Object java.lang.invoke.DirectMethodHandle$Holder.invokeSpecial(java.lang.Object, java.lang.Object, java.lang.Object, java.lang.Object, int)'> (0x00000000d5838a70) 
thrown [s\src\hotspot\share\interpreter\linkResolver.cpp, line 773]
Event: 81.414 Thread 0x00000179fa953620 Exception <a 'java/lang/NoSuchMethodError'{0x00000000d583bf08}: 'java.lang.Object java.lang.invoke.Invokers$Holder.linkToTargetMethod(java.lang.Object, java.lang.Object, int, java.lang.Object)'> (0x00000000d583bf08) 
thrown [s\src\hotspot\share\interpreter\linkResolver.cpp, line 773]
Event: 81.452 Thread 0x00000179fa953cb0 Implicit null exception at 0x00000179aba2521f to 0x00000179aba25494

ZGC Phase Switch (0 events):
No events

VM Operations (20 events):
Event: 78.654 Executing safepoint VM operation: ParallelGCFailedAllocation (Allocation Failure)
Event: 78.671 Executing safepoint VM operation: ParallelGCFailedAllocation (Allocation Failure) done
Event: 79.682 Executing safepoint VM operation: Cleanup
Event: 79.698 Executing safepoint VM operation: Cleanup done
Event: 79.829 Executing non-safepoint VM operation: HandshakeAllThreads (Deoptimize)
Event: 79.838 Executing non-safepoint VM operation: HandshakeAllThreads (Deoptimize) done
Event: 80.003 Executing non-safepoint VM operation: HandshakeAllThreads (Deoptimize)
Event: 80.011 Executing non-safepoint VM operation: HandshakeAllThreads (Deoptimize) done
Event: 80.153 Executing safepoint VM operation: ParallelGCFailedAllocation (Allocation Failure)
Event: 80.180 Executing safepoint VM operation: ParallelGCFailedAllocation (Allocation Failure) done
Event: 80.443 Executing non-safepoint VM operation: HandshakeAllThreads (Deoptimize)
Event: 80.444 Executing non-safepoint VM operation: HandshakeAllThreads (Deoptimize) done
Event: 80.902 Executing non-safepoint VM operation: HandshakeAllThreads (Deoptimize)
Event: 80.902 Executing non-safepoint VM operation: HandshakeAllThreads (Deoptimize) done
Event: 81.130 Executing safepoint VM operation: ParallelGCFailedAllocation (Allocation Failure)
Event: 81.134 Executing safepoint VM operation: ParallelGCFailedAllocation (Allocation Failure) done
Event: 81.378 Executing safepoint VM operation: ParallelGCFailedAllocation (Allocation Failure)
Event: 81.382 Executing safepoint VM operation: ParallelGCFailedAllocation (Allocation Failure) done
Event: 81.456 Executing non-safepoint VM operation: HandshakeAllThreads (Deoptimize)
Event: 81.470 Executing non-safepoint VM operation: HandshakeAllThreads (Deoptimize) done

Memory protections (0 events):
No events

Nmethod flushes (20 events):
Event: 74.084 Thread 0x00000179b77049c0 flushing  nmethod 0x00000179a44b7d90
Event: 74.084 Thread 0x00000179b77049c0 flushing  nmethod 0x00000179a44f9990
Event: 74.084 Thread 0x00000179b77049c0 flushing  nmethod 0x00000179a44fed90
Event: 74.084 Thread 0x00000179b77049c0 flushing  nmethod 0x00000179a44ff690
Event: 74.084 Thread 0x00000179b77049c0 flushing  nmethod 0x00000179a4501490
Event: 74.084 Thread 0x00000179b77049c0 flushing  nmethod 0x00000179a4502590
Event: 74.084 Thread 0x00000179b77049c0 flushing  nmethod 0x00000179a4502a90
Event: 74.084 Thread 0x00000179b77049c0 flushing  nmethod 0x00000179a4503390
Event: 74.084 Thread 0x00000179b77049c0 flushing  nmethod 0x00000179a4504810
Event: 74.084 Thread 0x00000179b77049c0 flushing  nmethod 0x00000179a4505d90
Event: 74.084 Thread 0x00000179b77049c0 flushing  nmethod 0x00000179a4512110
Event: 74.084 Thread 0x00000179b77049c0 flushing  nmethod 0x00000179a455d090
Event: 74.084 Thread 0x00000179b77049c0 flushing  nmethod 0x00000179a455f090
Event: 74.084 Thread 0x00000179b77049c0 flushing  nmethod 0x00000179a456c310
Event: 74.084 Thread 0x00000179b77049c0 flushing  nmethod 0x00000179a45ac110
Event: 74.084 Thread 0x00000179b77049c0 flushing  nmethod 0x00000179a45cff10
Event: 74.084 Thread 0x00000179b77049c0 flushing  nmethod 0x00000179a45e1090
Event: 74.084 Thread 0x00000179b77049c0 flushing  nmethod 0x00000179a4616510
Event: 74.084 Thread 0x00000179b77049c0 flushing  nmethod 0x00000179a462aa90
Event: 74.084 Thread 0x00000179b77049c0 flushing  nmethod 0x00000179a462af10

Events (20 events):
Event: 75.327 Thread 0x00000179a0c6cc30 Thread added: 0x0000017980fb0130
Event: 75.327 Thread 0x00000179a0c6cc30 Thread added: 0x0000017980fae060
Event: 75.327 Thread 0x00000179a0c6cc30 Thread added: 0x0000017980faed80
Event: 75.338 Thread 0x00000179a0c6cc30 Thread added: 0x0000017980fb14e0
Event: 75.338 Thread 0x00000179a0c6cc30 Thread added: 0x0000017980fb1b70
Event: 75.338 Thread 0x00000179a0c6cc30 Thread added: 0x0000017980fae6f0
Event: 75.339 Thread 0x00000179a0c6cc30 Thread added: 0x0000017980fb5680
Event: 75.355 Thread 0x00000179a0c6cc30 Thread added: 0x0000017980fb2200
Event: 75.357 Thread 0x00000179a0c6cc30 Thread added: 0x0000017980fb2890
Event: 75.358 Thread 0x00000179a0c6cc30 Thread added: 0x0000017980fb3c40
Event: 75.366 Thread 0x00000179a0c6cc30 Thread added: 0x0000017980fb4ff0
Event: 75.606 Thread 0x00000179a0c6cc30 Thread added: 0x0000017980fb2f20
Event: 79.055 Thread 0x00000179a0c6cc30 Thread added: 0x0000017980fb4960
Event: 79.056 Thread 0x00000179a0c6cc30 Thread added: 0x0000017983b85df0
Event: 79.276 Thread 0x00000179815ecbf0 Thread exited: 0x00000179815ecbf0
Event: 80.206 Thread 0x00000179801fcbf0 Thread exited: 0x00000179801fcbf0
Event: 80.557 Thread 0x00000179fa67b290 Thread added: 0x00000179801fcbf0
Event: 80.997 Thread 0x00000179fa67b290 Thread added: 0x0000017982317290
Event: 81.386 Thread 0x00000179fa952270 Thread added: 0x0000017983b85760
Event: 81.386 Thread 0x0000017983b85760 Thread exited: 0x0000017983b85760


Dynamic libraries:
0x00007ff6f02b0000 - 0x00007ff6f02be000 	c:\Users\User\.vscode\extensions\redhat.java-1.53.0-win32-x64\jre\21.0.10-win32-x86_64\bin\java.exe
0x00007ffae9720000 - 0x00007ffae9987000 	C:\WINDOWS\SYSTEM32\ntdll.dll
0x00007ffae8e10000 - 0x00007ffae8ed9000 	C:\WINDOWS\System32\KERNEL32.DLL
0x00007ffae60b0000 - 0x00007ffae64a1000 	C:\WINDOWS\System32\KERNELBASE.dll
0x00007ffae6e60000 - 0x00007ffae6fab000 	C:\WINDOWS\System32\ucrtbase.dll
0x00007ffadc860000 - 0x00007ffadc87e000 	c:\Users\User\.vscode\extensions\redhat.java-1.53.0-win32-x64\jre\21.0.10-win32-x86_64\bin\VCRUNTIME140.dll
0x00007ffac7870000 - 0x00007ffac7888000 	c:\Users\User\.vscode\extensions\redhat.java-1.53.0-win32-x64\jre\21.0.10-win32-x86_64\bin\jli.dll
0x00007ffae75c0000 - 0x00007ffae7785000 	C:\WINDOWS\System32\USER32.dll
0x00007ffac58b0000 - 0x00007ffac5b43000 	C:\WINDOWS\WinSxS\amd64_microsoft.windows.common-controls_6595b64144ccf1df_6.0.26100.8037_none_3e092faae333b53b\COMCTL32.dll
0x00007ffae9010000 - 0x00007ffae90b9000 	C:\WINDOWS\System32\msvcrt.dll
0x00007ffae7490000 - 0x00007ffae74b7000 	C:\WINDOWS\System32\win32u.dll
0x00007ffae7de0000 - 0x00007ffae7e0b000 	C:\WINDOWS\System32\GDI32.dll
0x00007ffae7360000 - 0x00007ffae748b000 	C:\WINDOWS\System32\gdi32full.dll
0x00007ffae6000000 - 0x00007ffae60a3000 	C:\WINDOWS\System32\msvcp_win.dll
0x00007ffae7d20000 - 0x00007ffae7d51000 	C:\WINDOWS\System32\IMM32.DLL
0x00007ffadc6a0000 - 0x00007ffadc6ac000 	c:\Users\User\.vscode\extensions\redhat.java-1.53.0-win32-x64\jre\21.0.10-win32-x86_64\bin\vcruntime140_1.dll
0x00007ffaad3c0000 - 0x00007ffaad44d000 	c:\Users\User\.vscode\extensions\redhat.java-1.53.0-win32-x64\jre\21.0.10-win32-x86_64\bin\msvcp140.dll
0x00007ffa08190000 - 0x00007ffa08f31000 	c:\Users\User\.vscode\extensions\redhat.java-1.53.0-win32-x64\jre\21.0.10-win32-x86_64\bin\server\jvm.dll
0x00007ffae95f0000 - 0x00007ffae96ab000 	C:\WINDOWS\System32\ADVAPI32.dll
0x00007ffae74c0000 - 0x00007ffae7567000 	C:\WINDOWS\System32\sechost.dll
0x00007ffae7ea0000 - 0x00007ffae7fb8000 	C:\WINDOWS\System32\RPCRT4.dll
0x00007ffae7910000 - 0x00007ffae7984000 	C:\WINDOWS\System32\WS2_32.dll
0x00007ffae5e60000 - 0x00007ffae5ebe000 	C:\WINDOWS\SYSTEM32\POWRPROF.dll
0x00007ffadc760000 - 0x00007ffadc76b000 	C:\WINDOWS\SYSTEM32\VERSION.dll
0x00007ffad59d0000 - 0x00007ffad5a05000 	C:\WINDOWS\SYSTEM32\WINMM.dll
0x00007ffae5e40000 - 0x00007ffae5e54000 	C:\WINDOWS\SYSTEM32\UMPDC.dll
0x00007ffae4d90000 - 0x00007ffae4dab000 	C:\WINDOWS\SYSTEM32\kernel.appcore.dll
0x00007ffacf860000 - 0x00007ffacf86a000 	c:\Users\User\.vscode\extensions\redhat.java-1.53.0-win32-x64\jre\21.0.10-win32-x86_64\bin\jimage.dll
0x00007ffae3b30000 - 0x00007ffae3d72000 	C:\WINDOWS\SYSTEM32\DBGHELP.DLL
0x00007ffae7990000 - 0x00007ffae7d12000 	C:\WINDOWS\System32\combase.dll
0x00007ffae8890000 - 0x00007ffae8967000 	C:\WINDOWS\System32\OLEAUT32.dll
0x00007ffac4500000 - 0x00007ffac453b000 	C:\WINDOWS\SYSTEM32\dbgcore.DLL
0x00007ffae6db0000 - 0x00007ffae6e55000 	C:\WINDOWS\System32\bcryptPrimitives.dll
0x00007ffacf850000 - 0x00007ffacf85f000 	c:\Users\User\.vscode\extensions\redhat.java-1.53.0-win32-x64\jre\21.0.10-win32-x86_64\bin\instrument.dll
0x00007ffacf830000 - 0x00007ffacf850000 	c:\Users\User\.vscode\extensions\redhat.java-1.53.0-win32-x64\jre\21.0.10-win32-x86_64\bin\java.dll
0x00007ffae8120000 - 0x00007ffae887f000 	C:\WINDOWS\System32\SHELL32.dll
0x00007ffae6fb0000 - 0x00007ffae711a000 	C:\WINDOWS\System32\wintypes.dll
0x00007ffae6540000 - 0x00007ffae6da4000 	C:\WINDOWS\System32\windows.storage.dll
0x00007ffae7790000 - 0x00007ffae7887000 	C:\WINDOWS\System32\SHCORE.dll
0x00007ffae7890000 - 0x00007ffae78f7000 	C:\WINDOWS\System32\shlwapi.dll
0x00007ffae5f20000 - 0x00007ffae5f49000 	C:\WINDOWS\SYSTEM32\profapi.dll
0x00007ffac7ae0000 - 0x00007ffac7af8000 	c:\Users\User\.vscode\extensions\redhat.java-1.53.0-win32-x64\jre\21.0.10-win32-x86_64\bin\zip.dll
0x00007ffac7f30000 - 0x00007ffac7f40000 	C:\Users\User\.vscode\extensions\redhat.java-1.53.0-win32-x64\jre\21.0.10-win32-x86_64\bin\net.dll
0x00007ffaddfb0000 - 0x00007ffade0d7000 	C:\WINDOWS\SYSTEM32\WINHTTP.dll
0x00007ffae5300000 - 0x00007ffae536b000 	C:\WINDOWS\system32\mswsock.dll
0x00007ffac78a0000 - 0x00007ffac78b6000 	C:\Users\User\.vscode\extensions\redhat.java-1.53.0-win32-x64\jre\21.0.10-win32-x86_64\bin\nio.dll
0x00007ffac7e40000 - 0x00007ffac7e50000 	c:\Users\User\.vscode\extensions\redhat.java-1.53.0-win32-x64\jre\21.0.10-win32-x86_64\bin\verify.dll
0x00007ffab9520000 - 0x00007ffab9565000 	C:\Users\User\AppData\Roaming\Code\User\globalStorage\redhat.java\1.53.0\config_win\org.eclipse.equinox.launcher\org.eclipse.equinox.launcher.win32.win32.x86_64_1.3.0.v20260203-2149\eclipse_11919.dll
0x00007ffae90c0000 - 0x00007ffae9255000 	C:\WINDOWS\System32\ole32.dll
0x00007ffae55e0000 - 0x00007ffae55fb000 	C:\WINDOWS\SYSTEM32\CRYPTSP.dll
0x00007ffae4cf0000 - 0x00007ffae4d29000 	C:\WINDOWS\system32\rsaenh.dll
0x00007ffae53b0000 - 0x00007ffae53e2000 	C:\WINDOWS\SYSTEM32\USERENV.dll
0x00007ffae5ef0000 - 0x00007ffae5f1a000 	C:\WINDOWS\SYSTEM32\bcrypt.dll
0x00007ffae5600000 - 0x00007ffae560c000 	C:\WINDOWS\SYSTEM32\CRYPTBASE.dll
0x00007ffae4780000 - 0x00007ffae47b3000 	C:\WINDOWS\SYSTEM32\IPHLPAPI.DLL
0x00007ffae7900000 - 0x00007ffae790a000 	C:\WINDOWS\System32\NSI.dll
0x00007ffaafef0000 - 0x00007ffaaff39000 	C:\Users\User\AppData\Local\Temp\jna-2645995\jna9770752071325321297.dll
0x00007ffae8e00000 - 0x00007ffae8e08000 	C:\WINDOWS\System32\PSAPI.DLL
0x00007ffae09e0000 - 0x00007ffae09fd000 	C:\WINDOWS\SYSTEM32\dhcpcsvc6.DLL
0x00007ffae0990000 - 0x00007ffae09b3000 	C:\WINDOWS\SYSTEM32\dhcpcsvc.DLL
0x00007ffae32d0000 - 0x00007ffae32de000 	C:\Users\User\.vscode\extensions\redhat.java-1.53.0-win32-x64\jre\21.0.10-win32-x86_64\bin\sunmscapi.dll
0x00007ffae7120000 - 0x00007ffae7297000 	C:\WINDOWS\System32\CRYPT32.dll
0x00007ffae5800000 - 0x00007ffae5830000 	C:\WINDOWS\SYSTEM32\ncrypt.dll
0x00007ffae57b0000 - 0x00007ffae57ef000 	C:\WINDOWS\SYSTEM32\NTASN1.dll
0x00007ffae4810000 - 0x00007ffae493a000 	C:\WINDOWS\SYSTEM32\DNSAPI.dll
0x00007ffaddae0000 - 0x00007ffaddaeb000 	C:\Windows\System32\rasadhlp.dll
0x00007ffae0e60000 - 0x00007ffae0ee6000 	C:\WINDOWS\System32\fwpuclnt.dll
0x00007ffae32c0000 - 0x00007ffae32c9000 	C:\Users\User\.vscode\extensions\redhat.java-1.53.0-win32-x64\jre\21.0.10-win32-x86_64\bin\extnet.dll

JVMTI agents:
c:\Users\User\.vscode\extensions\redhat.java-1.53.0-win32-x64\lombok\lombok-1.18.39-4050.jar path:c:\Users\User\.vscode\extensions\redhat.java-1.53.0-win32-x64\jre\21.0.10-win32-x86_64\bin\instrument.dll, loaded, initialized, instrumentlib options:none

dbghelp: loaded successfully - version: 4.0.5 - missing functions: none
symbol engine: initialized successfully - sym options: 0x614 - pdb path: .;c:\Users\User\.vscode\extensions\redhat.java-1.53.0-win32-x64\jre\21.0.10-win32-x86_64\bin;C:\WINDOWS\SYSTEM32;C:\WINDOWS\WinSxS\amd64_microsoft.windows.common-controls_6595b64144ccf1df_6.0.26100.8037_none_3e092faae333b53b;c:\Users\User\.vscode\extensions\redhat.java-1.53.0-win32-x64\jre\21.0.10-win32-x86_64\bin\server;C:\Users\User\AppData\Roaming\Code\User\globalStorage\redhat.java\1.53.0\config_win\org.eclipse.equinox.launcher\org.eclipse.equinox.launcher.win32.win32.x86_64_1.3.0.v20260203-2149;C:\Users\User\AppData\Local\Temp\jna-2645995

VM Arguments:
jvm_args: --add-modules=ALL-SYSTEM --add-opens=java.base/java.util=ALL-UNNAMED --add-opens=java.base/java.lang=ALL-UNNAMED --add-opens=java.base/sun.nio.fs=ALL-UNNAMED -Declipse.application=org.eclipse.jdt.ls.core.id1 -Dosgi.bundles.defaultStartLevel=4 -Declipse.product=org.eclipse.jdt.ls.core.product -Djava.import.generatesMetadataFilesAtProjectRoot=false -DDetectVMInstallationsJob.disabled=true -Dfile.encoding=utf8 -XX:+UseParallelGC -XX:GCTimeRatio=4 -XX:AdaptiveSizePolicyWeight=90 -Dsun.zip.disableMemoryMapping=true -Xmx2G -Xms100m -Xlog:disable -javaagent:c:\Users\User\.vscode\extensions\redhat.java-1.53.0-win32-x64\lombok\lombok-1.18.39-4050.jar -XX:+HeapDumpOnOutOfMemoryError -XX:HeapDumpPath=c:\Users\User\AppData\Roaming\Code\User\workspaceStorage\721c127d9553d8ccbc39c3a046885f2b\redhat.java -Daether.dependencyCollector.impl=bf 
java_command: c:\Users\User\.vscode\extensions\redhat.java-1.53.0-win32-x64\server\plugins\org.eclipse.equinox.launcher_1.7.100.v20251111-0406.jar -configuration c:\Users\User\AppData\Roaming\Code\User\globalStorage\redhat.java\1.53.0\config_win -data c:\Users\User\AppData\Roaming\Code\User\workspaceStorage\721c127d9553d8ccbc39c3a046885f2b\redhat.java\jdt_ws --pipe=\\.\pipe\lsp-fa8ba7572f9055f128f45a5159eaadd5-sock
java_class_path (initial): c:\Users\User\.vscode\extensions\redhat.java-1.53.0-win32-x64\server\plugins\org.eclipse.equinox.launcher_1.7.100.v20251111-0406.jar
Launcher Type: SUN_STANDARD

[Global flags]
    uintx AdaptiveSizePolicyWeight                 = 90                                        {product} {command line}
     intx CICompilerCount                          = 4                                         {product} {ergonomic}
    uintx GCTimeRatio                              = 4                                         {product} {command line}
     bool HeapDumpOnOutOfMemoryError               = true                                   {manageable} {command line}
    ccstr HeapDumpPath                             = c:\Users\User\AppData\Roaming\Code\User\workspaceStorage\721c127d9553d8ccbc39c3a046885f2b\redhat.java         {manageable} {command line}
   size_t InitialHeapSize                          = 104857600                                 {product} {command line}
   size_t MaxHeapSize                              = 2147483648                                {product} {command line}
   size_t MaxNewSize                               = 715653120                                 {product} {ergonomic}
   size_t MinHeapDeltaBytes                        = 524288                                    {product} {ergonomic}
   size_t MinHeapSize                              = 104857600                                 {product} {command line}
   size_t NewSize                                  = 34603008                                  {product} {ergonomic}
    uintx NonNMethodCodeHeapSize                   = 5839372                                {pd product} {ergonomic}
    uintx NonProfiledCodeHeapSize                  = 122909434                              {pd product} {ergonomic}
   size_t OldSize                                  = 70254592                                  {product} {ergonomic}
    uintx ProfiledCodeHeapSize                     = 122909434                              {pd product} {ergonomic}
    uintx ReservedCodeCacheSize                    = 251658240                              {pd product} {ergonomic}
     bool SegmentedCodeCache                       = true                                      {product} {ergonomic}
   size_t SoftMaxHeapSize                          = 2147483648                             {manageable} {ergonomic}
     bool UseCompressedOops                        = true                           {product lp64_product} {ergonomic}
     bool UseLargePagesIndividualAllocation        = false                                  {pd product} {ergonomic}
     bool UseParallelGC                            = true                                      {product} {command line}

Logging:
Log output configuration:
 #0: stdout all=off uptime,level,tags foldmultilines=false
 #1: stderr all=off uptime,level,tags foldmultilines=false

Release file:
JAVA_VERSION="21.0.10" 
MODULES="java.base java.compiler java.datatransfer java.xml java.prefs java.desktop java.instrument java.logging java.management java.security.sasl java.naming java.rmi java.management.rmi java.net.http java.scripting java.security.jgss java.transaction.xa java.sql java.sql.rowset java.xml.crypto java.se java.smartcardio jdk.accessibility jdk.internal.jvmstat jdk.attach jdk.charsets jdk.internal.opt jdk.zipfs jdk.compiler jdk.crypto.ec jdk.crypto.cryptoki jdk.crypto.mscapi jdk.dynalink jdk.internal.ed jdk.editpad jdk.hotspot.agent jdk.httpserver jdk.internal.le jdk.internal.vm.ci jdk.internal.vm.compiler jdk.internal.vm.compiler.management jdk.jartool jdk.javadoc jdk.jcmd jdk.management jdk.management.agent jdk.jconsole jdk.jdeps jdk.jdwp.agent jdk.jdi jdk.jfr jdk.jshell jdk.jsobject jdk.jstatd jdk.localedata jdk.management.jfr jdk.naming.dns jdk.naming.rmi jdk.net jdk.nio.mapmode jdk.random jdk.sctp jdk.security.auth jdk.security.jgss jdk.unsupported jdk.unsupported.desktop jdk.xml.dom" 

Environment Variables:
PATH=C:\Users\User\AppData\Local\Programs\Microsoft VS Code;C:\Program Files\Common Files\Oracle\Java\javapath;C:\Python314\Scripts\;C:\Python314\;C:\WINDOWS\system32;C:\WINDOWS;C:\WINDOWS\System32\Wbem;C:\WINDOWS\System32\WindowsPowerShell\v1.0\;C:\WINDOWS\System32\OpenSSH\;C:\Program Files\nodejs\;C:\ProgramData\chocolatey\bin;C:\Program Files\MySQL\MySQL Server 8.0\bin;C:\Program Files\Git\cmd;C:\Users\User\.config\herd-lite\bin;C:\Program Files\MySQL\MySQL Shell 8.0\bin\;C:\Users\User\AppData\Local\Microsoft\WindowsApps;C:\Users\User\AppData\Roaming\npm;C:\Users\User\AppData\Local\Programs\Microsoft VS Code\bin;C:\Users\User\AppData\Local\GitHubDesktop\bin;C:\Users\User\AppData\Local\Google\Cloud SDK\google-cloud-sdk\bin
USERNAME=User
OS=Windows_NT
PROCESSOR_IDENTIFIER=Intel64 Family 6 Model 186 Stepping 2, GenuineIntel
TMP=C:\Users\User\AppData\Local\Temp
TEMP=C:\Users\User\AppData\Local\Temp




Periodic native trim disabled

---------------  S Y S T E M  ---------------

OS:
 Windows 11 , 64 bit Build 26100 (10.0.26100.7920)
OS uptime: 3 days 4:44 hours
Hyper-V role detected

CPU: total 12 (initial active 12) (6 cores per cpu, 2 threads per core) family 6 model 186 stepping 2 microcode 0x4122, cx8, cmov, fxsr, ht, mmx, 3dnowpref, sse, sse2, sse3, ssse3, sse4.1, sse4.2, popcnt, lzcnt, tsc, tscinvbit, avx, avx2, aes, erms, clmul, bmi1, bmi2, adx, sha, fma, vzeroupper, clflush, clflushopt, clwb, hv, serialize, rdtscp, rdpid, fsrm, f16c, cet_ibt, cet_ss
Processor Information for processor 0
  Max Mhz: 2100, Current Mhz: 2100, Mhz Limit: 2100
Processor Information for processor 1
  Max Mhz: 2100, Current Mhz: 2100, Mhz Limit: 2100
Processor Information for processor 2
  Max Mhz: 2100, Current Mhz: 2100, Mhz Limit: 2100
Processor Information for processor 3
  Max Mhz: 2100, Current Mhz: 2100, Mhz Limit: 2100
Processor Information for processor 4
  Max Mhz: 2100, Current Mhz: 2100, Mhz Limit: 2100
Processor Information for processor 5
  Max Mhz: 2100, Current Mhz: 2100, Mhz Limit: 2100
Processor Information for processor 6
  Max Mhz: 2100, Current Mhz: 2100, Mhz Limit: 2100
Processor Information for processor 7
  Max Mhz: 2100, Current Mhz: 2100, Mhz Limit: 2100
Processor Information for processor 8
  Max Mhz: 2100, Current Mhz: 1540, Mhz Limit: 2100
Processor Information for processor 9
  Max Mhz: 2100, Current Mhz: 1540, Mhz Limit: 2100
Processor Information for processor 10
  Max Mhz: 2100, Current Mhz: 1540, Mhz Limit: 2100
Processor Information for processor 11
  Max Mhz: 2100, Current Mhz: 2100, Mhz Limit: 2100

Memory: 4k page, system-wide physical 16024M (1901M free)
TotalPageFile size 20120M (AvailPageFile size 82M)
current process WorkingSet (physical memory assigned to process): 238M, peak: 243M
current process commit charge ("private bytes"): 357M, peak: 360M

vm_info: OpenJDK 64-Bit Server VM (21.0.10+7-LTS) for windows-amd64 JRE (21.0.10+7-LTS), built on 2026-01-20T00:00:00Z by "admin" with MS VC++ 17.12 (VS2022)

END.
