#
# There is insufficient memory for the Java Runtime Environment to continue.
# Native memory allocation (malloc) failed to allocate 1750160 bytes. Error detail: Chunk::new
# Possible reasons:
#   The system is out of physical RAM or swap space
#   This process is running with CompressedOops enabled, and the Java Heap may be blocking the growth of the native heap
# Possible solutions:
#   Reduce memory load on the system
#   Increase physical memory or swap space
#   Check if swap backing store is full
#   Decrease Java heap size (-Xmx/-Xms)
#   Decrease number of Java threads
#   Decrease Java thread stack sizes (-Xss)
#   Set larger code cache with -XX:ReservedCodeCacheSize=
#   JVM is running with Unscaled Compressed Oops mode in which the Java heap is
#     placed in the first 4GB address space. The Java Heap base address is the
#     maximum limit for the native heap growth. Please use -XX:HeapBaseMinAddress
#     to set the Java Heap base and to place the Java Heap above 4GB virtual address.
# This output file may be truncated or incomplete.
#
#  Out of Memory Error (arena.cpp:168), pid=16256, tid=2304
#
# JRE version: OpenJDK Runtime Environment Temurin-21.0.10+7 (21.0.10+7) (build 21.0.10+7-LTS)
# Java VM: OpenJDK 64-Bit Server VM Temurin-21.0.10+7 (21.0.10+7-LTS, mixed mode, sharing, tiered, compressed oops, compressed class ptrs, parallel gc, windows-amd64)
# No core dump will be written. Minidumps are not enabled by default on client versions of Windows
#

---------------  S U M M A R Y ------------

Command Line: --add-modules=ALL-SYSTEM --add-opens=java.base/java.util=ALL-UNNAMED --add-opens=java.base/java.lang=ALL-UNNAMED --add-opens=java.base/sun.nio.fs=ALL-UNNAMED -Declipse.application=org.eclipse.jdt.ls.core.id1 -Dosgi.bundles.defaultStartLevel=4 -Declipse.product=org.eclipse.jdt.ls.core.product -Djava.import.generatesMetadataFilesAtProjectRoot=false -DDetectVMInstallationsJob.disabled=true -Dfile.encoding=utf8 -XX:+UseParallelGC -XX:GCTimeRatio=4 -XX:AdaptiveSizePolicyWeight=90 -Dsun.zip.disableMemoryMapping=true -Xmx2G -Xms100m -Xlog:disable -javaagent:c:\Users\User\.vscode\extensions\redhat.java-1.53.0-win32-x64\lombok\lombok-1.18.39-4050.jar -XX:+HeapDumpOnOutOfMemoryError -XX:HeapDumpPath=c:\Users\User\AppData\Roaming\Code\User\workspaceStorage\e3c046a9cf59a560a07a0698ab2c84d1\redhat.java -Daether.dependencyCollector.impl=bf c:\Users\User\.vscode\extensions\redhat.java-1.53.0-win32-x64\server\plugins\org.eclipse.equinox.launcher_1.7.100.v20251111-0406.jar -configuration c:\Users\User\AppData\Roaming\Code\User\globalStorage\redhat.java\1.53.0\config_win -data c:\Users\User\AppData\Roaming\Code\User\workspaceStorage\e3c046a9cf59a560a07a0698ab2c84d1\redhat.java\jdt_ws --pipe=\\.\pipe\lsp-2cd9d4d59a6d2d7fc4ba0e31d8d04b8d-sock

Host: 13th Gen Intel(R) Core(TM) i5-13420H, 12 cores, 15G,  Windows 11 , 64 bit Build 26100 (10.0.26100.7705)
Time: Tue Mar 10 15:12:35 2026 Sri Lanka Standard Time elapsed time: 78.433284 seconds (0d 0h 1m 18s)

---------------  T H R E A D  ---------------

Current thread (0x00000228f14baa90):  JavaThread "C2 CompilerThread1" daemon [_thread_in_native, id=2304, stack(0x0000004e25e00000,0x0000004e25f00000) (1024K)]


Current CompileTask:
C2:78433 14763 % !   4       org.eclipse.jdt.internal.core.JarPackageFragmentRoot::computeChildren @ 247 (606 bytes)

Stack: [0x0000004e25e00000,0x0000004e25f00000]
Native frames: (J=compiled Java code, j=interpreted, Vv=VM code, C=native code)
V  [jvm.dll+0x6d7a39]
V  [jvm.dll+0x8b4b26]
V  [jvm.dll+0x8b70de]
V  [jvm.dll+0x8b77c3]
V  [jvm.dll+0x284346]
V  [jvm.dll+0xc66ed]
V  [jvm.dll+0xc6c31]
V  [jvm.dll+0x3bec3b]
V  [jvm.dll+0x38b162]
V  [jvm.dll+0x38a5aa]
V  [jvm.dll+0x24c560]
V  [jvm.dll+0x24bb40]
V  [jvm.dll+0x1cb34e]
V  [jvm.dll+0x25b85d]
V  [jvm.dll+0x259dea]
V  [jvm.dll+0x3f857e]
V  [jvm.dll+0x85f59d]
V  [jvm.dll+0x6d626d]
C  [ucrtbase.dll+0x37b0]
C  [KERNEL32.DLL+0x2e8d7]
C  [ntdll.dll+0x8c40c]


---------------  P R O C E S S  ---------------

Threads class SMR info:
_java_thread_list=0x00000228f4a28240, length=84, elements={
0x000002289362cc00, 0x00000228935dd340, 0x00000228935de160, 0x00000228f1006d40,
0x00000228f100ad80, 0x00000228f10108c0, 0x00000228f1032900, 0x00000228f1040fe0,
0x00000228f1044300, 0x00000228f1240560, 0x00000228f136e9b0, 0x00000228f1d8c770,
0x00000228f1cca8c0, 0x00000228f1458f00, 0x00000228f1459940, 0x00000228f21151a0,
0x00000228f1d769b0, 0x00000228f1ecc640, 0x00000228f1eda9f0, 0x00000228f1edb080,
0x00000228f1eda360, 0x00000228f34dfe60, 0x00000228f34dd070, 0x00000228f34dd700,
0x00000228f34df140, 0x00000228f34de420, 0x00000228f34df7d0, 0x00000228f34deab0,
0x00000228f4e36c70, 0x00000228f4e39a60, 0x00000228f4e3a780, 0x00000228f4e37300,
0x00000228f4e37990, 0x00000228f4e3ae10, 0x00000228f4e38d40, 0x00000228f4e3b4a0,
0x00000228f4e38020, 0x00000228f4e393d0, 0x00000228f4e3bb30, 0x00000228f4e3a0f0,
0x00000228f4e386b0, 0x00000228f4e3e290, 0x00000228f4e3d570, 0x00000228f4e3cee0,
0x00000228f4e3dc00, 0x00000228f5af97a0, 0x00000228f5afb870, 0x00000228f5afa4c0,
0x00000228f5afab50, 0x00000228f5afb1e0, 0x00000228f5af8a80, 0x00000228f4fa42e0,
0x00000228f4fa5690, 0x00000228f4fa3c50, 0x00000228f4fa5000, 0x00000228f4fa28a0,
0x00000228f4fa6a40, 0x00000228f4fa4970, 0x00000228f4fa35c0, 0x00000228f4fa9ec0,
0x00000228f4fa70d0, 0x00000228f4fa91a0, 0x00000228f4fa8480, 0x00000228f4fa7760,
0x00000228f3fd2110, 0x00000228f3fcec90, 0x00000228f3fd06d0, 0x00000228f3fcf320,
0x00000228f3fcf9b0, 0x00000228f3fd0040, 0x00000228f4fa8b10, 0x00000228f14baa90,
0x00000228f49afd30, 0x00000228f49af6a0, 0x00000228f49b03c0, 0x00000228f49b0a50,
0x00000228f49b1770, 0x00000228f49b10e0, 0x00000228f49b1e00, 0x00000228f49ae980,
0x00000228f49af010, 0x00000228f49b4bf0, 0x00000228f49b5280, 0x00000228f14be110
}

Java Threads: ( => current thread )
  0x000002289362cc00 JavaThread "main"                              [_thread_blocked, id=11032, stack(0x0000004e20d00000,0x0000004e20e00000) (1024K)]
  0x00000228935dd340 JavaThread "Reference Handler"          daemon [_thread_blocked, id=1220, stack(0x0000004e21100000,0x0000004e21200000) (1024K)]
  0x00000228935de160 JavaThread "Finalizer"                  daemon [_thread_blocked, id=11036, stack(0x0000004e21200000,0x0000004e21300000) (1024K)]
  0x00000228f1006d40 JavaThread "Signal Dispatcher"          daemon [_thread_blocked, id=14212, stack(0x0000004e21300000,0x0000004e21400000) (1024K)]
  0x00000228f100ad80 JavaThread "Attach Listener"            daemon [_thread_blocked, id=9048, stack(0x0000004e21400000,0x0000004e21500000) (1024K)]
  0x00000228f10108c0 JavaThread "Service Thread"             daemon [_thread_blocked, id=18848, stack(0x0000004e21500000,0x0000004e21600000) (1024K)]
  0x00000228f1032900 JavaThread "Monitor Deflation Thread"   daemon [_thread_blocked, id=13204, stack(0x0000004e21600000,0x0000004e21700000) (1024K)]
  0x00000228f1040fe0 JavaThread "C2 CompilerThread0"         daemon [_thread_in_native, id=6776, stack(0x0000004e21700000,0x0000004e21800000) (1024K)]
  0x00000228f1044300 JavaThread "C1 CompilerThread0"         daemon [_thread_blocked, id=17028, stack(0x0000004e21800000,0x0000004e21900000) (1024K)]
  0x00000228f1240560 JavaThread "Common-Cleaner"             daemon [_thread_blocked, id=5664, stack(0x0000004e21900000,0x0000004e21a00000) (1024K)]
  0x00000228f136e9b0 JavaThread "Notification Thread"        daemon [_thread_blocked, id=12684, stack(0x0000004e21b00000,0x0000004e21c00000) (1024K)]
  0x00000228f1d8c770 JavaThread "Active Thread: Equinox Container: a2f0b7e3-0179-4e0f-ad78-2f4a877e65a1"        [_thread_blocked, id=11084, stack(0x0000004e22300000,0x0000004e22400000) (1024K)]
  0x00000228f1cca8c0 JavaThread "Refresh Thread: Equinox Container: a2f0b7e3-0179-4e0f-ad78-2f4a877e65a1" daemon [_thread_blocked, id=8580, stack(0x0000004e22400000,0x0000004e22500000) (1024K)]
  0x00000228f1458f00 JavaThread "Framework Event Dispatcher: Equinox Container: a2f0b7e3-0179-4e0f-ad78-2f4a877e65a1" daemon [_thread_blocked, id=9940, stack(0x0000004e22600000,0x0000004e22700000) (1024K)]
  0x00000228f1459940 JavaThread "Start Level: Equinox Container: a2f0b7e3-0179-4e0f-ad78-2f4a877e65a1" daemon [_thread_blocked, id=12404, stack(0x0000004e22700000,0x0000004e22800000) (1024K)]
  0x00000228f21151a0 JavaThread "Bundle File Closer"         daemon [_thread_blocked, id=11240, stack(0x0000004e22a00000,0x0000004e22b00000) (1024K)]
  0x00000228f1d769b0 JavaThread "SCR Component Actor"        daemon [_thread_blocked, id=1988, stack(0x0000004e22b00000,0x0000004e22c00000) (1024K)]
  0x00000228f1ecc640 JavaThread "Worker-JM"                         [_thread_blocked, id=18364, stack(0x0000004e22c00000,0x0000004e22d00000) (1024K)]
  0x00000228f1eda9f0 JavaThread "JNA Cleaner"                daemon [_thread_blocked, id=1904, stack(0x0000004e21c00000,0x0000004e21d00000) (1024K)]
  0x00000228f1edb080 JavaThread "Worker-0: Initialize workspace"        [_thread_in_native, id=2908, stack(0x0000004e22d00000,0x0000004e22e00000) (1024K)]
  0x00000228f1eda360 JavaThread "Worker-1"                          [_thread_blocked, id=12492, stack(0x0000004e22e00000,0x0000004e22f00000) (1024K)]
  0x00000228f34dfe60 JavaThread "Worker-2: Publish Diagnostics"        [_thread_in_native, id=17384, stack(0x0000004e22f00000,0x0000004e23000000) (1024K)]
  0x00000228f34dd070 JavaThread "Java indexing"              daemon [_thread_blocked, id=18820, stack(0x0000004e23100000,0x0000004e23200000) (1024K)]
  0x00000228f34dd700 JavaThread "Worker-3"                          [_thread_blocked, id=9664, stack(0x0000004e23200000,0x0000004e23300000) (1024K)]
  0x00000228f34df140 JavaThread "Worker-4"                          [_thread_blocked, id=17788, stack(0x0000004e23300000,0x0000004e23400000) (1024K)]
  0x00000228f34de420 JavaThread "Worker-5"                          [_thread_blocked, id=5600, stack(0x0000004e23600000,0x0000004e23700000) (1024K)]
  0x00000228f34df7d0 JavaThread "Worker-6"                          [_thread_blocked, id=6324, stack(0x0000004e23700000,0x0000004e23800000) (1024K)]
  0x00000228f34deab0 JavaThread "Thread-1"                   daemon [_thread_in_native, id=10032, stack(0x0000004e23800000,0x0000004e23900000) (1024K)]
  0x00000228f4e36c70 JavaThread "Thread-2"                   daemon [_thread_in_native, id=12004, stack(0x0000004e23900000,0x0000004e23a00000) (1024K)]
  0x00000228f4e39a60 JavaThread "Thread-3"                   daemon [_thread_in_native, id=18976, stack(0x0000004e23a00000,0x0000004e23b00000) (1024K)]
  0x00000228f4e3a780 JavaThread "Thread-4"                   daemon [_thread_in_native, id=13488, stack(0x0000004e23b00000,0x0000004e23c00000) (1024K)]
  0x00000228f4e37300 JavaThread "Thread-5"                   daemon [_thread_in_native, id=4500, stack(0x0000004e23c00000,0x0000004e23d00000) (1024K)]
  0x00000228f4e37990 JavaThread "Thread-6"                   daemon [_thread_in_native, id=18088, stack(0x0000004e23d00000,0x0000004e23e00000) (1024K)]
  0x00000228f4e3ae10 JavaThread "Thread-7"                   daemon [_thread_in_native, id=3060, stack(0x0000004e23e00000,0x0000004e23f00000) (1024K)]
  0x00000228f4e38d40 JavaThread "Thread-8"                   daemon [_thread_in_native, id=7388, stack(0x0000004e23f00000,0x0000004e24000000) (1024K)]
  0x00000228f4e3b4a0 JavaThread "Thread-9"                   daemon [_thread_in_native, id=7396, stack(0x0000004e24000000,0x0000004e24100000) (1024K)]
  0x00000228f4e38020 JavaThread "Thread-10"                  daemon [_thread_in_native, id=14132, stack(0x0000004e24100000,0x0000004e24200000) (1024K)]
  0x00000228f4e393d0 JavaThread "Thread-11"                  daemon [_thread_in_native, id=10560, stack(0x0000004e24200000,0x0000004e24300000) (1024K)]
  0x00000228f4e3bb30 JavaThread "Thread-12"                  daemon [_thread_in_native, id=11108, stack(0x0000004e24300000,0x0000004e24400000) (1024K)]
  0x00000228f4e3a0f0 JavaThread "Thread-13"                  daemon [_thread_in_native, id=12156, stack(0x0000004e24400000,0x0000004e24500000) (1024K)]
  0x00000228f4e386b0 JavaThread "pool-2-thread-1"                   [_thread_blocked, id=10228, stack(0x0000004e24500000,0x0000004e24600000) (1024K)]
  0x00000228f4e3e290 JavaThread "WorkspaceEventsHandler"            [_thread_blocked, id=14448, stack(0x0000004e24600000,0x0000004e24700000) (1024K)]
  0x00000228f4e3d570 JavaThread "pool-1-thread-1"                   [_thread_blocked, id=19020, stack(0x0000004e24700000,0x0000004e24800000) (1024K)]
  0x00000228f4e3cee0 JavaThread "LocalFile Deleter"          daemon [_thread_blocked, id=19036, stack(0x0000004e21a00000,0x0000004e21b00000) (1024K)]
  0x00000228f4e3dc00 JavaThread "LocalFile Deleter"          daemon [_thread_blocked, id=14272, stack(0x0000004e23000000,0x0000004e23100000) (1024K)]
  0x00000228f5af97a0 JavaThread "LocalFile Deleter"          daemon [_thread_blocked, id=18748, stack(0x0000004e24800000,0x0000004e24900000) (1024K)]
  0x00000228f5afb870 JavaThread "Compiler Source File Reader" daemon [_thread_blocked, id=13844, stack(0x0000004e24900000,0x0000004e24a00000) (1024K)]
  0x00000228f5afa4c0 JavaThread "Compiler Processing Task"   daemon [_thread_blocked, id=6992, stack(0x0000004e24c00000,0x0000004e24d00000) (1024K)]
  0x00000228f5afab50 JavaThread "Compiler Class File Writer" daemon [_thread_blocked, id=6620, stack(0x0000004e24d00000,0x0000004e24e00000) (1024K)]
  0x00000228f5afb1e0 JavaThread "Compiler Source File Reader" daemon [_thread_blocked, id=17736, stack(0x0000004e24a00000,0x0000004e24b00000) (1024K)]
  0x00000228f5af8a80 JavaThread "Compiler Class File Writer" daemon [_thread_blocked, id=17684, stack(0x0000004e24e00000,0x0000004e24f00000) (1024K)]
  0x00000228f4fa42e0 JavaThread "LocalFile Deleter"          daemon [_thread_blocked, id=1304, stack(0x0000004e24f00000,0x0000004e25000000) (1024K)]
  0x00000228f4fa5690 JavaThread "Compiler Source File Reader" daemon [_thread_blocked, id=10464, stack(0x0000004e25000000,0x0000004e25100000) (1024K)]
  0x00000228f4fa3c50 JavaThread "Compiler Class File Writer" daemon [_thread_blocked, id=9592, stack(0x0000004e25100000,0x0000004e25200000) (1024K)]
  0x00000228f4fa5000 JavaThread "Compiler Source File Reader" daemon [_thread_blocked, id=19128, stack(0x0000004e25200000,0x0000004e25300000) (1024K)]
  0x00000228f4fa28a0 JavaThread "Compiler Class File Writer" daemon [_thread_blocked, id=4892, stack(0x0000004e25300000,0x0000004e25400000) (1024K)]
  0x00000228f4fa6a40 JavaThread "LocalFile Deleter"          daemon [_thread_blocked, id=16208, stack(0x0000004e24b00000,0x0000004e24c00000) (1024K)]
  0x00000228f4fa4970 JavaThread "LocalFile Deleter"          daemon [_thread_blocked, id=12516, stack(0x0000004e25400000,0x0000004e25500000) (1024K)]
  0x00000228f4fa35c0 JavaThread "Compiler Source File Reader" daemon [_thread_blocked, id=19308, stack(0x0000004e25600000,0x0000004e25700000) (1024K)]
  0x00000228f4fa9ec0 JavaThread "Compiler Source File Reader" daemon [_thread_blocked, id=6984, stack(0x0000004e25700000,0x0000004e25800000) (1024K)]
  0x00000228f4fa70d0 JavaThread "Compiler Class File Writer" daemon [_thread_blocked, id=2320, stack(0x0000004e25500000,0x0000004e25600000) (1024K)]
  0x00000228f4fa91a0 JavaThread "Compiler Class File Writer" daemon [_thread_blocked, id=14820, stack(0x0000004e25800000,0x0000004e25900000) (1024K)]
  0x00000228f4fa8480 JavaThread "Compiler Source File Reader" daemon [_thread_blocked, id=10128, stack(0x0000004e25900000,0x0000004e25a00000) (1024K)]
  0x00000228f4fa7760 JavaThread "Compiler Class File Writer" daemon [_thread_blocked, id=1336, stack(0x0000004e25a00000,0x0000004e25b00000) (1024K)]
  0x00000228f3fd2110 JavaThread "Worker-7"                          [_thread_blocked, id=17864, stack(0x0000004e25b00000,0x0000004e25c00000) (1024K)]
  0x00000228f3fcec90 JavaThread "Compiler Source File Reader" daemon [_thread_blocked, id=13400, stack(0x0000004e20c00000,0x0000004e20d00000) (1024K)]
  0x00000228f3fd06d0 JavaThread "Compiler Source File Reader" daemon [_thread_blocked, id=2824, stack(0x0000004e25c00000,0x0000004e25d00000) (1024K)]
  0x00000228f3fcf320 JavaThread "Compiler Class File Writer" daemon [_thread_blocked, id=11332, stack(0x0000004e20b00000,0x0000004e20c00000) (1024K)]
  0x00000228f3fcf9b0 JavaThread "Compiler Class File Writer" daemon [_thread_blocked, id=8932, stack(0x0000004e25d00000,0x0000004e25e00000) (1024K)]
  0x00000228f3fd0040 JavaThread "Compiler Source File Reader" daemon [_thread_blocked, id=2328, stack(0x0000004e25f00000,0x0000004e26000000) (1024K)]
  0x00000228f4fa8b10 JavaThread "Compiler Class File Writer" daemon [_thread_blocked, id=1604, stack(0x0000004e26000000,0x0000004e26100000) (1024K)]
=>0x00000228f14baa90 JavaThread "C2 CompilerThread1"         daemon [_thread_in_native, id=2304, stack(0x0000004e25e00000,0x0000004e25f00000) (1024K)]
  0x00000228f49afd30 JavaThread "ForkJoinPool.commonPool-worker-1" daemon [_thread_blocked, id=16712, stack(0x0000004e26100000,0x0000004e26200000) (1024K)]
  0x00000228f49af6a0 JavaThread "ForkJoinPool.commonPool-worker-2" daemon [_thread_in_Java, id=17912, stack(0x0000004e26200000,0x0000004e26300000) (1024K)]
  0x00000228f49b03c0 JavaThread "ForkJoinPool.commonPool-worker-3" daemon [_thread_blocked, id=15108, stack(0x0000004e26300000,0x0000004e26400000) (1024K)]
  0x00000228f49b0a50 JavaThread "ForkJoinPool.commonPool-worker-4" daemon [_thread_in_native, id=18692, stack(0x0000004e26400000,0x0000004e26500000) (1024K)]
  0x00000228f49b1770 JavaThread "ForkJoinPool.commonPool-worker-5" daemon [_thread_blocked, id=2760, stack(0x0000004e26500000,0x0000004e26600000) (1024K)]
  0x00000228f49b10e0 JavaThread "ForkJoinPool.commonPool-worker-6" daemon [_thread_blocked, id=2644, stack(0x0000004e26600000,0x0000004e26700000) (1024K)]
  0x00000228f49b1e00 JavaThread "ForkJoinPool.commonPool-worker-7" daemon [_thread_blocked, id=14556, stack(0x0000004e26700000,0x0000004e26800000) (1024K)]
  0x00000228f49ae980 JavaThread "ForkJoinPool.commonPool-worker-8" daemon [_thread_blocked, id=11632, stack(0x0000004e26800000,0x0000004e26900000) (1024K)]
  0x00000228f49af010 JavaThread "ForkJoinPool.commonPool-worker-9" daemon [_thread_blocked, id=17432, stack(0x0000004e26900000,0x0000004e26a00000) (1024K)]
  0x00000228f49b4bf0 JavaThread "ForkJoinPool.commonPool-worker-10" daemon [_thread_in_Java, id=3936, stack(0x0000004e26a00000,0x0000004e26b00000) (1024K)]
  0x00000228f49b5280 JavaThread "ForkJoinPool.commonPool-worker-11" daemon [_thread_in_Java, id=17844, stack(0x0000004e26b00000,0x0000004e26c00000) (1024K)]
  0x00000228f14be110 JavaThread "C2 CompilerThread2"         daemon [_thread_blocked, id=19616, stack(0x0000004e26c00000,0x0000004e26d00000) (1024K)]
Total: 84

Other Threads:
  0x00000228935c4970 VMThread "VM Thread"                           [id=9200, stack(0x0000004e21000000,0x0000004e21100000) (1024K)]
  0x00000228934bca00 WatcherThread "VM Periodic Task Thread"        [id=14408, stack(0x0000004e20f00000,0x0000004e21000000) (1024K)]
  0x000002289364bf60 WorkerThread "GC Thread#0"                     [id=1064, stack(0x0000004e20e00000,0x0000004e20f00000) (1024K)]
  0x00000228f1bf7f50 WorkerThread "GC Thread#1"                     [id=11860, stack(0x0000004e21d00000,0x0000004e21e00000) (1024K)]
  0x00000228f1bf8300 WorkerThread "GC Thread#2"                     [id=7456, stack(0x0000004e21e00000,0x0000004e21f00000) (1024K)]
  0x00000228f1bf86b0 WorkerThread "GC Thread#3"                     [id=7508, stack(0x0000004e21f00000,0x0000004e22000000) (1024K)]
  0x00000228f1a18720 WorkerThread "GC Thread#4"                     [id=11324, stack(0x0000004e22000000,0x0000004e22100000) (1024K)]
  0x00000228f1a18ad0 WorkerThread "GC Thread#5"                     [id=10756, stack(0x0000004e22100000,0x0000004e22200000) (1024K)]
  0x00000228f169f420 WorkerThread "GC Thread#6"                     [id=10144, stack(0x0000004e22200000,0x0000004e22300000) (1024K)]
  0x00000228f1a28200 WorkerThread "GC Thread#7"                     [id=3636, stack(0x0000004e22500000,0x0000004e22600000) (1024K)]
  0x00000228f1f72f70 WorkerThread "GC Thread#8"                     [id=17724, stack(0x0000004e22800000,0x0000004e22900000) (1024K)]
  0x00000228f1f97470 WorkerThread "GC Thread#9"                     [id=17676, stack(0x0000004e22900000,0x0000004e22a00000) (1024K)]
Total: 12

Threads with active compile tasks:
C2 CompilerThread0  78517 14780       4       com.google.gson.internal.bind.TypeAdapterRuntimeTypeWrapper::write (80 bytes)
C2 CompilerThread1  78517 14763 % !   4       org.eclipse.jdt.internal.core.JarPackageFragmentRoot::computeChildren @ 247 (606 bytes)
Total: 2

VM state: not at safepoint (normal execution)

VM Mutex/Monitor currently owned by a thread: None

Heap address: 0x0000000080000000, size: 2048 MB, Compressed Oops mode: 32-bit

CDS archive(s) mapped at: [0x00000228aa000000-0x00000228aaba0000-0x00000228aaba0000), size 12189696, SharedBaseAddress: 0x00000228aa000000, ArchiveRelocationMode: 1.
Compressed class space mapped at: 0x00000228ab000000-0x00000228eb000000, reserved size: 1073741824
Narrow klass base: 0x00000228aa000000, Narrow klass shift: 0, Narrow klass range: 0x100000000

GC Precious Log:
 CardTable entry size: 512
 CPUs: 12 total, 12 available
 Memory: 16024M
 Large Page Support: Disabled
 NUMA Support: Disabled
 Compressed Oops: Enabled (32-bit)
 Alignments: Space 512K, Generation 512K, Heap 2M
 Heap Min Capacity: 100M
 Heap Initial Capacity: 100M
 Heap Max Capacity: 2G
 Pre-touch: Disabled
 Parallel Workers: 10

Heap:
 PSYoungGen      total 14336K, used 4082K [0x00000000d5580000, 0x00000000d6480000, 0x0000000100000000)
  eden space 13312K, 27% used [0x00000000d5580000,0x00000000d5914b70,0x00000000d6280000)
  from space 1024K, 40% used [0x00000000d6380000,0x00000000d63e8000,0x00000000d6480000)
  to   space 1024K, 0% used [0x00000000d6280000,0x00000000d6280000,0x00000000d6380000)
 ParOldGen       total 840704K, used 840213K [0x0000000080000000, 0x00000000b3500000, 0x00000000d5580000)
  object space 840704K, 99% used [0x0000000080000000,0x00000000b34857d8,0x00000000b3500000)
 Metaspace       used 68975K, committed 70784K, reserved 1114112K
  class space    used 7222K, committed 8000K, reserved 1048576K

Card table byte_map: [0x0000022892fd0000,0x00000228933e0000] _byte_map_base: 0x0000022892bd0000

Marking Bits: (ParMarkBitMap*) 0x00007ffd6d103450
 Begin Bits: [0x00000228a5ae0000, 0x00000228a7ae0000)
 End Bits:   [0x00000228a7ae0000, 0x00000228a9ae0000)

Polling page: 0x0000022891410000

Metaspace:

Usage:
  Non-class:     60.31 MB used.
      Class:      7.05 MB used.
       Both:     67.36 MB used.

Virtual space:
  Non-class space:       64.00 MB reserved,      61.31 MB ( 96%) committed,  1 nodes.
      Class space:        1.00 GB reserved,       7.81 MB ( <1%) committed,  1 nodes.
             Both:        1.06 GB reserved,      69.12 MB (  6%) committed. 

Chunk freelists:
   Non-Class:  1.77 MB
       Class:  8.09 MB
        Both:  9.87 MB

MaxMetaspaceSize: unlimited
CompressedClassSpaceSize: 1.00 GB
Initial GC threshold: 21.00 MB
Current GC threshold: 97.31 MB
CDS: on
 - commit_granule_bytes: 65536.
 - commit_granule_words: 8192.
 - virtual_space_node_default_size: 8388608.
 - enlarge_chunks_in_place: 1.
 - use_allocation_guard: 0.


Internal statistics:

num_allocs_failed_limit: 15.
num_arena_births: 1394.
num_arena_deaths: 18.
num_vsnodes_births: 2.
num_vsnodes_deaths: 0.
num_space_committed: 1106.
num_space_uncommitted: 0.
num_chunks_returned_to_freelist: 35.
num_chunks_taken_from_freelist: 4919.
num_chunk_merges: 21.
num_chunk_splits: 2957.
num_chunks_enlarged: 1503.
num_inconsistent_stats: 0.

CodeHeap 'non-profiled nmethods': size=120000Kb used=16130Kb max_used=16130Kb free=103869Kb
 bounds [0x000002289e300000, 0x000002289f2d0000, 0x00000228a5830000]
CodeHeap 'profiled nmethods': size=120000Kb used=33742Kb max_used=33742Kb free=86257Kb
 bounds [0x0000022896830000, 0x0000022898930000, 0x000002289dd60000]
CodeHeap 'non-nmethods': size=5760Kb used=1453Kb max_used=1528Kb free=4306Kb
 bounds [0x000002289dd60000, 0x000002289dfd0000, 0x000002289e300000]
CodeCache: size=245760Kb, used=51325Kb, max_used=51400Kb, free=194432Kb
 total_blobs=14723, nmethods=13949, adapters=677, full_count=0
Compilation: enabled, stopped_count=0, restarted_count=0

Compilation events (20 events):
Event: 77.300 Thread 0x00000228f1044300 14791       3       jdk.internal.misc.Unsafe::setMemoryChecks (13 bytes)
Event: 77.300 Thread 0x00000228f14be110 nmethod 14785 0x000002289f2b9c90 code [0x000002289f2b9e20, 0x000002289f2b9ea8]
Event: 77.301 Thread 0x00000228f1044300 nmethod 14791 0x000002289891ac90 code [0x000002289891aee0, 0x000002289891b6d0]
Event: 77.301 Thread 0x00000228f1044300 14793       3       java.nio.Bits::unreserveMemory (64 bytes)
Event: 77.302 Thread 0x00000228f1044300 nmethod 14793 0x000002289891ba90 code [0x000002289891bc60, 0x000002289891be30]
Event: 77.302 Thread 0x00000228f1044300 14792   !   3       java.util.concurrent.ForkJoinTask$AdaptedCallable::exec (28 bytes)
Event: 77.302 Thread 0x00000228f1044300 nmethod 14792 0x000002289891bf90 code [0x000002289891c160, 0x000002289891c468]
Event: 77.302 Thread 0x00000228f1044300 14794       3       jdk.internal.misc.Unsafe::setMemory (29 bytes)
Event: 77.303 Thread 0x00000228f1044300 nmethod 14794 0x000002289891c610 code [0x000002289891c860, 0x000002289891d018]
Event: 77.304 Thread 0x00000228f1044300 14795       3       org.eclipse.jdt.internal.core.PackageFragmentRoot::internalPath (10 bytes)
Event: 77.305 Thread 0x00000228f1044300 nmethod 14795 0x000002289891d410 code [0x000002289891d620, 0x000002289891dee8]
Event: 77.317 Thread 0x00000228f14be110 14796       4       org.eclipse.jdt.internal.core.JavaElement::getElementInfo (27 bytes)
Event: 77.317 Thread 0x00000228f1044300 14797   !   3       org.eclipse.jdt.ls.core.internal.ConnectionStreamFactory$NamedPipeOutputStream::write (130 bytes)
Event: 77.318 Thread 0x00000228f1044300 nmethod 14797 0x000002289891e110 code [0x000002289891e340, 0x000002289891ea40]
Event: 77.318 Thread 0x00000228f1044300 14798       1       org.eclipse.lsp4j.jsonrpc.RemoteEndpoint::getJsonHandler (5 bytes)
Event: 77.318 Thread 0x00000228f1044300 nmethod 14798 0x000002289f2b9f90 code [0x000002289f2ba120, 0x000002289f2ba1e8]
Event: 77.346 Thread 0x00000228f1044300 14801   !   3       com.google.gson.Gson::toJson (179 bytes)
Event: 77.349 Thread 0x00000228f1044300 nmethod 14801 0x000002289891ed10 code [0x000002289891f060, 0x0000022898920320]
Event: 77.419 Thread 0x00000228f14be110 nmethod 14796 0x000002289f2ba290 code [0x000002289f2ba660, 0x000002289f2bcd58]
Event: 77.421 Thread 0x00000228f14be110 14800       4       org.eclipse.jdt.internal.core.ClasspathEntry::rootID (151 bytes)

GC Heap History (20 events):
Event: 76.797 GC heap before
{Heap before GC invocations=1436 (full 3):
 PSYoungGen      total 11264K, used 11236K [0x00000000d5580000, 0x00000000d6300000, 0x0000000100000000)
  eden space 10752K, 100% used [0x00000000d5580000,0x00000000d6000000,0x00000000d6000000)
  from space 512K, 94% used [0x00000000d6100000,0x00000000d61790c8,0x00000000d6180000)
  to   space 1024K, 0% used [0x00000000d6000000,0x00000000d6000000,0x00000000d6100000)
 ParOldGen       total 835584K, used 835284K [0x0000000080000000, 0x00000000b3000000, 0x00000000d5580000)
  object space 835584K, 99% used [0x0000000080000000,0x00000000b2fb5378,0x00000000b3000000)
 Metaspace       used 68948K, committed 70784K, reserved 1114112K
  class space    used 7221K, committed 8000K, reserved 1048576K
}
Event: 76.801 GC heap after
{Heap after GC invocations=1436 (full 3):
 PSYoungGen      total 11776K, used 1004K [0x00000000d5580000, 0x00000000d6580000, 0x0000000100000000)
  eden space 10752K, 0% used [0x00000000d5580000,0x00000000d5580000,0x00000000d6000000)
  from space 1024K, 98% used [0x00000000d6000000,0x00000000d60fb338,0x00000000d6100000)
  to   space 1536K, 0% used [0x00000000d6400000,0x00000000d6400000,0x00000000d6580000)
 ParOldGen       total 836096K, used 835681K [0x0000000080000000, 0x00000000b3080000, 0x00000000d5580000)
  object space 836096K, 99% used [0x0000000080000000,0x00000000b3018440,0x00000000b3080000)
 Metaspace       used 68948K, committed 70784K, reserved 1114112K
  class space    used 7221K, committed 8000K, reserved 1048576K
}
Event: 76.814 GC heap before
{Heap before GC invocations=1437 (full 3):
 PSYoungGen      total 11776K, used 11756K [0x00000000d5580000, 0x00000000d6580000, 0x0000000100000000)
  eden space 10752K, 100% used [0x00000000d5580000,0x00000000d6000000,0x00000000d6000000)
  from space 1024K, 98% used [0x00000000d6000000,0x00000000d60fb338,0x00000000d6100000)
  to   space 1536K, 0% used [0x00000000d6400000,0x00000000d6400000,0x00000000d6580000)
 ParOldGen       total 836096K, used 835681K [0x0000000080000000, 0x00000000b3080000, 0x00000000d5580000)
  object space 836096K, 99% used [0x0000000080000000,0x00000000b3018440,0x00000000b3080000)
 Metaspace       used 68948K, committed 70784K, reserved 1114112K
  class space    used 7221K, committed 8000K, reserved 1048576K
}
Event: 76.818 GC heap after
{Heap after GC invocations=1437 (full 3):
 PSYoungGen      total 14336K, used 682K [0x00000000d5580000, 0x00000000d6500000, 0x0000000100000000)
  eden space 13312K, 0% used [0x00000000d5580000,0x00000000d5580000,0x00000000d6280000)
  from space 1024K, 66% used [0x00000000d6400000,0x00000000d64aa9f8,0x00000000d6500000)
  to   space 1024K, 0% used [0x00000000d6300000,0x00000000d6300000,0x00000000d6400000)
 ParOldGen       total 837120K, used 836653K [0x0000000080000000, 0x00000000b3180000, 0x00000000d5580000)
  object space 837120K, 99% used [0x0000000080000000,0x00000000b310b778,0x00000000b3180000)
 Metaspace       used 68948K, committed 70784K, reserved 1114112K
  class space    used 7221K, committed 8000K, reserved 1048576K
}
Event: 76.838 GC heap before
{Heap before GC invocations=1438 (full 3):
 PSYoungGen      total 14336K, used 13994K [0x00000000d5580000, 0x00000000d6500000, 0x0000000100000000)
  eden space 13312K, 100% used [0x00000000d5580000,0x00000000d6280000,0x00000000d6280000)
  from space 1024K, 66% used [0x00000000d6400000,0x00000000d64aa9f8,0x00000000d6500000)
  to   space 1024K, 0% used [0x00000000d6300000,0x00000000d6300000,0x00000000d6400000)
 ParOldGen       total 837120K, used 836653K [0x0000000080000000, 0x00000000b3180000, 0x00000000d5580000)
  object space 837120K, 99% used [0x0000000080000000,0x00000000b310b778,0x00000000b3180000)
 Metaspace       used 68948K, committed 70784K, reserved 1114112K
  class space    used 7221K, committed 8000K, reserved 1048576K
}
Event: 76.842 GC heap after
{Heap after GC invocations=1438 (full 3):
 PSYoungGen      total 14336K, used 736K [0x00000000d5580000, 0x00000000d6480000, 0x0000000100000000)
  eden space 13312K, 0% used [0x00000000d5580000,0x00000000d5580000,0x00000000d6280000)
  from space 1024K, 71% used [0x00000000d6300000,0x00000000d63b8000,0x00000000d6400000)
  to   space 512K, 0% used [0x00000000d6400000,0x00000000d6400000,0x00000000d6480000)
 ParOldGen       total 837632K, used 837132K [0x0000000080000000, 0x00000000b3200000, 0x00000000d5580000)
  object space 837632K, 99% used [0x0000000080000000,0x00000000b3183328,0x00000000b3200000)
 Metaspace       used 68948K, committed 70784K, reserved 1114112K
  class space    used 7221K, committed 8000K, reserved 1048576K
}
Event: 76.861 GC heap before
{Heap before GC invocations=1439 (full 3):
 PSYoungGen      total 14336K, used 14048K [0x00000000d5580000, 0x00000000d6480000, 0x0000000100000000)
  eden space 13312K, 100% used [0x00000000d5580000,0x00000000d6280000,0x00000000d6280000)
  from space 1024K, 71% used [0x00000000d6300000,0x00000000d63b8000,0x00000000d6400000)
  to   space 512K, 0% used [0x00000000d6400000,0x00000000d6400000,0x00000000d6480000)
 ParOldGen       total 837632K, used 837132K [0x0000000080000000, 0x00000000b3200000, 0x00000000d5580000)
  object space 837632K, 99% used [0x0000000080000000,0x00000000b3183328,0x00000000b3200000)
 Metaspace       used 68948K, committed 70784K, reserved 1114112K
  class space    used 7221K, committed 8000K, reserved 1048576K
}
Event: 76.865 GC heap after
{Heap after GC invocations=1439 (full 3):
 PSYoungGen      total 13824K, used 512K [0x00000000d5580000, 0x00000000d6580000, 0x0000000100000000)
  eden space 13312K, 0% used [0x00000000d5580000,0x00000000d5580000,0x00000000d6280000)
  from space 512K, 100% used [0x00000000d6400000,0x00000000d6480000,0x00000000d6480000)
  to   space 1536K, 0% used [0x00000000d6280000,0x00000000d6280000,0x00000000d6400000)
 ParOldGen       total 837632K, used 837609K [0x0000000080000000, 0x00000000b3200000, 0x00000000d5580000)
  object space 837632K, 99% used [0x0000000080000000,0x00000000b31fa680,0x00000000b3200000)
 Metaspace       used 68948K, committed 70784K, reserved 1114112K
  class space    used 7221K, committed 8000K, reserved 1048576K
}
Event: 76.958 GC heap before
{Heap before GC invocations=1440 (full 3):
 PSYoungGen      total 13824K, used 13824K [0x00000000d5580000, 0x00000000d6580000, 0x0000000100000000)
  eden space 13312K, 100% used [0x00000000d5580000,0x00000000d6280000,0x00000000d6280000)
  from space 512K, 100% used [0x00000000d6400000,0x00000000d6480000,0x00000000d6480000)
  to   space 1536K, 0% used [0x00000000d6280000,0x00000000d6280000,0x00000000d6400000)
 ParOldGen       total 837632K, used 837609K [0x0000000080000000, 0x00000000b3200000, 0x00000000d5580000)
  object space 837632K, 99% used [0x0000000080000000,0x00000000b31fa680,0x00000000b3200000)
 Metaspace       used 68954K, committed 70784K, reserved 1114112K
  class space    used 7221K, committed 8000K, reserved 1048576K
}
Event: 76.962 GC heap after
{Heap after GC invocations=1440 (full 3):
 PSYoungGen      total 13824K, used 480K [0x00000000d5580000, 0x00000000d6480000, 0x0000000100000000)
  eden space 13312K, 0% used [0x00000000d5580000,0x00000000d5580000,0x00000000d6280000)
  from space 512K, 93% used [0x00000000d6280000,0x00000000d62f8000,0x00000000d6300000)
  to   space 1024K, 0% used [0x00000000d6380000,0x00000000d6380000,0x00000000d6480000)
 ParOldGen       total 838144K, used 837985K [0x0000000080000000, 0x00000000b3280000, 0x00000000d5580000)
  object space 838144K, 99% used [0x0000000080000000,0x00000000b3258690,0x00000000b3280000)
 Metaspace       used 68954K, committed 70784K, reserved 1114112K
  class space    used 7221K, committed 8000K, reserved 1048576K
}
Event: 77.107 GC heap before
{Heap before GC invocations=1441 (full 3):
 PSYoungGen      total 13824K, used 13792K [0x00000000d5580000, 0x00000000d6480000, 0x0000000100000000)
  eden space 13312K, 100% used [0x00000000d5580000,0x00000000d6280000,0x00000000d6280000)
  from space 512K, 93% used [0x00000000d6280000,0x00000000d62f8000,0x00000000d6300000)
  to   space 1024K, 0% used [0x00000000d6380000,0x00000000d6380000,0x00000000d6480000)
 ParOldGen       total 838144K, used 837985K [0x0000000080000000, 0x00000000b3280000, 0x00000000d5580000)
  object space 838144K, 99% used [0x0000000080000000,0x00000000b3258690,0x00000000b3280000)
 Metaspace       used 68956K, committed 70784K, reserved 1114112K
  class space    used 7221K, committed 8000K, reserved 1048576K
}
Event: 77.111 GC heap after
{Heap after GC invocations=1441 (full 3):
 PSYoungGen      total 13824K, used 416K [0x00000000d5580000, 0x00000000d6400000, 0x0000000100000000)
  eden space 13312K, 0% used [0x00000000d5580000,0x00000000d5580000,0x00000000d6280000)
  from space 512K, 81% used [0x00000000d6380000,0x00000000d63e8000,0x00000000d6400000)
  to   space 512K, 0% used [0x00000000d6280000,0x00000000d6280000,0x00000000d6300000)
 ParOldGen       total 838656K, used 838257K [0x0000000080000000, 0x00000000b3300000, 0x00000000d5580000)
  object space 838656K, 99% used [0x0000000080000000,0x00000000b329c690,0x00000000b3300000)
 Metaspace       used 68956K, committed 70784K, reserved 1114112K
  class space    used 7221K, committed 8000K, reserved 1048576K
}
Event: 77.186 GC heap before
{Heap before GC invocations=1442 (full 3):
 PSYoungGen      total 13824K, used 13728K [0x00000000d5580000, 0x00000000d6400000, 0x0000000100000000)
  eden space 13312K, 100% used [0x00000000d5580000,0x00000000d6280000,0x00000000d6280000)
  from space 512K, 81% used [0x00000000d6380000,0x00000000d63e8000,0x00000000d6400000)
  to   space 512K, 0% used [0x00000000d6280000,0x00000000d6280000,0x00000000d6300000)
 ParOldGen       total 838656K, used 838257K [0x0000000080000000, 0x00000000b3300000, 0x00000000d5580000)
  object space 838656K, 99% used [0x0000000080000000,0x00000000b329c690,0x00000000b3300000)
 Metaspace       used 68956K, committed 70784K, reserved 1114112K
  class space    used 7221K, committed 8000K, reserved 1048576K
}
Event: 77.189 GC heap after
{Heap after GC invocations=1442 (full 3):
 PSYoungGen      total 13824K, used 352K [0x00000000d5580000, 0x00000000d6400000, 0x0000000100000000)
  eden space 13312K, 0% used [0x00000000d5580000,0x00000000d5580000,0x00000000d6280000)
  from space 512K, 68% used [0x00000000d6280000,0x00000000d62d8000,0x00000000d6300000)
  to   space 512K, 0% used [0x00000000d6380000,0x00000000d6380000,0x00000000d6400000)
 ParOldGen       total 838656K, used 838569K [0x0000000080000000, 0x00000000b3300000, 0x00000000d5580000)
  object space 838656K, 99% used [0x0000000080000000,0x00000000b32ea690,0x00000000b3300000)
 Metaspace       used 68956K, committed 70784K, reserved 1114112K
  class space    used 7221K, committed 8000K, reserved 1048576K
}
Event: 77.218 GC heap before
{Heap before GC invocations=1443 (full 3):
 PSYoungGen      total 13824K, used 13664K [0x00000000d5580000, 0x00000000d6400000, 0x0000000100000000)
  eden space 13312K, 100% used [0x00000000d5580000,0x00000000d6280000,0x00000000d6280000)
  from space 512K, 68% used [0x00000000d6280000,0x00000000d62d8000,0x00000000d6300000)
  to   space 512K, 0% used [0x00000000d6380000,0x00000000d6380000,0x00000000d6400000)
 ParOldGen       total 838656K, used 838569K [0x0000000080000000, 0x00000000b3300000, 0x00000000d5580000)
  object space 838656K, 99% used [0x0000000080000000,0x00000000b32ea690,0x00000000b3300000)
 Metaspace       used 68956K, committed 70784K, reserved 1114112K
  class space    used 7221K, committed 8000K, reserved 1048576K
}
Event: 77.222 GC heap after
{Heap after GC invocations=1443 (full 3):
 PSYoungGen      total 13824K, used 384K [0x00000000d5580000, 0x00000000d6400000, 0x0000000100000000)
  eden space 13312K, 0% used [0x00000000d5580000,0x00000000d5580000,0x00000000d6280000)
  from space 512K, 75% used [0x00000000d6380000,0x00000000d63e0000,0x00000000d6400000)
  to   space 512K, 0% used [0x00000000d6280000,0x00000000d6280000,0x00000000d6300000)
 ParOldGen       total 839168K, used 838721K [0x0000000080000000, 0x00000000b3380000, 0x00000000d5580000)
  object space 839168K, 99% used [0x0000000080000000,0x00000000b3310690,0x00000000b3380000)
 Metaspace       used 68956K, committed 70784K, reserved 1114112K
  class space    used 7221K, committed 8000K, reserved 1048576K
}
Event: 77.281 GC heap before
{Heap before GC invocations=1444 (full 3):
 PSYoungGen      total 13824K, used 13696K [0x00000000d5580000, 0x00000000d6400000, 0x0000000100000000)
  eden space 13312K, 100% used [0x00000000d5580000,0x00000000d6280000,0x00000000d6280000)
  from space 512K, 75% used [0x00000000d6380000,0x00000000d63e0000,0x00000000d6400000)
  to   space 512K, 0% used [0x00000000d6280000,0x00000000d6280000,0x00000000d6300000)
 ParOldGen       total 839168K, used 838721K [0x0000000080000000, 0x00000000b3380000, 0x00000000d5580000)
  object space 839168K, 99% used [0x0000000080000000,0x00000000b3310690,0x00000000b3380000)
 Metaspace       used 68965K, committed 70784K, reserved 1114112K
  class space    used 7221K, committed 8000K, reserved 1048576K
}
Event: 77.285 GC heap after
{Heap after GC invocations=1444 (full 3):
 PSYoungGen      total 13824K, used 391K [0x00000000d5580000, 0x00000000d6400000, 0x0000000100000000)
  eden space 13312K, 0% used [0x00000000d5580000,0x00000000d5580000,0x00000000d6280000)
  from space 512K, 76% used [0x00000000d6280000,0x00000000d62e1c90,0x00000000d6300000)
  to   space 512K, 0% used [0x00000000d6380000,0x00000000d6380000,0x00000000d6400000)
 ParOldGen       total 839168K, used 838873K [0x0000000080000000, 0x00000000b3380000, 0x00000000d5580000)
  object space 839168K, 99% used [0x0000000080000000,0x00000000b3336690,0x00000000b3380000)
 Metaspace       used 68965K, committed 70784K, reserved 1114112K
  class space    used 7221K, committed 8000K, reserved 1048576K
}
Event: 77.377 GC heap before
{Heap before GC invocations=1445 (full 3):
 PSYoungGen      total 13824K, used 13703K [0x00000000d5580000, 0x00000000d6400000, 0x0000000100000000)
  eden space 13312K, 100% used [0x00000000d5580000,0x00000000d6280000,0x00000000d6280000)
  from space 512K, 76% used [0x00000000d6280000,0x00000000d62e1c90,0x00000000d6300000)
  to   space 512K, 0% used [0x00000000d6380000,0x00000000d6380000,0x00000000d6400000)
 ParOldGen       total 839168K, used 838873K [0x0000000080000000, 0x00000000b3380000, 0x00000000d5580000)
  object space 839168K, 99% used [0x0000000080000000,0x00000000b3336690,0x00000000b3380000)
 Metaspace       used 68975K, committed 70784K, reserved 1114112K
  class space    used 7222K, committed 8000K, reserved 1048576K
}
Event: 77.381 GC heap after
{Heap after GC invocations=1445 (full 3):
 PSYoungGen      total 13824K, used 448K [0x00000000d5580000, 0x00000000d6400000, 0x0000000100000000)
  eden space 13312K, 0% used [0x00000000d5580000,0x00000000d5580000,0x00000000d6280000)
  from space 512K, 87% used [0x00000000d6380000,0x00000000d63f0000,0x00000000d6400000)
  to   space 512K, 0% used [0x00000000d6280000,0x00000000d6280000,0x00000000d6300000)
 ParOldGen       total 839168K, used 839033K [0x0000000080000000, 0x00000000b3380000, 0x00000000d5580000)
  object space 839168K, 99% used [0x0000000080000000,0x00000000b335e690,0x00000000b3380000)
 Metaspace       used 68975K, committed 70784K, reserved 1114112K
  class space    used 7222K, committed 8000K, reserved 1048576K
}

Dll operation events (10 events):
Event: 0.010 Loaded shared library c:\Users\User\.vscode\extensions\redhat.java-1.53.0-win32-x64\jre\21.0.10-win32-x86_64\bin\java.dll
Event: 0.060 Loaded shared library c:\Users\User\.vscode\extensions\redhat.java-1.53.0-win32-x64\jre\21.0.10-win32-x86_64\bin\zip.dll
Event: 0.081 Loaded shared library C:\Users\User\.vscode\extensions\redhat.java-1.53.0-win32-x64\jre\21.0.10-win32-x86_64\bin\instrument.dll
Event: 0.087 Loaded shared library C:\Users\User\.vscode\extensions\redhat.java-1.53.0-win32-x64\jre\21.0.10-win32-x86_64\bin\net.dll
Event: 0.089 Loaded shared library C:\Users\User\.vscode\extensions\redhat.java-1.53.0-win32-x64\jre\21.0.10-win32-x86_64\bin\nio.dll
Event: 0.091 Loaded shared library C:\Users\User\.vscode\extensions\redhat.java-1.53.0-win32-x64\jre\21.0.10-win32-x86_64\bin\zip.dll
Event: 0.106 Loaded shared library C:\Users\User\.vscode\extensions\redhat.java-1.53.0-win32-x64\jre\21.0.10-win32-x86_64\bin\jimage.dll
Event: 0.184 Loaded shared library c:\Users\User\.vscode\extensions\redhat.java-1.53.0-win32-x64\jre\21.0.10-win32-x86_64\bin\verify.dll
Event: 1.014 Loaded shared library C:\Users\User\AppData\Roaming\Code\User\globalStorage\redhat.java\1.53.0\config_win\org.eclipse.equinox.launcher\org.eclipse.equinox.launcher.win32.win32.x86_64_1.3.0.v20260203-2149\eclipse_11919.dll
Event: 1.985 Loaded shared library C:\Users\User\AppData\Local\Temp\jna-2645995\jna2798163540669743338.dll

Deoptimization events (20 events):
Event: 75.970 Thread 0x00000228f49b0a50 Uncommon trap: trap_request=0xffffffd6 fr.pc=0x000002289f2545e0 relative=0x00000000000006c0
Event: 75.970 Thread 0x00000228f49b0a50 Uncommon trap: reason=array_check action=maybe_recompile pc=0x000002289f2545e0 method=java.util.ImmutableCollections$List12.toArray([Ljava/lang/Object;)[Ljava/lang/Object; @ 48 c2
Event: 75.970 Thread 0x00000228f49b0a50 DEOPT PACKING pc=0x000002289f2545e0 sp=0x0000004e264fda10
Event: 75.970 Thread 0x00000228f49b0a50 DEOPT UNPACKING pc=0x000002289ddb3aa2 sp=0x0000004e264fd900 mode 2
Event: 75.970 Thread 0x00000228f49b0a50 Uncommon trap: trap_request=0xffffffe4 fr.pc=0x000002289f254564 relative=0x0000000000000644
Event: 75.970 Thread 0x00000228f49b0a50 Uncommon trap: reason=range_check action=make_not_entrant pc=0x000002289f254564 method=java.util.ImmutableCollections$List12.toArray([Ljava/lang/Object;)[Ljava/lang/Object; @ 36 c2
Event: 75.970 Thread 0x00000228f49b0a50 DEOPT PACKING pc=0x000002289f254564 sp=0x0000004e264fda10
Event: 75.970 Thread 0x00000228f49b0a50 DEOPT UNPACKING pc=0x000002289ddb3aa2 sp=0x0000004e264fd900 mode 2
Event: 76.087 Thread 0x00000228f34dfe60 DEOPT PACKING pc=0x000002289886ecb8 sp=0x0000004e22ffe390
Event: 76.087 Thread 0x00000228f34dfe60 DEOPT UNPACKING pc=0x000002289ddb4242 sp=0x0000004e22ffd810 mode 0
Event: 76.184 Thread 0x00000228f34de420 DEOPT PACKING pc=0x000002289888fde9 sp=0x0000004e236fe0b0
Event: 76.184 Thread 0x00000228f34de420 DEOPT UNPACKING pc=0x000002289ddb4242 sp=0x0000004e236fd5e0 mode 0
Event: 76.908 Thread 0x00000228f34de420 Uncommon trap: trap_request=0xffffff45 fr.pc=0x000002289f1a0a2c relative=0x00000000000013ac
Event: 76.908 Thread 0x00000228f34de420 Uncommon trap: reason=unstable_if action=reinterpret pc=0x000002289f1a0a2c method=sun.nio.fs.WindowsPathParser.isLetter(C)Z @ 21 c2
Event: 76.908 Thread 0x00000228f34de420 DEOPT PACKING pc=0x000002289f1a0a2c sp=0x0000004e236ff350
Event: 76.909 Thread 0x00000228f34de420 DEOPT UNPACKING pc=0x000002289ddb3aa2 sp=0x0000004e236ff298 mode 2
Event: 76.909 Thread 0x00000228f34de420 Uncommon trap: trap_request=0xffffff45 fr.pc=0x000002289f1ae94c relative=0x0000000000000e4c
Event: 76.909 Thread 0x00000228f34de420 Uncommon trap: reason=unstable_if action=reinterpret pc=0x000002289f1ae94c method=sun.nio.fs.WindowsPath.startsWith(Ljava/nio/file/Path;)Z @ 28 c2
Event: 76.909 Thread 0x00000228f34de420 DEOPT PACKING pc=0x000002289f1ae94c sp=0x0000004e236ff410
Event: 76.909 Thread 0x00000228f34de420 DEOPT UNPACKING pc=0x000002289ddb3aa2 sp=0x0000004e236ff3d8 mode 2

Classes loaded (20 events):
Event: 48.390 Loading class java/util/concurrent/CompletableFuture$Signaller
Event: 48.390 Loading class java/util/concurrent/CompletableFuture$Signaller done
Event: 63.350 Loading class java/util/Hashtable$KeySet
Event: 63.350 Loading class java/util/Hashtable$KeySet done
Event: 63.616 Loading class java/io/BufferedReader$1
Event: 63.616 Loading class java/io/BufferedReader$1 done
Event: 66.296 Loading class jdk/internal/module/IllegalAccessLogger
Event: 66.296 Loading class jdk/internal/module/IllegalAccessLogger done
Event: 66.414 Loading class jdk/internal/module/IllegalAccessLogger
Event: 66.414 Loading class jdk/internal/module/IllegalAccessLogger done
Event: 72.109 Loading class java/util/concurrent/CompletableFuture$UniApply
Event: 72.110 Loading class java/util/concurrent/CompletableFuture$UniApply done
Event: 72.111 Loading class java/util/concurrent/CompletableFuture$UniExceptionally
Event: 72.111 Loading class java/util/concurrent/CompletableFuture$UniExceptionally done
Event: 72.417 Loading class java/io/SequenceInputStream
Event: 72.418 Loading class java/io/SequenceInputStream done
Event: 72.653 Loading class java/util/concurrent/CompletionException
Event: 72.653 Loading class java/util/concurrent/CompletionException done
Event: 73.131 Loading class java/lang/UnsupportedClassVersionError
Event: 73.132 Loading class java/lang/UnsupportedClassVersionError done

Classes unloaded (9 events):
Event: 2.398 Thread 0x00000228935c4970 Unloading class 0x00000228ab1a3800 'java/lang/invoke/LambdaForm$MH+0x00000228ab1a3800'
Event: 2.398 Thread 0x00000228935c4970 Unloading class 0x00000228ab1a3400 'java/lang/invoke/LambdaForm$MH+0x00000228ab1a3400'
Event: 2.398 Thread 0x00000228935c4970 Unloading class 0x00000228ab1a3000 'java/lang/invoke/LambdaForm$MH+0x00000228ab1a3000'
Event: 2.398 Thread 0x00000228935c4970 Unloading class 0x00000228ab1a2c00 'java/lang/invoke/LambdaForm$MH+0x00000228ab1a2c00'
Event: 2.398 Thread 0x00000228935c4970 Unloading class 0x00000228ab1a2800 'java/lang/invoke/LambdaForm$BMH+0x00000228ab1a2800'
Event: 2.398 Thread 0x00000228935c4970 Unloading class 0x00000228ab1a2400 'java/lang/invoke/LambdaForm$DMH+0x00000228ab1a2400'
Event: 2.398 Thread 0x00000228935c4970 Unloading class 0x00000228ab1a1000 'java/lang/invoke/LambdaForm$DMH+0x00000228ab1a1000'
Event: 28.012 Thread 0x00000228935c4970 Unloading class 0x00000228ab694c00 'java/lang/invoke/LambdaForm$DMH+0x00000228ab694c00'
Event: 28.012 Thread 0x00000228935c4970 Unloading class 0x00000228ab694400 'java/lang/invoke/LambdaForm$DMH+0x00000228ab694400'

Classes redefined (0 events):
No events

Internal exceptions (20 events):
Event: 73.119 Thread 0x00000228f1eda360 Exception <a 'sun/nio/fs/WindowsException'{0x00000000d5735a90}> (0x00000000d5735a90) 
thrown [s\src\hotspot\share\prims\jni.cpp, line 520]
Event: 73.120 Thread 0x00000228f1eda360 Exception <a 'sun/nio/fs/WindowsException'{0x00000000d5754480}> (0x00000000d5754480) 
thrown [s\src\hotspot\share\prims\jni.cpp, line 520]
Event: 73.120 Thread 0x00000228f1eda360 Exception <a 'sun/nio/fs/WindowsException'{0x00000000d5754cf8}> (0x00000000d5754cf8) 
thrown [s\src\hotspot\share\prims\jni.cpp, line 520]
Event: 73.159 Thread 0x00000228f49b0a50 Exception <a 'java/lang/NoSuchMethodError'{0x00000000d59447c0}: 'int java.lang.invoke.Invokers$Holder.invokeExact_MT(java.lang.Object, java.lang.Object)'> (0x00000000d59447c0) 
thrown [s\src\hotspot\share\interpreter\linkResolver.cpp, line 773]
Event: 73.362 Thread 0x00000228f49b4bf0 Implicit null exception at 0x000002289f180128 to 0x000002289f1809f4
Event: 73.596 Thread 0x00000228f49b4bf0 Implicit null exception at 0x000002289e6c2945 to 0x000002289e6c2cf8
Event: 73.603 Thread 0x00000228f49b4bf0 Implicit null exception at 0x000002289e6873ff to 0x000002289e68780c
Event: 73.604 Thread 0x00000228f49b4bf0 Implicit null exception at 0x000002289e627221 to 0x000002289e627534
Event: 76.905 Thread 0x00000228f34de420 Exception <a 'sun/nio/fs/WindowsException'{0x00000000d578e9c8}> (0x00000000d578e9c8) 
thrown [s\src\hotspot\share\prims\jni.cpp, line 520]
Event: 76.907 Thread 0x00000228f34de420 Exception <a 'sun/nio/fs/WindowsException'{0x00000000d578eff8}> (0x00000000d578eff8) 
thrown [s\src\hotspot\share\prims\jni.cpp, line 520]
Event: 76.910 Thread 0x00000228f1eda360 Exception <a 'sun/nio/fs/WindowsException'{0x00000000d57e7540}> (0x00000000d57e7540) 
thrown [s\src\hotspot\share\prims\jni.cpp, line 520]
Event: 76.910 Thread 0x00000228f1eda360 Exception <a 'sun/nio/fs/WindowsException'{0x00000000d57e7b70}> (0x00000000d57e7b70) 
thrown [s\src\hotspot\share\prims\jni.cpp, line 520]
Event: 76.964 Thread 0x00000228f1eda360 Exception <a 'sun/nio/fs/WindowsException'{0x00000000d558f398}> (0x00000000d558f398) 
thrown [s\src\hotspot\share\prims\jni.cpp, line 520]
Event: 76.986 Thread 0x00000228f1eda360 Exception <a 'sun/nio/fs/WindowsException'{0x00000000d558f9c8}> (0x00000000d558f9c8) 
thrown [s\src\hotspot\share\prims\jni.cpp, line 520]
Event: 77.006 Thread 0x00000228f34de420 Exception <a 'sun/nio/fs/WindowsException'{0x00000000d5596a08}> (0x00000000d5596a08) 
thrown [s\src\hotspot\share\prims\jni.cpp, line 520]
Event: 77.007 Thread 0x00000228f34de420 Exception <a 'sun/nio/fs/WindowsException'{0x00000000d5597038}> (0x00000000d5597038) 
thrown [s\src\hotspot\share\prims\jni.cpp, line 520]
Event: 77.019 Thread 0x00000228f1eda360 Exception <a 'sun/nio/fs/WindowsException'{0x00000000d583d3b0}> (0x00000000d583d3b0) 
thrown [s\src\hotspot\share\prims\jni.cpp, line 520]
Event: 77.019 Thread 0x00000228f1eda360 Exception <a 'sun/nio/fs/WindowsException'{0x00000000d583d9e0}> (0x00000000d583d9e0) 
thrown [s\src\hotspot\share\prims\jni.cpp, line 520]
Event: 77.033 Thread 0x00000228f34de420 Exception <a 'sun/nio/fs/WindowsException'{0x00000000d58e4480}> (0x00000000d58e4480) 
thrown [s\src\hotspot\share\prims\jni.cpp, line 520]
Event: 77.033 Thread 0x00000228f34de420 Exception <a 'sun/nio/fs/WindowsException'{0x00000000d5af17d0}> (0x00000000d5af17d0) 
thrown [s\src\hotspot\share\prims\jni.cpp, line 520]

ZGC Phase Switch (0 events):
No events

VM Operations (20 events):
Event: 76.813 Executing safepoint VM operation: ParallelGCFailedAllocation (Allocation Failure)
Event: 76.819 Executing safepoint VM operation: ParallelGCFailedAllocation (Allocation Failure) done
Event: 76.838 Executing safepoint VM operation: ParallelGCFailedAllocation (Allocation Failure)
Event: 76.842 Executing safepoint VM operation: ParallelGCFailedAllocation (Allocation Failure) done
Event: 76.861 Executing safepoint VM operation: ParallelGCFailedAllocation (Allocation Failure)
Event: 76.865 Executing safepoint VM operation: ParallelGCFailedAllocation (Allocation Failure) done
Event: 76.958 Executing safepoint VM operation: ParallelGCFailedAllocation (Allocation Failure)
Event: 76.963 Executing safepoint VM operation: ParallelGCFailedAllocation (Allocation Failure) done
Event: 77.098 Executing safepoint VM operation: ParallelGCFailedAllocation (Allocation Failure)
Event: 77.111 Executing safepoint VM operation: ParallelGCFailedAllocation (Allocation Failure) done
Event: 77.171 Executing safepoint VM operation: ParallelGCFailedAllocation (Allocation Failure)
Event: 77.189 Executing safepoint VM operation: ParallelGCFailedAllocation (Allocation Failure) done
Event: 77.218 Executing safepoint VM operation: ParallelGCFailedAllocation (Allocation Failure)
Event: 77.222 Executing safepoint VM operation: ParallelGCFailedAllocation (Allocation Failure) done
Event: 77.276 Executing safepoint VM operation: ParallelGCFailedAllocation (Allocation Failure)
Event: 77.285 Executing safepoint VM operation: ParallelGCFailedAllocation (Allocation Failure) done
Event: 77.357 Executing safepoint VM operation: ParallelGCFailedAllocation (Allocation Failure)
Event: 77.381 Executing safepoint VM operation: ParallelGCFailedAllocation (Allocation Failure) done
Event: 77.426 Executing safepoint VM operation: ParallelGCFailedAllocation (Allocation Failure)
Event: 77.441 Executing safepoint VM operation: ParallelGCFailedAllocation (Allocation Failure) done

Memory protections (0 events):
No events

Nmethod flushes (20 events):
Event: 28.047 Thread 0x00000228935c4970 flushing  nmethod 0x00000228970fb990
Event: 28.047 Thread 0x00000228935c4970 flushing  nmethod 0x0000022897112a10
Event: 28.047 Thread 0x00000228935c4970 flushing  nmethod 0x0000022897113390
Event: 28.047 Thread 0x00000228935c4970 flushing  nmethod 0x0000022897113990
Event: 28.047 Thread 0x00000228935c4970 flushing  nmethod 0x0000022897113d10
Event: 28.047 Thread 0x00000228935c4970 flushing  nmethod 0x0000022897121f10
Event: 28.047 Thread 0x00000228935c4970 flushing osr nmethod 0x000002289712cc10
Event: 28.047 Thread 0x00000228935c4970 flushing  nmethod 0x000002289715d490
Event: 28.047 Thread 0x00000228935c4970 flushing  nmethod 0x000002289715da90
Event: 28.047 Thread 0x00000228935c4970 flushing  nmethod 0x0000022897161810
Event: 28.047 Thread 0x00000228935c4970 flushing  nmethod 0x0000022897164810
Event: 28.047 Thread 0x00000228935c4970 flushing  nmethod 0x0000022897186390
Event: 28.047 Thread 0x00000228935c4970 flushing  nmethod 0x0000022897199f90
Event: 28.047 Thread 0x00000228935c4970 flushing  nmethod 0x00000228971aa410
Event: 28.047 Thread 0x00000228935c4970 flushing  nmethod 0x00000228971bc410
Event: 28.047 Thread 0x00000228935c4970 flushing  nmethod 0x00000228971d5710
Event: 28.047 Thread 0x00000228935c4970 flushing  nmethod 0x00000228971da610
Event: 28.047 Thread 0x00000228935c4970 flushing  nmethod 0x00000228971dc510
Event: 28.047 Thread 0x00000228935c4970 flushing  nmethod 0x00000228971e7090
Event: 28.047 Thread 0x00000228935c4970 flushing  nmethod 0x00000228971fa390

Events (20 events):
Event: 66.465 Thread 0x00000228f49b1e00 Thread exited: 0x00000228f49b1e00
Event: 66.465 Thread 0x00000228f4fa7df0 Thread exited: 0x00000228f4fa7df0
Event: 66.465 Thread 0x00000228f4fa9830 Thread exited: 0x00000228f4fa9830
Event: 66.466 Thread 0x00000228f49afd30 Thread exited: 0x00000228f49afd30
Event: 67.159 Thread 0x00000228feb50b60 Thread exited: 0x00000228feb50b60
Event: 71.290 Thread 0x00000228f1044300 Thread added: 0x00000228f14baa90
Event: 71.367 Thread 0x00000228f1044300 Thread added: 0x00000228f14bd370
Event: 71.864 Thread 0x00000228f14bd370 Thread exited: 0x00000228f14bd370
Event: 72.111 Thread 0x00000228f4e3d570 Thread added: 0x00000228f49afd30
Event: 72.114 Thread 0x00000228f49afd30 Thread added: 0x00000228f49af6a0
Event: 72.117 Thread 0x00000228f49af6a0 Thread added: 0x00000228f49b03c0
Event: 72.119 Thread 0x00000228f49b03c0 Thread added: 0x00000228f49b0a50
Event: 72.123 Thread 0x00000228f49b0a50 Thread added: 0x00000228f49b1770
Event: 72.127 Thread 0x00000228f49b1770 Thread added: 0x00000228f49b10e0
Event: 72.129 Thread 0x00000228f49b10e0 Thread added: 0x00000228f49b1e00
Event: 72.130 Thread 0x00000228f49b1e00 Thread added: 0x00000228f49ae980
Event: 72.545 Thread 0x00000228f49b1e00 Thread added: 0x00000228f49af010
Event: 72.553 Thread 0x00000228f49af010 Thread added: 0x00000228f49b4bf0
Event: 72.554 Thread 0x00000228f34dd700 Thread added: 0x00000228f49b5280
Event: 73.298 Thread 0x00000228f1044300 Thread added: 0x00000228f14be110


Dynamic libraries:
0x00007ff7c32c0000 - 0x00007ff7c32ce000 	c:\Users\User\.vscode\extensions\redhat.java-1.53.0-win32-x64\jre\21.0.10-win32-x86_64\bin\java.exe
0x00007ffe1ee00000 - 0x00007ffe1f068000 	C:\WINDOWS\SYSTEM32\ntdll.dll
0x00007ffe1dd60000 - 0x00007ffe1de29000 	C:\WINDOWS\System32\KERNEL32.DLL
0x00007ffe1c7a0000 - 0x00007ffe1cb91000 	C:\WINDOWS\System32\KERNELBASE.dll
0x00007ffe1c440000 - 0x00007ffe1c58b000 	C:\WINDOWS\System32\ucrtbase.dll
0x00007ffdec660000 - 0x00007ffdec678000 	c:\Users\User\.vscode\extensions\redhat.java-1.53.0-win32-x64\jre\21.0.10-win32-x86_64\bin\jli.dll
0x00007ffde9320000 - 0x00007ffde933e000 	c:\Users\User\.vscode\extensions\redhat.java-1.53.0-win32-x64\jre\21.0.10-win32-x86_64\bin\VCRUNTIME140.dll
0x00007ffe1de30000 - 0x00007ffe1dff6000 	C:\WINDOWS\System32\USER32.dll
0x00007ffdfa060000 - 0x00007ffdfa2f3000 	C:\WINDOWS\WinSxS\amd64_microsoft.windows.common-controls_6595b64144ccf1df_6.0.26100.7824_none_3e0870b2e3345462\COMCTL32.dll
0x00007ffe1c2b0000 - 0x00007ffe1c2d7000 	C:\WINDOWS\System32\win32u.dll
0x00007ffe1e970000 - 0x00007ffe1ea19000 	C:\WINDOWS\System32\msvcrt.dll
0x00007ffe1e940000 - 0x00007ffe1e96b000 	C:\WINDOWS\System32\GDI32.dll
0x00007ffe1c010000 - 0x00007ffe1c13b000 	C:\WINDOWS\System32\gdi32full.dll
0x00007ffe1c2e0000 - 0x00007ffe1c383000 	C:\WINDOWS\System32\msvcp_win.dll
0x00007ffe1eb40000 - 0x00007ffe1eb71000 	C:\WINDOWS\System32\IMM32.DLL
0x00007ffe152d0000 - 0x00007ffe152dc000 	c:\Users\User\.vscode\extensions\redhat.java-1.53.0-win32-x64\jre\21.0.10-win32-x86_64\bin\vcruntime140_1.dll
0x00007ffdd2930000 - 0x00007ffdd29bd000 	c:\Users\User\.vscode\extensions\redhat.java-1.53.0-win32-x64\jre\21.0.10-win32-x86_64\bin\msvcp140.dll
0x00007ffd6c440000 - 0x00007ffd6d1e1000 	c:\Users\User\.vscode\extensions\redhat.java-1.53.0-win32-x64\jre\21.0.10-win32-x86_64\bin\server\jvm.dll
0x00007ffe1e4f0000 - 0x00007ffe1e5a4000 	C:\WINDOWS\System32\ADVAPI32.dll
0x00007ffe1dcb0000 - 0x00007ffe1dd56000 	C:\WINDOWS\System32\sechost.dll
0x00007ffe1e1f0000 - 0x00007ffe1e308000 	C:\WINDOWS\System32\RPCRT4.dll
0x00007ffe1e000000 - 0x00007ffe1e074000 	C:\WINDOWS\System32\WS2_32.dll
0x00007ffe0f070000 - 0x00007ffe0f0a5000 	C:\WINDOWS\SYSTEM32\WINMM.dll
0x00007ffe1b540000 - 0x00007ffe1b59e000 	C:\WINDOWS\SYSTEM32\POWRPROF.dll
0x00007ffe16300000 - 0x00007ffe1630b000 	C:\WINDOWS\SYSTEM32\VERSION.dll
0x00007ffe1b520000 - 0x00007ffe1b534000 	C:\WINDOWS\SYSTEM32\UMPDC.dll
0x00007ffe1a480000 - 0x00007ffe1a49b000 	C:\WINDOWS\SYSTEM32\kernel.appcore.dll
0x00007ffe11020000 - 0x00007ffe1102a000 	c:\Users\User\.vscode\extensions\redhat.java-1.53.0-win32-x64\jre\21.0.10-win32-x86_64\bin\jimage.dll
0x00007ffe19580000 - 0x00007ffe197c2000 	C:\WINDOWS\SYSTEM32\DBGHELP.DLL
0x00007ffe1e5b0000 - 0x00007ffe1e936000 	C:\WINDOWS\System32\combase.dll
0x00007ffe1cbb0000 - 0x00007ffe1cc87000 	C:\WINDOWS\System32\OLEAUT32.dll
0x00007ffdf8900000 - 0x00007ffdf893b000 	C:\WINDOWS\SYSTEM32\dbgcore.DLL
0x00007ffe1c390000 - 0x00007ffe1c435000 	C:\WINDOWS\System32\bcryptPrimitives.dll
0x00007ffe10bf0000 - 0x00007ffe10bff000 	c:\Users\User\.vscode\extensions\redhat.java-1.53.0-win32-x64\jre\21.0.10-win32-x86_64\bin\instrument.dll
0x00007ffde8b70000 - 0x00007ffde8b90000 	c:\Users\User\.vscode\extensions\redhat.java-1.53.0-win32-x64\jre\21.0.10-win32-x86_64\bin\java.dll
0x00007ffe1d140000 - 0x00007ffe1d892000 	C:\WINDOWS\System32\SHELL32.dll
0x00007ffe1c140000 - 0x00007ffe1c2aa000 	C:\WINDOWS\System32\wintypes.dll
0x00007ffe1b7a0000 - 0x00007ffe1c003000 	C:\WINDOWS\System32\windows.storage.dll
0x00007ffe1e080000 - 0x00007ffe1e176000 	C:\WINDOWS\System32\SHCORE.dll
0x00007ffe1e180000 - 0x00007ffe1e1e7000 	C:\WINDOWS\System32\shlwapi.dll
0x00007ffe1b600000 - 0x00007ffe1b629000 	C:\WINDOWS\SYSTEM32\profapi.dll
0x00007ffde7b80000 - 0x00007ffde7b98000 	c:\Users\User\.vscode\extensions\redhat.java-1.53.0-win32-x64\jre\21.0.10-win32-x86_64\bin\zip.dll
0x00007ffdfc6c0000 - 0x00007ffdfc6d0000 	C:\Users\User\.vscode\extensions\redhat.java-1.53.0-win32-x64\jre\21.0.10-win32-x86_64\bin\net.dll
0x00007ffe15d90000 - 0x00007ffe15eb7000 	C:\WINDOWS\SYSTEM32\WINHTTP.dll
0x00007ffe1a9f0000 - 0x00007ffe1aa5b000 	C:\WINDOWS\system32\mswsock.dll
0x00007ffde6fc0000 - 0x00007ffde6fd6000 	C:\Users\User\.vscode\extensions\redhat.java-1.53.0-win32-x64\jre\21.0.10-win32-x86_64\bin\nio.dll
0x00007ffdfc560000 - 0x00007ffdfc570000 	c:\Users\User\.vscode\extensions\redhat.java-1.53.0-win32-x64\jre\21.0.10-win32-x86_64\bin\verify.dll
0x00007ffdad0e0000 - 0x00007ffdad125000 	C:\Users\User\AppData\Roaming\Code\User\globalStorage\redhat.java\1.53.0\config_win\org.eclipse.equinox.launcher\org.eclipse.equinox.launcher.win32.win32.x86_64_1.3.0.v20260203-2149\eclipse_11919.dll
0x00007ffe1ec20000 - 0x00007ffe1edb7000 	C:\WINDOWS\System32\ole32.dll
0x00007ffe1acc0000 - 0x00007ffe1acdb000 	C:\WINDOWS\SYSTEM32\CRYPTSP.dll
0x00007ffe1a3e0000 - 0x00007ffe1a419000 	C:\WINDOWS\system32\rsaenh.dll
0x00007ffe1aaa0000 - 0x00007ffe1aacb000 	C:\WINDOWS\SYSTEM32\USERENV.dll
0x00007ffe1b5d0000 - 0x00007ffe1b5fa000 	C:\WINDOWS\SYSTEM32\bcrypt.dll
0x00007ffe1ace0000 - 0x00007ffe1acec000 	C:\WINDOWS\SYSTEM32\CRYPTBASE.dll
0x00007ffe19e80000 - 0x00007ffe19eb4000 	C:\WINDOWS\SYSTEM32\IPHLPAPI.DLL
0x00007ffe1d8d0000 - 0x00007ffe1d8da000 	C:\WINDOWS\System32\NSI.dll
0x00007ffdd57f0000 - 0x00007ffdd5839000 	C:\Users\User\AppData\Local\Temp\jna-2645995\jna2798163540669743338.dll
0x00007ffe1cba0000 - 0x00007ffe1cba8000 	C:\WINDOWS\System32\PSAPI.DLL
0x00007ffe16340000 - 0x00007ffe1635e000 	C:\WINDOWS\SYSTEM32\dhcpcsvc6.DLL
0x00007ffe16310000 - 0x00007ffe16333000 	C:\WINDOWS\SYSTEM32\dhcpcsvc.DLL
0x00007ffe1a5a0000 - 0x00007ffe1a5d6000 	C:\WINDOWS\SYSTEM32\ntmarta.dll

JVMTI agents:
c:\Users\User\.vscode\extensions\redhat.java-1.53.0-win32-x64\lombok\lombok-1.18.39-4050.jar path:c:\Users\User\.vscode\extensions\redhat.java-1.53.0-win32-x64\jre\21.0.10-win32-x86_64\bin\instrument.dll, loaded, initialized, instrumentlib options:none

dbghelp: loaded successfully - version: 4.0.5 - missing functions: none
symbol engine: initialized successfully - sym options: 0x614 - pdb path: .;c:\Users\User\.vscode\extensions\redhat.java-1.53.0-win32-x64\jre\21.0.10-win32-x86_64\bin;C:\WINDOWS\SYSTEM32;C:\WINDOWS\WinSxS\amd64_microsoft.windows.common-controls_6595b64144ccf1df_6.0.26100.7824_none_3e0870b2e3345462;c:\Users\User\.vscode\extensions\redhat.java-1.53.0-win32-x64\jre\21.0.10-win32-x86_64\bin\server;C:\Users\User\AppData\Roaming\Code\User\globalStorage\redhat.java\1.53.0\config_win\org.eclipse.equinox.launcher\org.eclipse.equinox.launcher.win32.win32.x86_64_1.3.0.v20260203-2149;C:\Users\User\AppData\Local\Temp\jna-2645995

VM Arguments:
jvm_args: --add-modules=ALL-SYSTEM --add-opens=java.base/java.util=ALL-UNNAMED --add-opens=java.base/java.lang=ALL-UNNAMED --add-opens=java.base/sun.nio.fs=ALL-UNNAMED -Declipse.application=org.eclipse.jdt.ls.core.id1 -Dosgi.bundles.defaultStartLevel=4 -Declipse.product=org.eclipse.jdt.ls.core.product -Djava.import.generatesMetadataFilesAtProjectRoot=false -DDetectVMInstallationsJob.disabled=true -Dfile.encoding=utf8 -XX:+UseParallelGC -XX:GCTimeRatio=4 -XX:AdaptiveSizePolicyWeight=90 -Dsun.zip.disableMemoryMapping=true -Xmx2G -Xms100m -Xlog:disable -javaagent:c:\Users\User\.vscode\extensions\redhat.java-1.53.0-win32-x64\lombok\lombok-1.18.39-4050.jar -XX:+HeapDumpOnOutOfMemoryError -XX:HeapDumpPath=c:\Users\User\AppData\Roaming\Code\User\workspaceStorage\e3c046a9cf59a560a07a0698ab2c84d1\redhat.java -Daether.dependencyCollector.impl=bf 
java_command: c:\Users\User\.vscode\extensions\redhat.java-1.53.0-win32-x64\server\plugins\org.eclipse.equinox.launcher_1.7.100.v20251111-0406.jar -configuration c:\Users\User\AppData\Roaming\Code\User\globalStorage\redhat.java\1.53.0\config_win -data c:\Users\User\AppData\Roaming\Code\User\workspaceStorage\e3c046a9cf59a560a07a0698ab2c84d1\redhat.java\jdt_ws --pipe=\\.\pipe\lsp-2cd9d4d59a6d2d7fc4ba0e31d8d04b8d-sock
java_class_path (initial): c:\Users\User\.vscode\extensions\redhat.java-1.53.0-win32-x64\server\plugins\org.eclipse.equinox.launcher_1.7.100.v20251111-0406.jar
Launcher Type: SUN_STANDARD

[Global flags]
    uintx AdaptiveSizePolicyWeight                 = 90                                        {product} {command line}
     intx CICompilerCount                          = 4                                         {product} {ergonomic}
    uintx GCTimeRatio                              = 4                                         {product} {command line}
     bool HeapDumpOnOutOfMemoryError               = true                                   {manageable} {command line}
    ccstr HeapDumpPath                             = c:\Users\User\AppData\Roaming\Code\User\workspaceStorage\e3c046a9cf59a560a07a0698ab2c84d1\redhat.java         {manageable} {command line}
   size_t InitialHeapSize                          = 104857600                                 {product} {command line}
   size_t MaxHeapSize                              = 2147483648                                {product} {command line}
   size_t MaxNewSize                               = 715653120                                 {product} {ergonomic}
   size_t MinHeapDeltaBytes                        = 524288                                    {product} {ergonomic}
   size_t MinHeapSize                              = 104857600                                 {product} {command line}
   size_t NewSize                                  = 34603008                                  {product} {ergonomic}
    uintx NonNMethodCodeHeapSize                   = 5839372                                {pd product} {ergonomic}
    uintx NonProfiledCodeHeapSize                  = 122909434                              {pd product} {ergonomic}
   size_t OldSize                                  = 70254592                                  {product} {ergonomic}
    uintx ProfiledCodeHeapSize                     = 122909434                              {pd product} {ergonomic}
    uintx ReservedCodeCacheSize                    = 251658240                              {pd product} {ergonomic}
     bool SegmentedCodeCache                       = true                                      {product} {ergonomic}
   size_t SoftMaxHeapSize                          = 2147483648                             {manageable} {ergonomic}
     bool UseCompressedOops                        = true                           {product lp64_product} {ergonomic}
     bool UseLargePagesIndividualAllocation        = false                                  {pd product} {ergonomic}
     bool UseParallelGC                            = true                                      {product} {command line}

Logging:
Log output configuration:
 #0: stdout all=off uptime,level,tags foldmultilines=false
 #1: stderr all=off uptime,level,tags foldmultilines=false

Release file:
JAVA_VERSION="21.0.10" 
MODULES="java.base java.compiler java.datatransfer java.xml java.prefs java.desktop java.instrument java.logging java.management java.security.sasl java.naming java.rmi java.management.rmi java.net.http java.scripting java.security.jgss java.transaction.xa java.sql java.sql.rowset java.xml.crypto java.se java.smartcardio jdk.accessibility jdk.internal.jvmstat jdk.attach jdk.charsets jdk.internal.opt jdk.zipfs jdk.compiler jdk.crypto.ec jdk.crypto.cryptoki jdk.crypto.mscapi jdk.dynalink jdk.internal.ed jdk.editpad jdk.hotspot.agent jdk.httpserver jdk.internal.le jdk.internal.vm.ci jdk.internal.vm.compiler jdk.internal.vm.compiler.management jdk.jartool jdk.javadoc jdk.jcmd jdk.management jdk.management.agent jdk.jconsole jdk.jdeps jdk.jdwp.agent jdk.jdi jdk.jfr jdk.jshell jdk.jsobject jdk.jstatd jdk.localedata jdk.management.jfr jdk.naming.dns jdk.naming.rmi jdk.net jdk.nio.mapmode jdk.random jdk.sctp jdk.security.auth jdk.security.jgss jdk.unsupported jdk.unsupported.desktop jdk.xml.dom" 

Environment Variables:
PATH=C:\Users\User\AppData\Local\Programs\Microsoft VS Code;C:\Program Files\Common Files\Oracle\Java\javapath;C:\Python314\Scripts\;C:\Python314\;C:\WINDOWS\system32;C:\WINDOWS;C:\WINDOWS\System32\Wbem;C:\WINDOWS\System32\WindowsPowerShell\v1.0\;C:\WINDOWS\System32\OpenSSH\;C:\Program Files\nodejs\;C:\ProgramData\chocolatey\bin;C:\Program Files\MySQL\MySQL Server 8.0\bin;C:\Program Files\Git\cmd;C:\Users\User\.config\herd-lite\bin;C:\Program Files\MySQL\MySQL Shell 8.0\bin\;C:\Users\User\AppData\Local\Microsoft\WindowsApps;C:\Users\User\AppData\Roaming\npm;C:\Users\User\AppData\Local\Programs\Microsoft VS Code\bin;C:\Users\User\AppData\Local\GitHubDesktop\bin;C:\Users\User\AppData\Local\Google\Cloud SDK\google-cloud-sdk\bin
USERNAME=User
OS=Windows_NT
PROCESSOR_IDENTIFIER=Intel64 Family 6 Model 186 Stepping 2, GenuineIntel
TMP=C:\Users\User\AppData\Local\Temp
TEMP=C:\Users\User\AppData\Local\Temp




Periodic native trim disabled

---------------  S Y S T E M  ---------------

OS:
 Windows 11 , 64 bit Build 26100 (10.0.26100.7705)
OS uptime: 1 days 7:27 hours
Hyper-V role detected

CPU: total 12 (initial active 12) (6 cores per cpu, 2 threads per core) family 6 model 186 stepping 2 microcode 0x4122, cx8, cmov, fxsr, ht, mmx, 3dnowpref, sse, sse2, sse3, ssse3, sse4.1, sse4.2, popcnt, lzcnt, tsc, tscinvbit, avx, avx2, aes, erms, clmul, bmi1, bmi2, adx, sha, fma, vzeroupper, clflush, clflushopt, clwb, hv, serialize, rdtscp, rdpid, fsrm, f16c, cet_ibt, cet_ss
Processor Information for the first 12 processors :
  Max Mhz: 2100, Current Mhz: 2100, Mhz Limit: 2100

Memory: 4k page, system-wide physical 16024M (2000M free)
TotalPageFile size 20120M (AvailPageFile size 33M)
current process WorkingSet (physical memory assigned to process): 1227M, peak: 1227M
current process commit charge ("private bytes"): 1182M, peak: 1182M

vm_info: OpenJDK 64-Bit Server VM (21.0.10+7-LTS) for windows-amd64 JRE (21.0.10+7-LTS), built on 2026-01-20T00:00:00Z by "admin" with MS VC++ 17.12 (VS2022)

END.
