#
# There is insufficient memory for the Java Runtime Environment to continue.
# Native memory allocation (malloc) failed to allocate 1927568 bytes. Error detail: Chunk::new
# Possible reasons:
#   The system is out of physical RAM or swap space
#   This process is running with CompressedOops enabled, and the Java Heap may be blocking the growth of the native heap
# Possible solutions:
#   Reduce memory load on the system
#   Increase physical memory or swap space
#   Check if swap backing store is full
#   Decrease Java heap size (-Xmx/-Xms)
#   Decrease number of Java threads
#   Decrease Java thread stack sizes (-Xss)
#   Set larger code cache with -XX:ReservedCodeCacheSize=
#   JVM is running with Unscaled Compressed Oops mode in which the Java heap is
#     placed in the first 4GB address space. The Java Heap base address is the
#     maximum limit for the native heap growth. Please use -XX:HeapBaseMinAddress
#     to set the Java Heap base and to place the Java Heap above 4GB virtual address.
# This output file may be truncated or incomplete.
#
#  Out of Memory Error (arena.cpp:168), pid=20856, tid=20664
#
# JRE version: OpenJDK Runtime Environment Temurin-21.0.10+7 (21.0.10+7) (build 21.0.10+7-LTS)
# Java VM: OpenJDK 64-Bit Server VM Temurin-21.0.10+7 (21.0.10+7-LTS, mixed mode, sharing, tiered, compressed oops, compressed class ptrs, parallel gc, windows-amd64)
# No core dump will be written. Minidumps are not enabled by default on client versions of Windows
#

---------------  S U M M A R Y ------------

Command Line: --add-modules=ALL-SYSTEM --add-opens=java.base/java.util=ALL-UNNAMED --add-opens=java.base/java.lang=ALL-UNNAMED --add-opens=java.base/sun.nio.fs=ALL-UNNAMED -Declipse.application=org.eclipse.jdt.ls.core.id1 -Dosgi.bundles.defaultStartLevel=4 -Declipse.product=org.eclipse.jdt.ls.core.product -Djava.import.generatesMetadataFilesAtProjectRoot=false -DDetectVMInstallationsJob.disabled=true -Dfile.encoding=utf8 -XX:+UseParallelGC -XX:GCTimeRatio=4 -XX:AdaptiveSizePolicyWeight=90 -Dsun.zip.disableMemoryMapping=true -Xmx2G -Xms100m -Xlog:disable -javaagent:c:\Users\User\.vscode\extensions\redhat.java-1.53.0-win32-x64\lombok\lombok-1.18.39-4050.jar -XX:+HeapDumpOnOutOfMemoryError -XX:HeapDumpPath=c:\Users\User\AppData\Roaming\Code\User\workspaceStorage\e3c046a9cf59a560a07a0698ab2c84d1\redhat.java -Daether.dependencyCollector.impl=bf c:\Users\User\.vscode\extensions\redhat.java-1.53.0-win32-x64\server\plugins\org.eclipse.equinox.launcher_1.7.100.v20251111-0406.jar -configuration c:\Users\User\AppData\Roaming\Code\User\globalStorage\redhat.java\1.53.0\config_win -data c:\Users\User\AppData\Roaming\Code\User\workspaceStorage\e3c046a9cf59a560a07a0698ab2c84d1\redhat.java\jdt_ws --pipe=\\.\pipe\lsp-29f8f29cbda22e42be1036e53ade29c9-sock

Host: 13th Gen Intel(R) Core(TM) i5-13420H, 12 cores, 15G,  Windows 11 , 64 bit Build 26100 (10.0.26100.7705)
Time: Tue Mar 10 15:13:09 2026 Sri Lanka Standard Time elapsed time: 33.849052 seconds (0d 0h 0m 33s)

---------------  T H R E A D  ---------------

Current thread (0x0000015cff669920):  JavaThread "C2 CompilerThread2" daemon [_thread_in_native, id=20664, stack(0x00000057e2f00000,0x00000057e3000000) (1024K)]


Current CompileTask:
C2:33849 11682       4       org.eclipse.osgi.container.ModuleDatabase$Persistence::addMap (289 bytes)

Stack: [0x00000057e2f00000,0x00000057e3000000]
Native frames: (J=compiled Java code, j=interpreted, Vv=VM code, C=native code)
V  [jvm.dll+0x6d7a39]
V  [jvm.dll+0x8b4b26]
V  [jvm.dll+0x8b70de]
V  [jvm.dll+0x8b77c3]
V  [jvm.dll+0x284346]
V  [jvm.dll+0xc66ed]
V  [jvm.dll+0xc6c31]
V  [jvm.dll+0x3bec3b]
V  [jvm.dll+0x38b162]
V  [jvm.dll+0x38a5aa]
V  [jvm.dll+0x24c560]
V  [jvm.dll+0x24bb40]
V  [jvm.dll+0x1cb34e]
V  [jvm.dll+0x25b85d]
V  [jvm.dll+0x259dea]
V  [jvm.dll+0x3f857e]
V  [jvm.dll+0x85f59d]
V  [jvm.dll+0x6d626d]
C  [ucrtbase.dll+0x37b0]
C  [KERNEL32.DLL+0x2e8d7]
C  [ntdll.dll+0x8c40c]


---------------  P R O C E S S  ---------------

Threads class SMR info:
_java_thread_list=0x0000015cc897afe0, length=67, elements={
0x0000015ce6a79360, 0x0000015cff326550, 0x0000015cff3271b0, 0x0000015cff329700,
0x0000015cff32ac30, 0x0000015cff331260, 0x0000015cff335a60, 0x0000015cff337480,
0x0000015cff34a060, 0x0000015cff576020, 0x0000015cff673bb0, 0x0000015cc5161960,
0x0000015cffdd2650, 0x0000015cffe9f3d0, 0x0000015cffea1a50, 0x0000015cc5781580,
0x0000015cc54cefa0, 0x0000015cc5503170, 0x0000015cc599ed30, 0x0000015cc599c5d0,
0x0000015cc599d980, 0x0000015cc599cc60, 0x0000015cc599d2f0, 0x0000015cc599e010,
0x0000015cc599e6a0, 0x0000015cc599bf40, 0x0000015cc6adde00, 0x0000015cc6adb6a0,
0x0000015cc6add770, 0x0000015cc6ada980, 0x0000015cc6adbd30, 0x0000015cc6adca50,
0x0000015cc6add0e0, 0x0000015cc6ade490, 0x0000015cc6adb010, 0x0000015cc6adeb20,
0x0000015cc6adc3c0, 0x0000015cc6ae0560, 0x0000015cc6adf840, 0x0000015cc6ae1fa0,
0x0000015cc6adfed0, 0x0000015cc6adf1b0, 0x0000015cc6ae0bf0, 0x0000015cc6ae1280,
0x0000015cc835b2b0, 0x0000015cc835c660, 0x0000015cc835ac20, 0x0000015cc83591e0,
0x0000015cc835b940, 0x0000015cc835ccf0, 0x0000015cc8359870, 0x0000015cc835d380,
0x0000015cc8359f00, 0x0000015cc835a590, 0x0000015cc8360800, 0x0000015cc8360170,
0x0000015cc835e0a0, 0x0000015cc835e730, 0x0000015cc835edc0, 0x0000015cc835f450,
0x0000015cc835fae0, 0x0000015cff669250, 0x0000015cffc9bc60, 0x0000015cffc9d010,
0x0000015cffc9a220, 0x0000015cffc9d6a0, 0x0000015cff669920
}

Java Threads: ( => current thread )
  0x0000015ce6a79360 JavaThread "main"                              [_thread_blocked, id=20876, stack(0x00000057ddf00000,0x00000057de000000) (1024K)]
  0x0000015cff326550 JavaThread "Reference Handler"          daemon [_thread_blocked, id=20892, stack(0x00000057de300000,0x00000057de400000) (1024K)]
  0x0000015cff3271b0 JavaThread "Finalizer"                  daemon [_thread_blocked, id=20896, stack(0x00000057de400000,0x00000057de500000) (1024K)]
  0x0000015cff329700 JavaThread "Signal Dispatcher"          daemon [_thread_blocked, id=20900, stack(0x00000057de500000,0x00000057de600000) (1024K)]
  0x0000015cff32ac30 JavaThread "Attach Listener"            daemon [_thread_blocked, id=20904, stack(0x00000057de600000,0x00000057de700000) (1024K)]
  0x0000015cff331260 JavaThread "Service Thread"             daemon [_thread_blocked, id=20908, stack(0x00000057de700000,0x00000057de800000) (1024K)]
  0x0000015cff335a60 JavaThread "Monitor Deflation Thread"   daemon [_thread_blocked, id=20912, stack(0x00000057de800000,0x00000057de900000) (1024K)]
  0x0000015cff337480 JavaThread "C2 CompilerThread0"         daemon [_thread_in_native, id=20916, stack(0x00000057de900000,0x00000057dea00000) (1024K)]
  0x0000015cff34a060 JavaThread "C1 CompilerThread0"         daemon [_thread_blocked, id=20920, stack(0x00000057dea00000,0x00000057deb00000) (1024K)]
  0x0000015cff576020 JavaThread "Common-Cleaner"             daemon [_thread_blocked, id=20928, stack(0x00000057deb00000,0x00000057dec00000) (1024K)]
  0x0000015cff673bb0 JavaThread "Notification Thread"        daemon [_thread_blocked, id=21004, stack(0x00000057ded00000,0x00000057dee00000) (1024K)]
  0x0000015cc5161960 JavaThread "Active Thread: Equinox Container: 74a3b573-a3ff-4659-b11b-f8a4f64887fb"        [_thread_blocked, id=21048, stack(0x00000057df500000,0x00000057df600000) (1024K)]
  0x0000015cffdd2650 JavaThread "Refresh Thread: Equinox Container: 74a3b573-a3ff-4659-b11b-f8a4f64887fb" daemon [_thread_blocked, id=21056, stack(0x00000057df600000,0x00000057df700000) (1024K)]
  0x0000015cffe9f3d0 JavaThread "Framework Event Dispatcher: Equinox Container: 74a3b573-a3ff-4659-b11b-f8a4f64887fb" daemon [_thread_blocked, id=21072, stack(0x00000057df800000,0x00000057df900000) (1024K)]
  0x0000015cffea1a50 JavaThread "Start Level: Equinox Container: 74a3b573-a3ff-4659-b11b-f8a4f64887fb" daemon [_thread_blocked, id=21076, stack(0x00000057df900000,0x00000057dfa00000) (1024K)]
  0x0000015cc5781580 JavaThread "Bundle File Closer"         daemon [_thread_blocked, id=21104, stack(0x00000057dfc00000,0x00000057dfd00000) (1024K)]
  0x0000015cc54cefa0 JavaThread "SCR Component Actor"        daemon [_thread_blocked, id=21108, stack(0x00000057dfd00000,0x00000057dfe00000) (1024K)]
  0x0000015cc5503170 JavaThread "Worker-JM"                         [_thread_blocked, id=21120, stack(0x00000057dfe00000,0x00000057dff00000) (1024K)]
  0x0000015cc599ed30 JavaThread "JNA Cleaner"                daemon [_thread_blocked, id=21128, stack(0x00000057dff00000,0x00000057e0000000) (1024K)]
  0x0000015cc599c5d0 JavaThread "Worker-0"                          [_thread_blocked, id=21132, stack(0x00000057e0000000,0x00000057e0100000) (1024K)]
  0x0000015cc599d980 JavaThread "Worker-1"                          [_thread_blocked, id=21136, stack(0x00000057e0100000,0x00000057e0200000) (1024K)]
  0x0000015cc599cc60 JavaThread "Worker-2"                          [_thread_blocked, id=21140, stack(0x00000057e0200000,0x00000057e0300000) (1024K)]
  0x0000015cc599d2f0 JavaThread "Worker-3"                          [_thread_blocked, id=21216, stack(0x00000057e0300000,0x00000057e0400000) (1024K)]
  0x0000015cc599e010 JavaThread "Java indexing"              daemon [_thread_blocked, id=21304, stack(0x00000057e0400000,0x00000057e0500000) (1024K)]
  0x0000015cc599e6a0 JavaThread "Worker-4"                          [_thread_blocked, id=21308, stack(0x00000057e0500000,0x00000057e0600000) (1024K)]
  0x0000015cc599bf40 JavaThread "Worker-5"                          [_thread_blocked, id=21388, stack(0x00000057e0800000,0x00000057e0900000) (1024K)]
  0x0000015cc6adde00 JavaThread "Worker-6: Building"                [_thread_in_native, id=21396, stack(0x00000057e0900000,0x00000057e0a00000) (1024K)]
  0x0000015cc6adb6a0 JavaThread "Worker-7"                          [_thread_blocked, id=21400, stack(0x00000057e0a00000,0x00000057e0b00000) (1024K)]
  0x0000015cc6add770 JavaThread "Thread-1"                   daemon [_thread_in_native, id=21424, stack(0x00000057e0b00000,0x00000057e0c00000) (1024K)]
  0x0000015cc6ada980 JavaThread "Thread-2"                   daemon [_thread_in_native, id=21428, stack(0x00000057e0c00000,0x00000057e0d00000) (1024K)]
  0x0000015cc6adbd30 JavaThread "Thread-3"                   daemon [_thread_in_native, id=21432, stack(0x00000057e0d00000,0x00000057e0e00000) (1024K)]
  0x0000015cc6adca50 JavaThread "Thread-4"                   daemon [_thread_in_native, id=21436, stack(0x00000057e0e00000,0x00000057e0f00000) (1024K)]
  0x0000015cc6add0e0 JavaThread "Thread-5"                   daemon [_thread_in_native, id=21440, stack(0x00000057e0f00000,0x00000057e1000000) (1024K)]
  0x0000015cc6ade490 JavaThread "Thread-6"                   daemon [_thread_in_native, id=21444, stack(0x00000057e1000000,0x00000057e1100000) (1024K)]
  0x0000015cc6adb010 JavaThread "Thread-7"                   daemon [_thread_in_native, id=21448, stack(0x00000057e1100000,0x00000057e1200000) (1024K)]
  0x0000015cc6adeb20 JavaThread "Thread-8"                   daemon [_thread_in_native, id=21452, stack(0x00000057e1200000,0x00000057e1300000) (1024K)]
  0x0000015cc6adc3c0 JavaThread "Thread-9"                   daemon [_thread_in_native, id=21456, stack(0x00000057e1300000,0x00000057e1400000) (1024K)]
  0x0000015cc6ae0560 JavaThread "Thread-10"                  daemon [_thread_in_native, id=21460, stack(0x00000057e1400000,0x00000057e1500000) (1024K)]
  0x0000015cc6adf840 JavaThread "Thread-11"                  daemon [_thread_in_native, id=21464, stack(0x00000057e1500000,0x00000057e1600000) (1024K)]
  0x0000015cc6ae1fa0 JavaThread "Thread-12"                  daemon [_thread_in_native, id=21468, stack(0x00000057e1600000,0x00000057e1700000) (1024K)]
  0x0000015cc6adfed0 JavaThread "Thread-13"                  daemon [_thread_in_native, id=21472, stack(0x00000057e1700000,0x00000057e1800000) (1024K)]
  0x0000015cc6adf1b0 JavaThread "pool-2-thread-1"                   [_thread_blocked, id=21492, stack(0x00000057e1800000,0x00000057e1900000) (1024K)]
  0x0000015cc6ae0bf0 JavaThread "WorkspaceEventsHandler"            [_thread_blocked, id=13380, stack(0x00000057e1900000,0x00000057e1a00000) (1024K)]
  0x0000015cc6ae1280 JavaThread "pool-1-thread-1"                   [_thread_blocked, id=20416, stack(0x00000057e1a00000,0x00000057e1b00000) (1024K)]
  0x0000015cc835b2b0 JavaThread "LocalFile Deleter"          daemon [_thread_blocked, id=20620, stack(0x00000057e1b00000,0x00000057e1c00000) (1024K)]
  0x0000015cc835c660 JavaThread "LocalFile Deleter"          daemon [_thread_blocked, id=8936, stack(0x00000057e1c00000,0x00000057e1d00000) (1024K)]
  0x0000015cc835ac20 JavaThread "LocalFile Deleter"          daemon [_thread_blocked, id=14572, stack(0x00000057e1d00000,0x00000057e1e00000) (1024K)]
  0x0000015cc83591e0 JavaThread "LocalFile Deleter"          daemon [_thread_blocked, id=20696, stack(0x00000057e1e00000,0x00000057e1f00000) (1024K)]
  0x0000015cc835b940 JavaThread "Compiler Source File Reader" daemon [_thread_blocked, id=11664, stack(0x00000057e1f00000,0x00000057e2000000) (1024K)]
  0x0000015cc835ccf0 JavaThread "Compiler Processing Task"   daemon [_thread_blocked, id=20812, stack(0x00000057dec00000,0x00000057ded00000) (1024K)]
  0x0000015cc8359870 JavaThread "Compiler Class File Writer" daemon [_thread_blocked, id=20816, stack(0x00000057dee00000,0x00000057def00000) (1024K)]
  0x0000015cc835d380 JavaThread "Compiler Source File Reader" daemon [_thread_blocked, id=20804, stack(0x00000057e2000000,0x00000057e2100000) (1024K)]
  0x0000015cc8359f00 JavaThread "Compiler Class File Writer" daemon [_thread_blocked, id=20820, stack(0x00000057e2100000,0x00000057e2200000) (1024K)]
  0x0000015cc835a590 JavaThread "Compiler Source File Reader" daemon [_thread_blocked, id=17736, stack(0x00000057e2400000,0x00000057e2500000) (1024K)]
  0x0000015cc8360800 JavaThread "Compiler Class File Writer" daemon [_thread_blocked, id=12516, stack(0x00000057e2300000,0x00000057e2400000) (1024K)]
  0x0000015cc8360170 JavaThread "Compiler Source File Reader" daemon [_thread_blocked, id=2320, stack(0x00000057e2500000,0x00000057e2600000) (1024K)]
  0x0000015cc835e0a0 JavaThread "Compiler Class File Writer" daemon [_thread_blocked, id=6992, stack(0x00000057e2600000,0x00000057e2700000) (1024K)]
  0x0000015cc835e730 JavaThread "LocalFile Deleter"          daemon [_thread_blocked, id=21260, stack(0x00000057e2700000,0x00000057e2800000) (1024K)]
  0x0000015cc835edc0 JavaThread "LocalFile Deleter"          daemon [_thread_blocked, id=21264, stack(0x00000057e2800000,0x00000057e2900000) (1024K)]
  0x0000015cc835f450 JavaThread "Compiler Source File Reader" daemon [_thread_blocked, id=21268, stack(0x00000057e2900000,0x00000057e2a00000) (1024K)]
  0x0000015cc835fae0 JavaThread "Compiler Source File Reader" daemon [_thread_blocked, id=21272, stack(0x00000057e2a00000,0x00000057e2b00000) (1024K)]
  0x0000015cff669250 JavaThread "C2 CompilerThread1"         daemon [_thread_in_native, id=21236, stack(0x00000057e2200000,0x00000057e2300000) (1024K)]
  0x0000015cffc9bc60 JavaThread "Compiler Class File Writer" daemon [_thread_blocked, id=21232, stack(0x00000057e2b00000,0x00000057e2c00000) (1024K)]
  0x0000015cffc9d010 JavaThread "Compiler Class File Writer" daemon [_thread_blocked, id=21228, stack(0x00000057e2c00000,0x00000057e2d00000) (1024K)]
  0x0000015cffc9a220 JavaThread "Compiler Source File Reader" daemon [_thread_blocked, id=21316, stack(0x00000057e2d00000,0x00000057e2e00000) (1024K)]
  0x0000015cffc9d6a0 JavaThread "Compiler Class File Writer" daemon [_thread_blocked, id=20176, stack(0x00000057e2e00000,0x00000057e2f00000) (1024K)]
=>0x0000015cff669920 JavaThread "C2 CompilerThread2"         daemon [_thread_in_native, id=20664, stack(0x00000057e2f00000,0x00000057e3000000) (1024K)]
Total: 67

Other Threads:
  0x0000015ce6a14790 VMThread "VM Thread"                           [id=20888, stack(0x00000057de200000,0x00000057de300000) (1024K)]
  0x0000015ce690bb20 WatcherThread "VM Periodic Task Thread"        [id=20884, stack(0x00000057de100000,0x00000057de200000) (1024K)]
  0x0000015ce6a98b20 WorkerThread "GC Thread#0"                     [id=20880, stack(0x00000057de000000,0x00000057de100000) (1024K)]
  0x0000015cff737a10 WorkerThread "GC Thread#1"                     [id=21024, stack(0x00000057def00000,0x00000057df000000) (1024K)]
  0x0000015cc50be9e0 WorkerThread "GC Thread#2"                     [id=21028, stack(0x00000057df000000,0x00000057df100000) (1024K)]
  0x0000015cffbfe9d0 WorkerThread "GC Thread#3"                     [id=21032, stack(0x00000057df100000,0x00000057df200000) (1024K)]
  0x0000015cffbfed80 WorkerThread "GC Thread#4"                     [id=21036, stack(0x00000057df200000,0x00000057df300000) (1024K)]
  0x0000015cffbff130 WorkerThread "GC Thread#5"                     [id=21040, stack(0x00000057df300000,0x00000057df400000) (1024K)]
  0x0000015cc502fc80 WorkerThread "GC Thread#6"                     [id=21044, stack(0x00000057df400000,0x00000057df500000) (1024K)]
  0x0000015cc502f520 WorkerThread "GC Thread#7"                     [id=21060, stack(0x00000057df700000,0x00000057df800000) (1024K)]
  0x0000015cc502f8d0 WorkerThread "GC Thread#8"                     [id=21096, stack(0x00000057dfa00000,0x00000057dfb00000) (1024K)]
  0x0000015cc502e2b0 WorkerThread "GC Thread#9"                     [id=21100, stack(0x00000057dfb00000,0x00000057dfc00000) (1024K)]
Total: 12

Threads with active compile tasks:
C2 CompilerThread0  33920 11747       4       org.codehaus.plexus.util.xml.Xpp3Dom::mergeIntoXpp3Dom (518 bytes)
C2 CompilerThread1  33920 11750   !   4       org.apache.maven.model.Model::clone (502 bytes)
C2 CompilerThread2  33920 11682       4       org.eclipse.osgi.container.ModuleDatabase$Persistence::addMap (289 bytes)
Total: 3

VM state: not at safepoint (normal execution)

VM Mutex/Monitor currently owned by a thread: None

Heap address: 0x0000000080000000, size: 2048 MB, Compressed Oops mode: 32-bit

CDS archive(s) mapped at: [0x0000015c80000000-0x0000015c80ba0000-0x0000015c80ba0000), size 12189696, SharedBaseAddress: 0x0000015c80000000, ArchiveRelocationMode: 1.
Compressed class space mapped at: 0x0000015c81000000-0x0000015cc1000000, reserved size: 1073741824
Narrow klass base: 0x0000015c80000000, Narrow klass shift: 0, Narrow klass range: 0x100000000

GC Precious Log:
 CardTable entry size: 512
 CPUs: 12 total, 12 available
 Memory: 16024M
 Large Page Support: Disabled
 NUMA Support: Disabled
 Compressed Oops: Enabled (32-bit)
 Alignments: Space 512K, Generation 512K, Heap 2M
 Heap Min Capacity: 100M
 Heap Initial Capacity: 100M
 Heap Max Capacity: 2G
 Pre-touch: Disabled
 Parallel Workers: 10

Heap:
 PSYoungGen      total 5120K, used 382K [0x00000000d5580000, 0x00000000d5c00000, 0x0000000100000000)
  eden space 4608K, 2% used [0x00000000d5580000,0x00000000d5597ad8,0x00000000d5a00000)
  from space 512K, 56% used [0x00000000d5b80000,0x00000000d5bc8000,0x00000000d5c00000)
  to   space 512K, 0% used [0x00000000d5b00000,0x00000000d5b00000,0x00000000d5b80000)
 ParOldGen       total 79872K, used 79484K [0x0000000080000000, 0x0000000084e00000, 0x00000000d5580000)
  object space 79872K, 99% used [0x0000000080000000,0x0000000084d9f2f0,0x0000000084e00000)
 Metaspace       used 61279K, committed 62720K, reserved 1114112K
  class space    used 6468K, committed 7104K, reserved 1048576K

Card table byte_map: [0x0000015ce6420000,0x0000015ce6830000] _byte_map_base: 0x0000015ce6020000

Marking Bits: (ParMarkBitMap*) 0x00007ffd6d103450
 Begin Bits: [0x0000015cf8f30000, 0x0000015cfaf30000)
 End Bits:   [0x0000015cfaf30000, 0x0000015cfcf30000)

Polling page: 0x0000015ce48a0000

Metaspace:

Usage:
  Non-class:     53.53 MB used.
      Class:      6.32 MB used.
       Both:     59.84 MB used.

Virtual space:
  Non-class space:       64.00 MB reserved,      54.31 MB ( 85%) committed,  1 nodes.
      Class space:        1.00 GB reserved,       6.94 MB ( <1%) committed,  1 nodes.
             Both:        1.06 GB reserved,      61.25 MB (  6%) committed. 

Chunk freelists:
   Non-Class:  9.73 MB
       Class:  8.92 MB
        Both:  18.65 MB

MaxMetaspaceSize: unlimited
CompressedClassSpaceSize: 1.00 GB
Initial GC threshold: 21.00 MB
Current GC threshold: 97.31 MB
CDS: on
 - commit_granule_bytes: 65536.
 - commit_granule_words: 8192.
 - virtual_space_node_default_size: 8388608.
 - enlarge_chunks_in_place: 1.
 - use_allocation_guard: 0.


Internal statistics:

num_allocs_failed_limit: 9.
num_arena_births: 1164.
num_arena_deaths: 18.
num_vsnodes_births: 2.
num_vsnodes_deaths: 0.
num_space_committed: 980.
num_space_uncommitted: 0.
num_chunks_returned_to_freelist: 28.
num_chunks_taken_from_freelist: 4108.
num_chunk_merges: 15.
num_chunk_splits: 2494.
num_chunks_enlarged: 1342.
num_inconsistent_stats: 0.

CodeHeap 'non-profiled nmethods': size=120000Kb used=8625Kb max_used=8625Kb free=111374Kb
 bounds [0x0000015cf1750000, 0x0000015cf1fc0000, 0x0000015cf8c80000]
CodeHeap 'profiled nmethods': size=120000Kb used=25114Kb max_used=25114Kb free=94885Kb
 bounds [0x0000015ce9c80000, 0x0000015ceb510000, 0x0000015cf11b0000]
CodeHeap 'non-nmethods': size=5760Kb used=1415Kb max_used=1504Kb free=4344Kb
 bounds [0x0000015cf11b0000, 0x0000015cf1420000, 0x0000015cf1750000]
CodeCache: size=245760Kb, used=35154Kb, max_used=35243Kb, free=210603Kb
 total_blobs=11613, nmethods=10886, adapters=633, full_count=0
Compilation: enabled, stopped_count=0, restarted_count=0

Compilation events (20 events):
Event: 32.681 Thread 0x0000015cff34a060 nmethod 11741 0x0000015cf1fb7510 code [0x0000015cf1fb76a0, 0x0000015cf1fb7768]
Event: 32.681 Thread 0x0000015cff34a060 11742       1       org.apache.maven.artifact.repository.MavenArtifactRepository::getMirroredRepositories (5 bytes)
Event: 32.682 Thread 0x0000015cff34a060 nmethod 11742 0x0000015cf1fb7810 code [0x0000015cf1fb79a0, 0x0000015cf1fb7a68]
Event: 32.682 Thread 0x0000015cff34a060 11743       1       org.apache.maven.artifact.repository.MavenArtifactRepository::isBlocked (5 bytes)
Event: 32.682 Thread 0x0000015cff34a060 nmethod 11743 0x0000015cf1fb7b10 code [0x0000015cf1fb7ca0, 0x0000015cf1fb7d70]
Event: 32.682 Thread 0x0000015cff34a060 11736       3       org.apache.maven.model.building.DefaultModelBuilder$$Lambda/0x0000015c8168e4a0::accept (13 bytes)
Event: 32.682 Thread 0x0000015cff34a060 nmethod 11736 0x0000015ceb506590 code [0x0000015ceb506780, 0x0000015ceb506d10]
Event: 32.682 Thread 0x0000015cff34a060 11737       3       org.apache.maven.model.building.DefaultModelBuilder::lambda$interpolateModel$6 (27 bytes)
Event: 32.682 Thread 0x0000015cff34a060 nmethod 11737 0x0000015ceb506f10 code [0x0000015ceb507100, 0x0000015ceb5075f8]
Event: 32.683 Thread 0x0000015cff34a060 11745       1       org.apache.maven.lifecycle.Lifecycle::getId (5 bytes)
Event: 32.683 Thread 0x0000015cff34a060 nmethod 11745 0x0000015cf1fb7e10 code [0x0000015cf1fb7fa0, 0x0000015cf1fb8068]
Event: 32.692 Thread 0x0000015cff669250 nmethod 11731 0x0000015cf1fb8110 code [0x0000015cf1fb8420, 0x0000015cf1fb9488]
Event: 32.706 Thread 0x0000015cff669250 11746       4       org.apache.maven.model.RepositoryBase::setLocation (220 bytes)
Event: 32.708 Thread 0x0000015cff337480 11747       4       org.codehaus.plexus.util.xml.Xpp3Dom::mergeIntoXpp3Dom (518 bytes)
Event: 32.716 Thread 0x0000015cff669250 nmethod 11746 0x0000015cf1fba390 code [0x0000015cf1fba580, 0x0000015cf1fbad48]
Event: 32.734 Thread 0x0000015cff669250 11748       4       java.util.regex.Pattern::newSlice (181 bytes)
Event: 32.750 Thread 0x0000015cff669250 nmethod 11748 0x0000015cf1fbb090 code [0x0000015cf1fbb280, 0x0000015cf1fbb868]
Event: 32.759 Thread 0x0000015cff669250 11749       4       org.codehaus.plexus.util.xml.pull.MXParser::requireInput (105 bytes)
Event: 32.770 Thread 0x0000015cff669250 nmethod 11749 0x0000015cf1fbbb90 code [0x0000015cf1fbbda0, 0x0000015cf1fbc258]
Event: 32.770 Thread 0x0000015cff669250 11750   !   4       org.apache.maven.model.Model::clone (502 bytes)

GC Heap History (20 events):
Event: 30.743 GC heap after
{Heap after GC invocations=77 (full 3):
 PSYoungGen      total 4096K, used 224K [0x00000000d5580000, 0x00000000d5d80000, 0x0000000100000000)
  eden space 3584K, 0% used [0x00000000d5580000,0x00000000d5580000,0x00000000d5900000)
  from space 512K, 43% used [0x00000000d5d00000,0x00000000d5d38000,0x00000000d5d80000)
  to   space 512K, 0% used [0x00000000d5c80000,0x00000000d5c80000,0x00000000d5d00000)
 ParOldGen       total 74752K, used 74540K [0x0000000080000000, 0x0000000084900000, 0x00000000d5580000)
  object space 74752K, 99% used [0x0000000080000000,0x00000000848cb148,0x0000000084900000)
 Metaspace       used 61158K, committed 62592K, reserved 1114112K
  class space    used 6457K, committed 7104K, reserved 1048576K
}
Event: 30.796 GC heap before
{Heap before GC invocations=78 (full 3):
 PSYoungGen      total 4096K, used 3808K [0x00000000d5580000, 0x00000000d5d80000, 0x0000000100000000)
  eden space 3584K, 100% used [0x00000000d5580000,0x00000000d5900000,0x00000000d5900000)
  from space 512K, 43% used [0x00000000d5d00000,0x00000000d5d38000,0x00000000d5d80000)
  to   space 512K, 0% used [0x00000000d5c80000,0x00000000d5c80000,0x00000000d5d00000)
 ParOldGen       total 74752K, used 74540K [0x0000000080000000, 0x0000000084900000, 0x00000000d5580000)
  object space 74752K, 99% used [0x0000000080000000,0x00000000848cb148,0x0000000084900000)
 Metaspace       used 61176K, committed 62592K, reserved 1114112K
  class space    used 6462K, committed 7104K, reserved 1048576K
}
Event: 30.798 GC heap after
{Heap after GC invocations=78 (full 3):
 PSYoungGen      total 4096K, used 512K [0x00000000d5580000, 0x00000000d5d80000, 0x0000000100000000)
  eden space 3584K, 0% used [0x00000000d5580000,0x00000000d5580000,0x00000000d5900000)
  from space 512K, 100% used [0x00000000d5c80000,0x00000000d5d00000,0x00000000d5d00000)
  to   space 512K, 0% used [0x00000000d5d00000,0x00000000d5d00000,0x00000000d5d80000)
 ParOldGen       total 75264K, used 74768K [0x0000000080000000, 0x0000000084980000, 0x00000000d5580000)
  object space 75264K, 99% used [0x0000000080000000,0x0000000084904158,0x0000000084980000)
 Metaspace       used 61176K, committed 62592K, reserved 1114112K
  class space    used 6462K, committed 7104K, reserved 1048576K
}
Event: 30.881 GC heap before
{Heap before GC invocations=79 (full 3):
 PSYoungGen      total 4096K, used 4096K [0x00000000d5580000, 0x00000000d5d80000, 0x0000000100000000)
  eden space 3584K, 100% used [0x00000000d5580000,0x00000000d5900000,0x00000000d5900000)
  from space 512K, 100% used [0x00000000d5c80000,0x00000000d5d00000,0x00000000d5d00000)
  to   space 512K, 0% used [0x00000000d5d00000,0x00000000d5d00000,0x00000000d5d80000)
 ParOldGen       total 75264K, used 74768K [0x0000000080000000, 0x0000000084980000, 0x00000000d5580000)
  object space 75264K, 99% used [0x0000000080000000,0x0000000084904158,0x0000000084980000)
 Metaspace       used 61195K, committed 62656K, reserved 1114112K
  class space    used 6465K, committed 7104K, reserved 1048576K
}
Event: 30.886 GC heap after
{Heap after GC invocations=79 (full 3):
 PSYoungGen      total 4096K, used 512K [0x00000000d5580000, 0x00000000d5d80000, 0x0000000100000000)
  eden space 3584K, 0% used [0x00000000d5580000,0x00000000d5580000,0x00000000d5900000)
  from space 512K, 100% used [0x00000000d5d00000,0x00000000d5d80000,0x00000000d5d80000)
  to   space 2048K, 0% used [0x00000000d5980000,0x00000000d5980000,0x00000000d5b80000)
 ParOldGen       total 75776K, used 75744K [0x0000000080000000, 0x0000000084a00000, 0x00000000d5580000)
  object space 75776K, 99% used [0x0000000080000000,0x00000000849f8178,0x0000000084a00000)
 Metaspace       used 61195K, committed 62656K, reserved 1114112K
  class space    used 6465K, committed 7104K, reserved 1048576K
}
Event: 31.037 GC heap before
{Heap before GC invocations=80 (full 3):
 PSYoungGen      total 4096K, used 4096K [0x00000000d5580000, 0x00000000d5d80000, 0x0000000100000000)
  eden space 3584K, 100% used [0x00000000d5580000,0x00000000d5900000,0x00000000d5900000)
  from space 512K, 100% used [0x00000000d5d00000,0x00000000d5d80000,0x00000000d5d80000)
  to   space 2048K, 0% used [0x00000000d5980000,0x00000000d5980000,0x00000000d5b80000)
 ParOldGen       total 75776K, used 75744K [0x0000000080000000, 0x0000000084a00000, 0x00000000d5580000)
  object space 75776K, 99% used [0x0000000080000000,0x00000000849f8178,0x0000000084a00000)
 Metaspace       used 61219K, committed 62656K, reserved 1114112K
  class space    used 6465K, committed 7104K, reserved 1048576K
}
Event: 31.040 GC heap after
{Heap after GC invocations=80 (full 3):
 PSYoungGen      total 5632K, used 608K [0x00000000d5580000, 0x00000000d5d80000, 0x0000000100000000)
  eden space 3584K, 0% used [0x00000000d5580000,0x00000000d5580000,0x00000000d5900000)
  from space 2048K, 29% used [0x00000000d5980000,0x00000000d5a18000,0x00000000d5b80000)
  to   space 1024K, 0% used [0x00000000d5c80000,0x00000000d5c80000,0x00000000d5d80000)
 ParOldGen       total 76800K, used 76288K [0x0000000080000000, 0x0000000084b00000, 0x00000000d5580000)
  object space 76800K, 99% used [0x0000000080000000,0x0000000084a80178,0x0000000084b00000)
 Metaspace       used 61219K, committed 62656K, reserved 1114112K
  class space    used 6465K, committed 7104K, reserved 1048576K
}
Event: 31.176 GC heap before
{Heap before GC invocations=81 (full 3):
 PSYoungGen      total 5632K, used 4192K [0x00000000d5580000, 0x00000000d5d80000, 0x0000000100000000)
  eden space 3584K, 100% used [0x00000000d5580000,0x00000000d5900000,0x00000000d5900000)
  from space 2048K, 29% used [0x00000000d5980000,0x00000000d5a18000,0x00000000d5b80000)
  to   space 1024K, 0% used [0x00000000d5c80000,0x00000000d5c80000,0x00000000d5d80000)
 ParOldGen       total 76800K, used 76288K [0x0000000080000000, 0x0000000084b00000, 0x00000000d5580000)
  object space 76800K, 99% used [0x0000000080000000,0x0000000084a80178,0x0000000084b00000)
 Metaspace       used 61238K, committed 62656K, reserved 1114112K
  class space    used 6465K, committed 7104K, reserved 1048576K
}
Event: 31.180 GC heap after
{Heap after GC invocations=81 (full 3):
 PSYoungGen      total 4608K, used 976K [0x00000000d5580000, 0x00000000d5d80000, 0x0000000100000000)
  eden space 3584K, 0% used [0x00000000d5580000,0x00000000d5580000,0x00000000d5900000)
  from space 1024K, 95% used [0x00000000d5c80000,0x00000000d5d74030,0x00000000d5d80000)
  to   space 1536K, 0% used [0x00000000d5a80000,0x00000000d5a80000,0x00000000d5c00000)
 ParOldGen       total 76800K, used 76664K [0x0000000080000000, 0x0000000084b00000, 0x00000000d5580000)
  object space 76800K, 99% used [0x0000000080000000,0x0000000084ade198,0x0000000084b00000)
 Metaspace       used 61238K, committed 62656K, reserved 1114112K
  class space    used 6465K, committed 7104K, reserved 1048576K
}
Event: 32.324 GC heap before
{Heap before GC invocations=82 (full 3):
 PSYoungGen      total 4608K, used 4560K [0x00000000d5580000, 0x00000000d5d80000, 0x0000000100000000)
  eden space 3584K, 100% used [0x00000000d5580000,0x00000000d5900000,0x00000000d5900000)
  from space 1024K, 95% used [0x00000000d5c80000,0x00000000d5d74030,0x00000000d5d80000)
  to   space 1536K, 0% used [0x00000000d5a80000,0x00000000d5a80000,0x00000000d5c00000)
 ParOldGen       total 76800K, used 76664K [0x0000000080000000, 0x0000000084b00000, 0x00000000d5580000)
  object space 76800K, 99% used [0x0000000080000000,0x0000000084ade198,0x0000000084b00000)
 Metaspace       used 61254K, committed 62656K, reserved 1114112K
  class space    used 6465K, committed 7104K, reserved 1048576K
}
Event: 32.329 GC heap after
{Heap after GC invocations=82 (full 3):
 PSYoungGen      total 5120K, used 672K [0x00000000d5580000, 0x00000000d5d00000, 0x0000000100000000)
  eden space 3584K, 0% used [0x00000000d5580000,0x00000000d5580000,0x00000000d5900000)
  from space 1536K, 43% used [0x00000000d5a80000,0x00000000d5b28000,0x00000000d5c00000)
  to   space 1024K, 0% used [0x00000000d5c00000,0x00000000d5c00000,0x00000000d5d00000)
 ParOldGen       total 77312K, used 77136K [0x0000000080000000, 0x0000000084b80000, 0x00000000d5580000)
  object space 77312K, 99% used [0x0000000080000000,0x0000000084b541a8,0x0000000084b80000)
 Metaspace       used 61254K, committed 62656K, reserved 1114112K
  class space    used 6465K, committed 7104K, reserved 1048576K
}
Event: 32.504 GC heap before
{Heap before GC invocations=83 (full 3):
 PSYoungGen      total 5120K, used 4256K [0x00000000d5580000, 0x00000000d5d00000, 0x0000000100000000)
  eden space 3584K, 100% used [0x00000000d5580000,0x00000000d5900000,0x00000000d5900000)
  from space 1536K, 43% used [0x00000000d5a80000,0x00000000d5b28000,0x00000000d5c00000)
  to   space 1024K, 0% used [0x00000000d5c00000,0x00000000d5c00000,0x00000000d5d00000)
 ParOldGen       total 77312K, used 77136K [0x0000000080000000, 0x0000000084b80000, 0x00000000d5580000)
  object space 77312K, 99% used [0x0000000080000000,0x0000000084b541a8,0x0000000084b80000)
 Metaspace       used 61272K, committed 62656K, reserved 1114112K
  class space    used 6467K, committed 7104K, reserved 1048576K
}
Event: 32.506 GC heap after
{Heap after GC invocations=83 (full 3):
 PSYoungGen      total 4608K, used 544K [0x00000000d5580000, 0x00000000d5d00000, 0x0000000100000000)
  eden space 3584K, 0% used [0x00000000d5580000,0x00000000d5580000,0x00000000d5900000)
  from space 1024K, 53% used [0x00000000d5c00000,0x00000000d5c88000,0x00000000d5d00000)
  to   space 1024K, 0% used [0x00000000d5b00000,0x00000000d5b00000,0x00000000d5c00000)
 ParOldGen       total 77824K, used 77608K [0x0000000080000000, 0x0000000084c00000, 0x00000000d5580000)
  object space 77824K, 99% used [0x0000000080000000,0x0000000084bca1a8,0x0000000084c00000)
 Metaspace       used 61272K, committed 62656K, reserved 1114112K
  class space    used 6467K, committed 7104K, reserved 1048576K
}
Event: 32.594 GC heap before
{Heap before GC invocations=84 (full 3):
 PSYoungGen      total 4608K, used 4128K [0x00000000d5580000, 0x00000000d5d00000, 0x0000000100000000)
  eden space 3584K, 100% used [0x00000000d5580000,0x00000000d5900000,0x00000000d5900000)
  from space 1024K, 53% used [0x00000000d5c00000,0x00000000d5c88000,0x00000000d5d00000)
  to   space 1024K, 0% used [0x00000000d5b00000,0x00000000d5b00000,0x00000000d5c00000)
 ParOldGen       total 77824K, used 77608K [0x0000000080000000, 0x0000000084c00000, 0x00000000d5580000)
  object space 77824K, 99% used [0x0000000080000000,0x0000000084bca1a8,0x0000000084c00000)
 Metaspace       used 61272K, committed 62656K, reserved 1114112K
  class space    used 6467K, committed 7104K, reserved 1048576K
}
Event: 32.596 GC heap after
{Heap after GC invocations=84 (full 3):
 PSYoungGen      total 4096K, used 480K [0x00000000d5580000, 0x00000000d5c80000, 0x0000000100000000)
  eden space 3584K, 0% used [0x00000000d5580000,0x00000000d5580000,0x00000000d5900000)
  from space 512K, 93% used [0x00000000d5b00000,0x00000000d5b78000,0x00000000d5b80000)
  to   space 1024K, 0% used [0x00000000d5b80000,0x00000000d5b80000,0x00000000d5c80000)
 ParOldGen       total 78336K, used 78080K [0x0000000080000000, 0x0000000084c80000, 0x00000000d5580000)
  object space 78336K, 99% used [0x0000000080000000,0x0000000084c401b8,0x0000000084c80000)
 Metaspace       used 61272K, committed 62656K, reserved 1114112K
  class space    used 6467K, committed 7104K, reserved 1048576K
}
Event: 32.674 GC heap before
{Heap before GC invocations=85 (full 3):
 PSYoungGen      total 4096K, used 4064K [0x00000000d5580000, 0x00000000d5c80000, 0x0000000100000000)
  eden space 3584K, 100% used [0x00000000d5580000,0x00000000d5900000,0x00000000d5900000)
  from space 512K, 93% used [0x00000000d5b00000,0x00000000d5b78000,0x00000000d5b80000)
  to   space 1024K, 0% used [0x00000000d5b80000,0x00000000d5b80000,0x00000000d5c80000)
 ParOldGen       total 78336K, used 78080K [0x0000000080000000, 0x0000000084c80000, 0x00000000d5580000)
  object space 78336K, 99% used [0x0000000080000000,0x0000000084c401b8,0x0000000084c80000)
 Metaspace       used 61274K, committed 62720K, reserved 1114112K
  class space    used 6467K, committed 7104K, reserved 1048576K
}
Event: 32.677 GC heap after
{Heap after GC invocations=85 (full 3):
 PSYoungGen      total 4608K, used 720K [0x00000000d5580000, 0x00000000d5c80000, 0x0000000100000000)
  eden space 3584K, 0% used [0x00000000d5580000,0x00000000d5580000,0x00000000d5900000)
  from space 1024K, 70% used [0x00000000d5b80000,0x00000000d5c34010,0x00000000d5c80000)
  to   space 1024K, 0% used [0x00000000d5a80000,0x00000000d5a80000,0x00000000d5b80000)
 ParOldGen       total 78848K, used 78440K [0x0000000080000000, 0x0000000084d00000, 0x00000000d5580000)
  object space 78848K, 99% used [0x0000000080000000,0x0000000084c9a1b8,0x0000000084d00000)
 Metaspace       used 61274K, committed 62720K, reserved 1114112K
  class space    used 6467K, committed 7104K, reserved 1048576K
}
Event: 32.794 GC heap before
{Heap before GC invocations=86 (full 3):
 PSYoungGen      total 4608K, used 4304K [0x00000000d5580000, 0x00000000d5c80000, 0x0000000100000000)
  eden space 3584K, 100% used [0x00000000d5580000,0x00000000d5900000,0x00000000d5900000)
  from space 1024K, 70% used [0x00000000d5b80000,0x00000000d5c34010,0x00000000d5c80000)
  to   space 1024K, 0% used [0x00000000d5a80000,0x00000000d5a80000,0x00000000d5b80000)
 ParOldGen       total 78848K, used 78440K [0x0000000080000000, 0x0000000084d00000, 0x00000000d5580000)
  object space 78848K, 99% used [0x0000000080000000,0x0000000084c9a1b8,0x0000000084d00000)
 Metaspace       used 61277K, committed 62720K, reserved 1114112K
  class space    used 6467K, committed 7104K, reserved 1048576K
}
Event: 32.797 GC heap after
{Heap after GC invocations=86 (full 3):
 PSYoungGen      total 4608K, used 576K [0x00000000d5580000, 0x00000000d5c00000, 0x0000000100000000)
  eden space 3584K, 0% used [0x00000000d5580000,0x00000000d5580000,0x00000000d5900000)
  from space 1024K, 56% used [0x00000000d5a80000,0x00000000d5b10000,0x00000000d5b80000)
  to   space 512K, 0% used [0x00000000d5b80000,0x00000000d5b80000,0x00000000d5c00000)
 ParOldGen       total 79360K, used 79032K [0x0000000080000000, 0x0000000084d80000, 0x00000000d5580000)
  object space 79360K, 99% used [0x0000000080000000,0x0000000084d2e2e0,0x0000000084d80000)
 Metaspace       used 61277K, committed 62720K, reserved 1114112K
  class space    used 6467K, committed 7104K, reserved 1048576K
}
Event: 32.873 GC heap before
{Heap before GC invocations=87 (full 3):
 PSYoungGen      total 4608K, used 4160K [0x00000000d5580000, 0x00000000d5c00000, 0x0000000100000000)
  eden space 3584K, 100% used [0x00000000d5580000,0x00000000d5900000,0x00000000d5900000)
  from space 1024K, 56% used [0x00000000d5a80000,0x00000000d5b10000,0x00000000d5b80000)
  to   space 512K, 0% used [0x00000000d5b80000,0x00000000d5b80000,0x00000000d5c00000)
 ParOldGen       total 79360K, used 79032K [0x0000000080000000, 0x0000000084d80000, 0x00000000d5580000)
  object space 79360K, 99% used [0x0000000080000000,0x0000000084d2e2e0,0x0000000084d80000)
 Metaspace       used 61279K, committed 62720K, reserved 1114112K
  class space    used 6468K, committed 7104K, reserved 1048576K
}

Dll operation events (10 events):
Event: 0.013 Loaded shared library c:\Users\User\.vscode\extensions\redhat.java-1.53.0-win32-x64\jre\21.0.10-win32-x86_64\bin\java.dll
Event: 0.095 Loaded shared library c:\Users\User\.vscode\extensions\redhat.java-1.53.0-win32-x64\jre\21.0.10-win32-x86_64\bin\zip.dll
Event: 0.110 Loaded shared library C:\Users\User\.vscode\extensions\redhat.java-1.53.0-win32-x64\jre\21.0.10-win32-x86_64\bin\instrument.dll
Event: 0.113 Loaded shared library C:\Users\User\.vscode\extensions\redhat.java-1.53.0-win32-x64\jre\21.0.10-win32-x86_64\bin\net.dll
Event: 0.114 Loaded shared library C:\Users\User\.vscode\extensions\redhat.java-1.53.0-win32-x64\jre\21.0.10-win32-x86_64\bin\nio.dll
Event: 0.116 Loaded shared library C:\Users\User\.vscode\extensions\redhat.java-1.53.0-win32-x64\jre\21.0.10-win32-x86_64\bin\zip.dll
Event: 0.130 Loaded shared library C:\Users\User\.vscode\extensions\redhat.java-1.53.0-win32-x64\jre\21.0.10-win32-x86_64\bin\jimage.dll
Event: 0.200 Loaded shared library c:\Users\User\.vscode\extensions\redhat.java-1.53.0-win32-x64\jre\21.0.10-win32-x86_64\bin\verify.dll
Event: 1.091 Loaded shared library C:\Users\User\AppData\Roaming\Code\User\globalStorage\redhat.java\1.53.0\config_win\org.eclipse.equinox.launcher\org.eclipse.equinox.launcher.win32.win32.x86_64_1.3.0.v20260203-2149\eclipse_11919.dll
Event: 2.466 Loaded shared library C:\Users\User\AppData\Local\Temp\jna-2645995\jna12496934096825303674.dll

Deoptimization events (20 events):
Event: 31.087 Thread 0x0000015cc5161960 DEOPT PACKING pc=0x0000015cea3cec50 sp=0x00000057df5fe8e0
Event: 31.087 Thread 0x0000015cc5161960 DEOPT UNPACKING pc=0x0000015cf1204242 sp=0x00000057df5fde38 mode 0
Event: 31.090 Thread 0x0000015cc5161960 DEOPT PACKING pc=0x0000015cea3cec50 sp=0x00000057df5fe8e0
Event: 31.090 Thread 0x0000015cc5161960 DEOPT UNPACKING pc=0x0000015cf1204242 sp=0x00000057df5fde38 mode 0
Event: 31.091 Thread 0x0000015cc5161960 DEOPT PACKING pc=0x0000015cea3cec50 sp=0x00000057df5fe8e0
Event: 31.091 Thread 0x0000015cc5161960 DEOPT UNPACKING pc=0x0000015cf1204242 sp=0x00000057df5fde38 mode 0
Event: 31.091 Thread 0x0000015cc5161960 DEOPT PACKING pc=0x0000015cea3cec50 sp=0x00000057df5fe8e0
Event: 31.091 Thread 0x0000015cc5161960 DEOPT UNPACKING pc=0x0000015cf1204242 sp=0x00000057df5fde38 mode 0
Event: 31.092 Thread 0x0000015cc5161960 DEOPT PACKING pc=0x0000015cea3cec50 sp=0x00000057df5fe8e0
Event: 31.092 Thread 0x0000015cc5161960 DEOPT UNPACKING pc=0x0000015cf1204242 sp=0x00000057df5fde38 mode 0
Event: 31.093 Thread 0x0000015cc5161960 DEOPT PACKING pc=0x0000015cea3cec50 sp=0x00000057df5fe8e0
Event: 31.093 Thread 0x0000015cc5161960 DEOPT UNPACKING pc=0x0000015cf1204242 sp=0x00000057df5fde38 mode 0
Event: 31.094 Thread 0x0000015cc5161960 DEOPT PACKING pc=0x0000015cea3cec50 sp=0x00000057df5fe8e0
Event: 31.094 Thread 0x0000015cc5161960 DEOPT UNPACKING pc=0x0000015cf1204242 sp=0x00000057df5fde38 mode 0
Event: 31.096 Thread 0x0000015cc5161960 DEOPT PACKING pc=0x0000015cea3cec50 sp=0x00000057df5fe8e0
Event: 31.096 Thread 0x0000015cc5161960 DEOPT UNPACKING pc=0x0000015cf1204242 sp=0x00000057df5fde38 mode 0
Event: 31.096 Thread 0x0000015cc5161960 DEOPT PACKING pc=0x0000015cea3cec50 sp=0x00000057df5fe8e0
Event: 31.096 Thread 0x0000015cc5161960 DEOPT UNPACKING pc=0x0000015cf1204242 sp=0x00000057df5fde38 mode 0
Event: 31.097 Thread 0x0000015cc5161960 DEOPT PACKING pc=0x0000015cea3cec50 sp=0x00000057df5fe8e0
Event: 31.097 Thread 0x0000015cc5161960 DEOPT UNPACKING pc=0x0000015cf1204242 sp=0x00000057df5fde38 mode 0

Classes loaded (20 events):
Event: 22.956 Loading class java/util/stream/DistinctOps$1
Event: 22.956 Loading class java/util/stream/DistinctOps$1 done
Event: 22.958 Loading class java/util/stream/DistinctOps$1$2
Event: 22.958 Loading class java/util/stream/DistinctOps$1$2 done
Event: 22.965 Loading class java/util/Collections$2
Event: 22.965 Loading class java/util/Collections$2 done
Event: 23.860 Loading class java/io/CharArrayWriter
Event: 23.860 Loading class java/io/CharArrayWriter done
Event: 23.874 Loading class java/nio/file/attribute/PosixFileAttributes
Event: 23.874 Loading class java/nio/file/attribute/PosixFileAttributes done
Event: 30.312 Loading class jdk/internal/module/IllegalAccessLogger
Event: 30.312 Loading class jdk/internal/module/IllegalAccessLogger done
Event: 30.591 Loading class jdk/internal/module/IllegalAccessLogger
Event: 30.591 Loading class jdk/internal/module/IllegalAccessLogger done
Event: 32.342 Loading class sun/nio/cs/ISO_8859_1$Encoder
Event: 32.345 Loading class sun/nio/cs/ISO_8859_1$Encoder done
Event: 32.345 Loading class sun/nio/cs/Surrogate$Parser
Event: 32.346 Loading class sun/nio/cs/Surrogate$Parser done
Event: 32.347 Loading class sun/nio/cs/Surrogate
Event: 32.347 Loading class sun/nio/cs/Surrogate done

Classes unloaded (9 events):
Event: 2.906 Thread 0x0000015ce6a14790 Unloading class 0x0000015c811ab800 'java/lang/invoke/LambdaForm$MH+0x0000015c811ab800'
Event: 2.906 Thread 0x0000015ce6a14790 Unloading class 0x0000015c811ab400 'java/lang/invoke/LambdaForm$MH+0x0000015c811ab400'
Event: 2.906 Thread 0x0000015ce6a14790 Unloading class 0x0000015c811ab000 'java/lang/invoke/LambdaForm$MH+0x0000015c811ab000'
Event: 2.906 Thread 0x0000015ce6a14790 Unloading class 0x0000015c811aac00 'java/lang/invoke/LambdaForm$MH+0x0000015c811aac00'
Event: 2.906 Thread 0x0000015ce6a14790 Unloading class 0x0000015c811aa800 'java/lang/invoke/LambdaForm$BMH+0x0000015c811aa800'
Event: 2.906 Thread 0x0000015ce6a14790 Unloading class 0x0000015c811aa400 'java/lang/invoke/LambdaForm$DMH+0x0000015c811aa400'
Event: 2.906 Thread 0x0000015ce6a14790 Unloading class 0x0000015c811a9000 'java/lang/invoke/LambdaForm$DMH+0x0000015c811a9000'
Event: 24.080 Thread 0x0000015ce6a14790 Unloading class 0x0000015c8169cc00 'java/lang/invoke/LambdaForm$DMH+0x0000015c8169cc00'
Event: 24.080 Thread 0x0000015ce6a14790 Unloading class 0x0000015c8169c800 'java/lang/invoke/LambdaForm$DMH+0x0000015c8169c800'

Classes redefined (0 events):
No events

Internal exceptions (20 events):
Event: 24.228 Thread 0x0000015cc835c660 Exception <a 'sun/nio/fs/WindowsException'{0x00000000d560f5c8}> (0x00000000d560f5c8) 
thrown [s\src\hotspot\share\prims\jni.cpp, line 520]
Event: 24.579 Thread 0x0000015cc6adde00 Exception <a 'sun/nio/fs/WindowsException'{0x00000000d5e5ad00}> (0x00000000d5e5ad00) 
thrown [s\src\hotspot\share\prims\jni.cpp, line 520]
Event: 24.581 Thread 0x0000015cc835b2b0 Exception <a 'sun/nio/fs/WindowsException'{0x00000000d560e1c8}> (0x00000000d560e1c8) 
thrown [s\src\hotspot\share\prims\jni.cpp, line 520]
Event: 24.583 Thread 0x0000015cc835b2b0 Exception <a 'sun/nio/fs/WindowsException'{0x00000000d5f73e78}> (0x00000000d5f73e78) 
thrown [s\src\hotspot\share\prims\jni.cpp, line 520]
Event: 24.829 Thread 0x0000015cc6adde00 Exception <a 'sun/nio/fs/WindowsException'{0x00000000d5bad370}> (0x00000000d5bad370) 
thrown [s\src\hotspot\share\prims\jni.cpp, line 520]
Event: 24.830 Thread 0x0000015cc6adde00 Exception <a 'sun/nio/fs/WindowsException'{0x00000000d5bad9a0}> (0x00000000d5bad9a0) 
thrown [s\src\hotspot\share\prims\jni.cpp, line 520]
Event: 27.891 Thread 0x0000015cc835e730 Implicit null exception at 0x0000015cf1ee836c to 0x0000015cf1ee9098
Event: 27.898 Thread 0x0000015cc835edc0 Implicit null exception at 0x0000015cf1ee836c to 0x0000015cf1ee9098
Event: 27.905 Thread 0x0000015cc835fae0 Implicit null exception at 0x0000015cf1ee836c to 0x0000015cf1ee9098
Event: 27.907 Thread 0x0000015cc69ebad0 Implicit null exception at 0x0000015cf1ee836c to 0x0000015cf1ee9098
Event: 29.326 Thread 0x0000015cc6adde00 Exception <a 'java/lang/NoSuchMethodError'{0x00000000d5c824b0}: 'int java.lang.invoke.DirectMethodHandle$Holder.invokeStatic(java.lang.Object)'> (0x00000000d5c824b0) 
thrown [s\src\hotspot\share\interpreter\linkResolver.cpp, line 773]
Event: 29.563 Thread 0x0000015cc6adde00 Exception <a 'sun/nio/fs/WindowsException'{0x00000000d5617f28}> (0x00000000d5617f28) 
thrown [s\src\hotspot\share\prims\jni.cpp, line 520]
Event: 29.564 Thread 0x0000015cc835b2b0 Exception <a 'sun/nio/fs/WindowsException'{0x00000000d561e198}> (0x00000000d561e198) 
thrown [s\src\hotspot\share\prims\jni.cpp, line 520]
Event: 29.565 Thread 0x0000015cc835c660 Exception <a 'sun/nio/fs/WindowsException'{0x00000000d561f868}> (0x00000000d561f868) 
thrown [s\src\hotspot\share\prims\jni.cpp, line 520]
Event: 29.565 Thread 0x0000015cc835c660 Exception <a 'sun/nio/fs/WindowsException'{0x00000000d5620fd8}> (0x00000000d5620fd8) 
thrown [s\src\hotspot\share\prims\jni.cpp, line 520]
Event: 30.468 Thread 0x0000015cc6adde00 Exception <a 'sun/nio/fs/WindowsException'{0x00000000d5b20070}> (0x00000000d5b20070) 
thrown [s\src\hotspot\share\prims\jni.cpp, line 520]
Event: 30.469 Thread 0x0000015cc835c660 Exception <a 'sun/nio/fs/WindowsException'{0x00000000d5b330f0}> (0x00000000d5b330f0) 
thrown [s\src\hotspot\share\prims\jni.cpp, line 520]
Event: 30.469 Thread 0x0000015cc835b2b0 Exception <a 'sun/nio/fs/WindowsException'{0x00000000d5b346b0}> (0x00000000d5b346b0) 
thrown [s\src\hotspot\share\prims\jni.cpp, line 520]
Event: 30.649 Thread 0x0000015cc6adde00 Exception <a 'sun/nio/fs/WindowsException'{0x00000000d55e8198}> (0x00000000d55e8198) 
thrown [s\src\hotspot\share\prims\jni.cpp, line 520]
Event: 30.649 Thread 0x0000015cc6adde00 Exception <a 'sun/nio/fs/WindowsException'{0x00000000d55e87c8}> (0x00000000d55e87c8) 
thrown [s\src\hotspot\share\prims\jni.cpp, line 520]

ZGC Phase Switch (0 events):
No events

VM Operations (20 events):
Event: 30.743 Executing safepoint VM operation: ParallelGCFailedAllocation (Allocation Failure) done
Event: 30.795 Executing safepoint VM operation: ParallelGCFailedAllocation (Allocation Failure)
Event: 30.798 Executing safepoint VM operation: ParallelGCFailedAllocation (Allocation Failure) done
Event: 30.881 Executing safepoint VM operation: ParallelGCFailedAllocation (Allocation Failure)
Event: 30.886 Executing safepoint VM operation: ParallelGCFailedAllocation (Allocation Failure) done
Event: 31.037 Executing safepoint VM operation: ParallelGCFailedAllocation (Allocation Failure)
Event: 31.040 Executing safepoint VM operation: ParallelGCFailedAllocation (Allocation Failure) done
Event: 31.176 Executing safepoint VM operation: ParallelGCFailedAllocation (Allocation Failure)
Event: 31.180 Executing safepoint VM operation: ParallelGCFailedAllocation (Allocation Failure) done
Event: 31.330 Executing safepoint VM operation: ParallelGCFailedAllocation (Allocation Failure)
Event: 32.329 Executing safepoint VM operation: ParallelGCFailedAllocation (Allocation Failure) done
Event: 32.503 Executing safepoint VM operation: ParallelGCFailedAllocation (Allocation Failure)
Event: 32.506 Executing safepoint VM operation: ParallelGCFailedAllocation (Allocation Failure) done
Event: 32.594 Executing safepoint VM operation: ParallelGCFailedAllocation (Allocation Failure)
Event: 32.596 Executing safepoint VM operation: ParallelGCFailedAllocation (Allocation Failure) done
Event: 32.674 Executing safepoint VM operation: ParallelGCFailedAllocation (Allocation Failure)
Event: 32.677 Executing safepoint VM operation: ParallelGCFailedAllocation (Allocation Failure) done
Event: 32.794 Executing safepoint VM operation: ParallelGCFailedAllocation (Allocation Failure)
Event: 32.797 Executing safepoint VM operation: ParallelGCFailedAllocation (Allocation Failure) done
Event: 32.873 Executing safepoint VM operation: ParallelGCFailedAllocation (Allocation Failure)

Memory protections (0 events):
No events

Nmethod flushes (20 events):
Event: 24.109 Thread 0x0000015ce6a14790 flushing  nmethod 0x0000015cea598f10
Event: 24.109 Thread 0x0000015ce6a14790 flushing  nmethod 0x0000015cea599610
Event: 24.109 Thread 0x0000015ce6a14790 flushing  nmethod 0x0000015cea59be90
Event: 24.109 Thread 0x0000015ce6a14790 flushing  nmethod 0x0000015cea5aba90
Event: 24.109 Thread 0x0000015ce6a14790 flushing  nmethod 0x0000015cea5ad090
Event: 24.109 Thread 0x0000015ce6a14790 flushing  nmethod 0x0000015cea5ad510
Event: 24.109 Thread 0x0000015ce6a14790 flushing  nmethod 0x0000015cea5ae510
Event: 24.109 Thread 0x0000015ce6a14790 flushing  nmethod 0x0000015cea5b0110
Event: 24.109 Thread 0x0000015ce6a14790 flushing  nmethod 0x0000015cea5b0590
Event: 24.109 Thread 0x0000015ce6a14790 flushing  nmethod 0x0000015cea5b8610
Event: 24.109 Thread 0x0000015ce6a14790 flushing  nmethod 0x0000015cea5b8b90
Event: 24.109 Thread 0x0000015ce6a14790 flushing  nmethod 0x0000015cea5b9190
Event: 24.109 Thread 0x0000015ce6a14790 flushing  nmethod 0x0000015cea5b9590
Event: 24.109 Thread 0x0000015ce6a14790 flushing  nmethod 0x0000015cea5b9a10
Event: 24.109 Thread 0x0000015ce6a14790 flushing  nmethod 0x0000015cea5ba010
Event: 24.109 Thread 0x0000015ce6a14790 flushing  nmethod 0x0000015cea5db490
Event: 24.109 Thread 0x0000015ce6a14790 flushing  nmethod 0x0000015cea5dca90
Event: 24.109 Thread 0x0000015ce6a14790 flushing  nmethod 0x0000015cea5e4410
Event: 24.109 Thread 0x0000015ce6a14790 flushing  nmethod 0x0000015cea60d790
Event: 24.109 Thread 0x0000015ce6a14790 flushing  nmethod 0x0000015cea614510

Events (20 events):
Event: 28.952 Thread 0x0000015cc95a5100 Thread exited: 0x0000015cc95a5100
Event: 28.952 Thread 0x0000015cc835e730 Thread exited: 0x0000015cc835e730
Event: 28.952 Thread 0x0000015cc835fae0 Thread exited: 0x0000015cc835fae0
Event: 29.159 Thread 0x0000015cff34a060 Thread added: 0x0000015cff667040
Event: 29.384 Thread 0x0000015cff667040 Thread exited: 0x0000015cff667040
Event: 29.566 Thread 0x0000015cc835c660 Thread added: 0x0000015cc835e730
Event: 29.566 Thread 0x0000015cc835c660 Thread added: 0x0000015cc835edc0
Event: 29.594 Thread 0x0000015cc6adde00 Thread added: 0x0000015cc835f450
Event: 29.594 Thread 0x0000015cc6adde00 Thread added: 0x0000015cc835fae0
Event: 29.949 Thread 0x0000015cff34a060 Thread added: 0x0000015cff669250
Event: 30.147 Thread 0x0000015cff669250 Thread exited: 0x0000015cff669250
Event: 30.147 Thread 0x0000015cff667de0 Thread exited: 0x0000015cff667de0
Event: 30.341 Thread 0x0000015cff34a060 Thread added: 0x0000015cff669250
Event: 30.356 Thread 0x0000015cc6adde00 Thread added: 0x0000015cffc9bc60
Event: 30.370 Thread 0x0000015cc6adde00 Thread added: 0x0000015cffc9d010
Event: 30.483 Thread 0x0000015cc6adde00 Thread added: 0x0000015cffc9a220
Event: 30.594 Thread 0x0000015cc6adde00 Thread added: 0x0000015cffc9d6a0
Event: 30.611 Thread 0x0000015cff669250 Thread added: 0x0000015cff667040
Event: 30.972 Thread 0x0000015cff667040 Thread exited: 0x0000015cff667040
Event: 31.101 Thread 0x0000015cff34a060 Thread added: 0x0000015cff669920


Dynamic libraries:
0x00007ff7c32c0000 - 0x00007ff7c32ce000 	c:\Users\User\.vscode\extensions\redhat.java-1.53.0-win32-x64\jre\21.0.10-win32-x86_64\bin\java.exe
0x00007ffe1ee00000 - 0x00007ffe1f068000 	C:\WINDOWS\SYSTEM32\ntdll.dll
0x00007ffe1dd60000 - 0x00007ffe1de29000 	C:\WINDOWS\System32\KERNEL32.DLL
0x00007ffe1c7a0000 - 0x00007ffe1cb91000 	C:\WINDOWS\System32\KERNELBASE.dll
0x00007ffe1c440000 - 0x00007ffe1c58b000 	C:\WINDOWS\System32\ucrtbase.dll
0x00007ffdec660000 - 0x00007ffdec678000 	c:\Users\User\.vscode\extensions\redhat.java-1.53.0-win32-x64\jre\21.0.10-win32-x86_64\bin\jli.dll
0x00007ffde9320000 - 0x00007ffde933e000 	c:\Users\User\.vscode\extensions\redhat.java-1.53.0-win32-x64\jre\21.0.10-win32-x86_64\bin\VCRUNTIME140.dll
0x00007ffe1de30000 - 0x00007ffe1dff6000 	C:\WINDOWS\System32\USER32.dll
0x00007ffe1c2b0000 - 0x00007ffe1c2d7000 	C:\WINDOWS\System32\win32u.dll
0x00007ffdfa060000 - 0x00007ffdfa2f3000 	C:\WINDOWS\WinSxS\amd64_microsoft.windows.common-controls_6595b64144ccf1df_6.0.26100.7824_none_3e0870b2e3345462\COMCTL32.dll
0x00007ffe1e940000 - 0x00007ffe1e96b000 	C:\WINDOWS\System32\GDI32.dll
0x00007ffe1e970000 - 0x00007ffe1ea19000 	C:\WINDOWS\System32\msvcrt.dll
0x00007ffe1c010000 - 0x00007ffe1c13b000 	C:\WINDOWS\System32\gdi32full.dll
0x00007ffe1c2e0000 - 0x00007ffe1c383000 	C:\WINDOWS\System32\msvcp_win.dll
0x00007ffe1eb40000 - 0x00007ffe1eb71000 	C:\WINDOWS\System32\IMM32.DLL
0x00007ffe152d0000 - 0x00007ffe152dc000 	c:\Users\User\.vscode\extensions\redhat.java-1.53.0-win32-x64\jre\21.0.10-win32-x86_64\bin\vcruntime140_1.dll
0x00007ffdd2930000 - 0x00007ffdd29bd000 	c:\Users\User\.vscode\extensions\redhat.java-1.53.0-win32-x64\jre\21.0.10-win32-x86_64\bin\msvcp140.dll
0x00007ffd6c440000 - 0x00007ffd6d1e1000 	c:\Users\User\.vscode\extensions\redhat.java-1.53.0-win32-x64\jre\21.0.10-win32-x86_64\bin\server\jvm.dll
0x00007ffe1e4f0000 - 0x00007ffe1e5a4000 	C:\WINDOWS\System32\ADVAPI32.dll
0x00007ffe1dcb0000 - 0x00007ffe1dd56000 	C:\WINDOWS\System32\sechost.dll
0x00007ffe1e1f0000 - 0x00007ffe1e308000 	C:\WINDOWS\System32\RPCRT4.dll
0x00007ffe1e000000 - 0x00007ffe1e074000 	C:\WINDOWS\System32\WS2_32.dll
0x00007ffe1b540000 - 0x00007ffe1b59e000 	C:\WINDOWS\SYSTEM32\POWRPROF.dll
0x00007ffe0f070000 - 0x00007ffe0f0a5000 	C:\WINDOWS\SYSTEM32\WINMM.dll
0x00007ffe16300000 - 0x00007ffe1630b000 	C:\WINDOWS\SYSTEM32\VERSION.dll
0x00007ffe1b520000 - 0x00007ffe1b534000 	C:\WINDOWS\SYSTEM32\UMPDC.dll
0x00007ffe1a480000 - 0x00007ffe1a49b000 	C:\WINDOWS\SYSTEM32\kernel.appcore.dll
0x00007ffe11020000 - 0x00007ffe1102a000 	c:\Users\User\.vscode\extensions\redhat.java-1.53.0-win32-x64\jre\21.0.10-win32-x86_64\bin\jimage.dll
0x00007ffe19580000 - 0x00007ffe197c2000 	C:\WINDOWS\SYSTEM32\DBGHELP.DLL
0x00007ffe1e5b0000 - 0x00007ffe1e936000 	C:\WINDOWS\System32\combase.dll
0x00007ffe1cbb0000 - 0x00007ffe1cc87000 	C:\WINDOWS\System32\OLEAUT32.dll
0x00007ffdf8900000 - 0x00007ffdf893b000 	C:\WINDOWS\SYSTEM32\dbgcore.DLL
0x00007ffe1c390000 - 0x00007ffe1c435000 	C:\WINDOWS\System32\bcryptPrimitives.dll
0x00007ffe10bf0000 - 0x00007ffe10bff000 	c:\Users\User\.vscode\extensions\redhat.java-1.53.0-win32-x64\jre\21.0.10-win32-x86_64\bin\instrument.dll
0x00007ffde8b70000 - 0x00007ffde8b90000 	c:\Users\User\.vscode\extensions\redhat.java-1.53.0-win32-x64\jre\21.0.10-win32-x86_64\bin\java.dll
0x00007ffe1d140000 - 0x00007ffe1d892000 	C:\WINDOWS\System32\SHELL32.dll
0x00007ffe1c140000 - 0x00007ffe1c2aa000 	C:\WINDOWS\System32\wintypes.dll
0x00007ffe1b7a0000 - 0x00007ffe1c003000 	C:\WINDOWS\System32\windows.storage.dll
0x00007ffe1e080000 - 0x00007ffe1e176000 	C:\WINDOWS\System32\SHCORE.dll
0x00007ffe1e180000 - 0x00007ffe1e1e7000 	C:\WINDOWS\System32\shlwapi.dll
0x00007ffe1b600000 - 0x00007ffe1b629000 	C:\WINDOWS\SYSTEM32\profapi.dll
0x00007ffde7b80000 - 0x00007ffde7b98000 	c:\Users\User\.vscode\extensions\redhat.java-1.53.0-win32-x64\jre\21.0.10-win32-x86_64\bin\zip.dll
0x00007ffdfc6c0000 - 0x00007ffdfc6d0000 	C:\Users\User\.vscode\extensions\redhat.java-1.53.0-win32-x64\jre\21.0.10-win32-x86_64\bin\net.dll
0x00007ffe15d90000 - 0x00007ffe15eb7000 	C:\WINDOWS\SYSTEM32\WINHTTP.dll
0x00007ffe1a9f0000 - 0x00007ffe1aa5b000 	C:\WINDOWS\system32\mswsock.dll
0x00007ffde6fc0000 - 0x00007ffde6fd6000 	C:\Users\User\.vscode\extensions\redhat.java-1.53.0-win32-x64\jre\21.0.10-win32-x86_64\bin\nio.dll
0x00007ffdfc560000 - 0x00007ffdfc570000 	c:\Users\User\.vscode\extensions\redhat.java-1.53.0-win32-x64\jre\21.0.10-win32-x86_64\bin\verify.dll
0x00007ffdad0e0000 - 0x00007ffdad125000 	C:\Users\User\AppData\Roaming\Code\User\globalStorage\redhat.java\1.53.0\config_win\org.eclipse.equinox.launcher\org.eclipse.equinox.launcher.win32.win32.x86_64_1.3.0.v20260203-2149\eclipse_11919.dll
0x00007ffe1ec20000 - 0x00007ffe1edb7000 	C:\WINDOWS\System32\ole32.dll
0x00007ffe1acc0000 - 0x00007ffe1acdb000 	C:\WINDOWS\SYSTEM32\CRYPTSP.dll
0x00007ffe1a3e0000 - 0x00007ffe1a419000 	C:\WINDOWS\system32\rsaenh.dll
0x00007ffe1aaa0000 - 0x00007ffe1aacb000 	C:\WINDOWS\SYSTEM32\USERENV.dll
0x00007ffe1b5d0000 - 0x00007ffe1b5fa000 	C:\WINDOWS\SYSTEM32\bcrypt.dll
0x00007ffe1ace0000 - 0x00007ffe1acec000 	C:\WINDOWS\SYSTEM32\CRYPTBASE.dll
0x00007ffe19e80000 - 0x00007ffe19eb4000 	C:\WINDOWS\SYSTEM32\IPHLPAPI.DLL
0x00007ffe1d8d0000 - 0x00007ffe1d8da000 	C:\WINDOWS\System32\NSI.dll
0x00007ffde1be0000 - 0x00007ffde1c29000 	C:\Users\User\AppData\Local\Temp\jna-2645995\jna12496934096825303674.dll
0x00007ffe1cba0000 - 0x00007ffe1cba8000 	C:\WINDOWS\System32\PSAPI.DLL
0x00007ffe16340000 - 0x00007ffe1635e000 	C:\WINDOWS\SYSTEM32\dhcpcsvc6.DLL
0x00007ffe16310000 - 0x00007ffe16333000 	C:\WINDOWS\SYSTEM32\dhcpcsvc.DLL

JVMTI agents:
c:\Users\User\.vscode\extensions\redhat.java-1.53.0-win32-x64\lombok\lombok-1.18.39-4050.jar path:c:\Users\User\.vscode\extensions\redhat.java-1.53.0-win32-x64\jre\21.0.10-win32-x86_64\bin\instrument.dll, loaded, initialized, instrumentlib options:none

dbghelp: loaded successfully - version: 4.0.5 - missing functions: none
symbol engine: initialized successfully - sym options: 0x614 - pdb path: .;c:\Users\User\.vscode\extensions\redhat.java-1.53.0-win32-x64\jre\21.0.10-win32-x86_64\bin;C:\WINDOWS\SYSTEM32;C:\WINDOWS\WinSxS\amd64_microsoft.windows.common-controls_6595b64144ccf1df_6.0.26100.7824_none_3e0870b2e3345462;c:\Users\User\.vscode\extensions\redhat.java-1.53.0-win32-x64\jre\21.0.10-win32-x86_64\bin\server;C:\Users\User\AppData\Roaming\Code\User\globalStorage\redhat.java\1.53.0\config_win\org.eclipse.equinox.launcher\org.eclipse.equinox.launcher.win32.win32.x86_64_1.3.0.v20260203-2149;C:\Users\User\AppData\Local\Temp\jna-2645995

VM Arguments:
jvm_args: --add-modules=ALL-SYSTEM --add-opens=java.base/java.util=ALL-UNNAMED --add-opens=java.base/java.lang=ALL-UNNAMED --add-opens=java.base/sun.nio.fs=ALL-UNNAMED -Declipse.application=org.eclipse.jdt.ls.core.id1 -Dosgi.bundles.defaultStartLevel=4 -Declipse.product=org.eclipse.jdt.ls.core.product -Djava.import.generatesMetadataFilesAtProjectRoot=false -DDetectVMInstallationsJob.disabled=true -Dfile.encoding=utf8 -XX:+UseParallelGC -XX:GCTimeRatio=4 -XX:AdaptiveSizePolicyWeight=90 -Dsun.zip.disableMemoryMapping=true -Xmx2G -Xms100m -Xlog:disable -javaagent:c:\Users\User\.vscode\extensions\redhat.java-1.53.0-win32-x64\lombok\lombok-1.18.39-4050.jar -XX:+HeapDumpOnOutOfMemoryError -XX:HeapDumpPath=c:\Users\User\AppData\Roaming\Code\User\workspaceStorage\e3c046a9cf59a560a07a0698ab2c84d1\redhat.java -Daether.dependencyCollector.impl=bf 
java_command: c:\Users\User\.vscode\extensions\redhat.java-1.53.0-win32-x64\server\plugins\org.eclipse.equinox.launcher_1.7.100.v20251111-0406.jar -configuration c:\Users\User\AppData\Roaming\Code\User\globalStorage\redhat.java\1.53.0\config_win -data c:\Users\User\AppData\Roaming\Code\User\workspaceStorage\e3c046a9cf59a560a07a0698ab2c84d1\redhat.java\jdt_ws --pipe=\\.\pipe\lsp-29f8f29cbda22e42be1036e53ade29c9-sock
java_class_path (initial): c:\Users\User\.vscode\extensions\redhat.java-1.53.0-win32-x64\server\plugins\org.eclipse.equinox.launcher_1.7.100.v20251111-0406.jar
Launcher Type: SUN_STANDARD

[Global flags]
    uintx AdaptiveSizePolicyWeight                 = 90                                        {product} {command line}
     intx CICompilerCount                          = 4                                         {product} {ergonomic}
    uintx GCTimeRatio                              = 4                                         {product} {command line}
     bool HeapDumpOnOutOfMemoryError               = true                                   {manageable} {command line}
    ccstr HeapDumpPath                             = c:\Users\User\AppData\Roaming\Code\User\workspaceStorage\e3c046a9cf59a560a07a0698ab2c84d1\redhat.java         {manageable} {command line}
   size_t InitialHeapSize                          = 104857600                                 {product} {command line}
   size_t MaxHeapSize                              = 2147483648                                {product} {command line}
   size_t MaxNewSize                               = 715653120                                 {product} {ergonomic}
   size_t MinHeapDeltaBytes                        = 524288                                    {product} {ergonomic}
   size_t MinHeapSize                              = 104857600                                 {product} {command line}
   size_t NewSize                                  = 34603008                                  {product} {ergonomic}
    uintx NonNMethodCodeHeapSize                   = 5839372                                {pd product} {ergonomic}
    uintx NonProfiledCodeHeapSize                  = 122909434                              {pd product} {ergonomic}
   size_t OldSize                                  = 70254592                                  {product} {ergonomic}
    uintx ProfiledCodeHeapSize                     = 122909434                              {pd product} {ergonomic}
    uintx ReservedCodeCacheSize                    = 251658240                              {pd product} {ergonomic}
     bool SegmentedCodeCache                       = true                                      {product} {ergonomic}
   size_t SoftMaxHeapSize                          = 2147483648                             {manageable} {ergonomic}
     bool UseCompressedOops                        = true                           {product lp64_product} {ergonomic}
     bool UseLargePagesIndividualAllocation        = false                                  {pd product} {ergonomic}
     bool UseParallelGC                            = true                                      {product} {command line}

Logging:
Log output configuration:
 #0: stdout all=off uptime,level,tags foldmultilines=false
 #1: stderr all=off uptime,level,tags foldmultilines=false

Release file:
JAVA_VERSION="21.0.10" 
MODULES="java.base java.compiler java.datatransfer java.xml java.prefs java.desktop java.instrument java.logging java.management java.security.sasl java.naming java.rmi java.management.rmi java.net.http java.scripting java.security.jgss java.transaction.xa java.sql java.sql.rowset java.xml.crypto java.se java.smartcardio jdk.accessibility jdk.internal.jvmstat jdk.attach jdk.charsets jdk.internal.opt jdk.zipfs jdk.compiler jdk.crypto.ec jdk.crypto.cryptoki jdk.crypto.mscapi jdk.dynalink jdk.internal.ed jdk.editpad jdk.hotspot.agent jdk.httpserver jdk.internal.le jdk.internal.vm.ci jdk.internal.vm.compiler jdk.internal.vm.compiler.management jdk.jartool jdk.javadoc jdk.jcmd jdk.management jdk.management.agent jdk.jconsole jdk.jdeps jdk.jdwp.agent jdk.jdi jdk.jfr jdk.jshell jdk.jsobject jdk.jstatd jdk.localedata jdk.management.jfr jdk.naming.dns jdk.naming.rmi jdk.net jdk.nio.mapmode jdk.random jdk.sctp jdk.security.auth jdk.security.jgss jdk.unsupported jdk.unsupported.desktop jdk.xml.dom" 

Environment Variables:
PATH=C:\Users\User\AppData\Local\Programs\Microsoft VS Code;C:\Program Files\Common Files\Oracle\Java\javapath;C:\Python314\Scripts\;C:\Python314\;C:\WINDOWS\system32;C:\WINDOWS;C:\WINDOWS\System32\Wbem;C:\WINDOWS\System32\WindowsPowerShell\v1.0\;C:\WINDOWS\System32\OpenSSH\;C:\Program Files\nodejs\;C:\ProgramData\chocolatey\bin;C:\Program Files\MySQL\MySQL Server 8.0\bin;C:\Program Files\Git\cmd;C:\Users\User\.config\herd-lite\bin;C:\Program Files\MySQL\MySQL Shell 8.0\bin\;C:\Users\User\AppData\Local\Microsoft\WindowsApps;C:\Users\User\AppData\Roaming\npm;C:\Users\User\AppData\Local\Programs\Microsoft VS Code\bin;C:\Users\User\AppData\Local\GitHubDesktop\bin;C:\Users\User\AppData\Local\Google\Cloud SDK\google-cloud-sdk\bin
USERNAME=User
OS=Windows_NT
PROCESSOR_IDENTIFIER=Intel64 Family 6 Model 186 Stepping 2, GenuineIntel
TMP=C:\Users\User\AppData\Local\Temp
TEMP=C:\Users\User\AppData\Local\Temp




Periodic native trim disabled

---------------  S Y S T E M  ---------------

OS:
 Windows 11 , 64 bit Build 26100 (10.0.26100.7705)
OS uptime: 1 days 7:27 hours
Hyper-V role detected

CPU: total 12 (initial active 12) (6 cores per cpu, 2 threads per core) family 6 model 186 stepping 2 microcode 0x4122, cx8, cmov, fxsr, ht, mmx, 3dnowpref, sse, sse2, sse3, ssse3, sse4.1, sse4.2, popcnt, lzcnt, tsc, tscinvbit, avx, avx2, aes, erms, clmul, bmi1, bmi2, adx, sha, fma, vzeroupper, clflush, clflushopt, clwb, hv, serialize, rdtscp, rdpid, fsrm, f16c, cet_ibt, cet_ss
Processor Information for processor 0
  Max Mhz: 2100, Current Mhz: 2100, Mhz Limit: 2100
Processor Information for processor 1
  Max Mhz: 2100, Current Mhz: 2100, Mhz Limit: 2100
Processor Information for processor 2
  Max Mhz: 2100, Current Mhz: 2100, Mhz Limit: 2100
Processor Information for processor 3
  Max Mhz: 2100, Current Mhz: 2100, Mhz Limit: 2100
Processor Information for processor 4
  Max Mhz: 2100, Current Mhz: 2100, Mhz Limit: 2100
Processor Information for processor 5
  Max Mhz: 2100, Current Mhz: 2100, Mhz Limit: 2100
Processor Information for processor 6
  Max Mhz: 2100, Current Mhz: 2100, Mhz Limit: 2100
Processor Information for processor 7
  Max Mhz: 2100, Current Mhz: 2100, Mhz Limit: 2100
Processor Information for processor 8
  Max Mhz: 2100, Current Mhz: 2100, Mhz Limit: 2100
Processor Information for processor 9
  Max Mhz: 2100, Current Mhz: 2100, Mhz Limit: 2100
Processor Information for processor 10
  Max Mhz: 2100, Current Mhz: 1540, Mhz Limit: 2100
Processor Information for processor 11
  Max Mhz: 2100, Current Mhz: 2100, Mhz Limit: 2100

Memory: 4k page, system-wide physical 16024M (2453M free)
TotalPageFile size 20120M (AvailPageFile size 5M)
current process WorkingSet (physical memory assigned to process): 320M, peak: 321M
current process commit charge ("private bytes"): 397M, peak: 398M

vm_info: OpenJDK 64-Bit Server VM (21.0.10+7-LTS) for windows-amd64 JRE (21.0.10+7-LTS), built on 2026-01-20T00:00:00Z by "admin" with MS VC++ 17.12 (VS2022)

END.
